ARM GAS  C:\Users\oscar\AppData\Local\Temp\ccW0Eq6X.s 			page 1


   1              		.syntax unified
   2              		.cpu cortex-m3
   3              		.fpu softvfp
   4              		.eabi_attribute 20, 1
   5              		.eabi_attribute 21, 1
   6              		.eabi_attribute 23, 3
   7              		.eabi_attribute 24, 1
   8              		.eabi_attribute 25, 1
   9              		.eabi_attribute 26, 1
  10              		.eabi_attribute 30, 1
  11              		.eabi_attribute 34, 1
  12              		.eabi_attribute 18, 4
  13              		.thumb
  14              		.syntax unified
  15              		.file	"ADC.c"
  16              		.text
  17              	.Ltext0:
  18              		.cfi_sections	.debug_frame
  19              	.Letext0:
  20              		.file 1 "c:\\program files (x86)\\cypress\\psoc creator\\4.2\\psoc creator\\import\\gnu\\arm\\5.4.
  21              		.file 2 "c:\\program files (x86)\\cypress\\psoc creator\\4.2\\psoc creator\\import\\gnu\\arm\\5.4.
  22              		.file 3 "Generated_Source\\PSoC5/core_cm3.h"
  23              		.section	.debug_info,"",%progbits
  24              	.Ldebug_info0:
  25 0000 AA000000 		.4byte	0xaa
  26 0004 0400     		.2byte	0x4
  27 0006 00000000 		.4byte	.Ldebug_abbrev0
  28 000a 04       		.byte	0x4
  29 000b 01       		.uleb128 0x1
  30 000c 2E000000 		.4byte	.LASF16
  31 0010 0C       		.byte	0xc
  32 0011 75010000 		.4byte	.LASF17
  33 0015 BC000000 		.4byte	.LASF18
  34 0019 00000000 		.4byte	.Ldebug_line0
  35 001d 02       		.uleb128 0x2
  36 001e 01       		.byte	0x1
  37 001f 06       		.byte	0x6
  38 0020 93010000 		.4byte	.LASF0
  39 0024 02       		.uleb128 0x2
  40 0025 01       		.byte	0x1
  41 0026 08       		.byte	0x8
  42 0027 40010000 		.4byte	.LASF1
  43 002b 02       		.uleb128 0x2
  44 002c 02       		.byte	0x2
  45 002d 05       		.byte	0x5
  46 002e BB010000 		.4byte	.LASF2
  47 0032 02       		.uleb128 0x2
  48 0033 02       		.byte	0x2
  49 0034 07       		.byte	0x7
  50 0035 0E000000 		.4byte	.LASF3
  51 0039 03       		.uleb128 0x3
  52 003a AB010000 		.4byte	.LASF9
  53 003e 01       		.byte	0x1
  54 003f 3F       		.byte	0x3f
  55 0040 44000000 		.4byte	0x44
  56 0044 02       		.uleb128 0x2
  57 0045 04       		.byte	0x4
ARM GAS  C:\Users\oscar\AppData\Local\Temp\ccW0Eq6X.s 			page 2


  58 0046 05       		.byte	0x5
  59 0047 53010000 		.4byte	.LASF4
  60 004b 02       		.uleb128 0x2
  61 004c 04       		.byte	0x4
  62 004d 07       		.byte	0x7
  63 004e 5C010000 		.4byte	.LASF5
  64 0052 02       		.uleb128 0x2
  65 0053 08       		.byte	0x8
  66 0054 05       		.byte	0x5
  67 0055 00000000 		.4byte	.LASF6
  68 0059 02       		.uleb128 0x2
  69 005a 08       		.byte	0x8
  70 005b 07       		.byte	0x7
  71 005c 29010000 		.4byte	.LASF7
  72 0060 04       		.uleb128 0x4
  73 0061 04       		.byte	0x4
  74 0062 05       		.byte	0x5
  75 0063 696E7400 		.ascii	"int\000"
  76 0067 02       		.uleb128 0x2
  77 0068 04       		.byte	0x4
  78 0069 07       		.byte	0x7
  79 006a 21000000 		.4byte	.LASF8
  80 006e 03       		.uleb128 0x3
  81 006f C5010000 		.4byte	.LASF10
  82 0073 02       		.byte	0x2
  83 0074 2C       		.byte	0x2c
  84 0075 39000000 		.4byte	0x39
  85 0079 02       		.uleb128 0x2
  86 007a 04       		.byte	0x4
  87 007b 04       		.byte	0x4
  88 007c B5010000 		.4byte	.LASF11
  89 0080 02       		.uleb128 0x2
  90 0081 08       		.byte	0x8
  91 0082 04       		.byte	0x4
  92 0083 6E010000 		.4byte	.LASF12
  93 0087 02       		.uleb128 0x2
  94 0088 01       		.byte	0x1
  95 0089 08       		.byte	0x8
  96 008a 4E010000 		.4byte	.LASF13
  97 008e 02       		.uleb128 0x2
  98 008f 08       		.byte	0x8
  99 0090 04       		.byte	0x4
 100 0091 9F010000 		.4byte	.LASF14
 101 0095 02       		.uleb128 0x2
 102 0096 04       		.byte	0x4
 103 0097 07       		.byte	0x7
 104 0098 CD010000 		.4byte	.LASF15
 105 009c 05       		.uleb128 0x5
 106 009d 86010000 		.4byte	.LASF19
 107 00a1 03       		.byte	0x3
 108 00a2 1207     		.2byte	0x712
 109 00a4 A8000000 		.4byte	0xa8
 110 00a8 06       		.uleb128 0x6
 111 00a9 6E000000 		.4byte	0x6e
 112 00ad 00       		.byte	0
 113              		.section	.debug_abbrev,"",%progbits
 114              	.Ldebug_abbrev0:
ARM GAS  C:\Users\oscar\AppData\Local\Temp\ccW0Eq6X.s 			page 3


 115 0000 01       		.uleb128 0x1
 116 0001 11       		.uleb128 0x11
 117 0002 01       		.byte	0x1
 118 0003 25       		.uleb128 0x25
 119 0004 0E       		.uleb128 0xe
 120 0005 13       		.uleb128 0x13
 121 0006 0B       		.uleb128 0xb
 122 0007 03       		.uleb128 0x3
 123 0008 0E       		.uleb128 0xe
 124 0009 1B       		.uleb128 0x1b
 125 000a 0E       		.uleb128 0xe
 126 000b 10       		.uleb128 0x10
 127 000c 17       		.uleb128 0x17
 128 000d 00       		.byte	0
 129 000e 00       		.byte	0
 130 000f 02       		.uleb128 0x2
 131 0010 24       		.uleb128 0x24
 132 0011 00       		.byte	0
 133 0012 0B       		.uleb128 0xb
 134 0013 0B       		.uleb128 0xb
 135 0014 3E       		.uleb128 0x3e
 136 0015 0B       		.uleb128 0xb
 137 0016 03       		.uleb128 0x3
 138 0017 0E       		.uleb128 0xe
 139 0018 00       		.byte	0
 140 0019 00       		.byte	0
 141 001a 03       		.uleb128 0x3
 142 001b 16       		.uleb128 0x16
 143 001c 00       		.byte	0
 144 001d 03       		.uleb128 0x3
 145 001e 0E       		.uleb128 0xe
 146 001f 3A       		.uleb128 0x3a
 147 0020 0B       		.uleb128 0xb
 148 0021 3B       		.uleb128 0x3b
 149 0022 0B       		.uleb128 0xb
 150 0023 49       		.uleb128 0x49
 151 0024 13       		.uleb128 0x13
 152 0025 00       		.byte	0
 153 0026 00       		.byte	0
 154 0027 04       		.uleb128 0x4
 155 0028 24       		.uleb128 0x24
 156 0029 00       		.byte	0
 157 002a 0B       		.uleb128 0xb
 158 002b 0B       		.uleb128 0xb
 159 002c 3E       		.uleb128 0x3e
 160 002d 0B       		.uleb128 0xb
 161 002e 03       		.uleb128 0x3
 162 002f 08       		.uleb128 0x8
 163 0030 00       		.byte	0
 164 0031 00       		.byte	0
 165 0032 05       		.uleb128 0x5
 166 0033 34       		.uleb128 0x34
 167 0034 00       		.byte	0
 168 0035 03       		.uleb128 0x3
 169 0036 0E       		.uleb128 0xe
 170 0037 3A       		.uleb128 0x3a
 171 0038 0B       		.uleb128 0xb
ARM GAS  C:\Users\oscar\AppData\Local\Temp\ccW0Eq6X.s 			page 4


 172 0039 3B       		.uleb128 0x3b
 173 003a 05       		.uleb128 0x5
 174 003b 49       		.uleb128 0x49
 175 003c 13       		.uleb128 0x13
 176 003d 3F       		.uleb128 0x3f
 177 003e 19       		.uleb128 0x19
 178 003f 3C       		.uleb128 0x3c
 179 0040 19       		.uleb128 0x19
 180 0041 00       		.byte	0
 181 0042 00       		.byte	0
 182 0043 06       		.uleb128 0x6
 183 0044 35       		.uleb128 0x35
 184 0045 00       		.byte	0
 185 0046 49       		.uleb128 0x49
 186 0047 13       		.uleb128 0x13
 187 0048 00       		.byte	0
 188 0049 00       		.byte	0
 189 004a 00       		.byte	0
 190              		.section	.debug_aranges,"",%progbits
 191 0000 14000000 		.4byte	0x14
 192 0004 0200     		.2byte	0x2
 193 0006 00000000 		.4byte	.Ldebug_info0
 194 000a 04       		.byte	0x4
 195 000b 00       		.byte	0
 196 000c 0000     		.2byte	0
 197 000e 0000     		.2byte	0
 198 0010 00000000 		.4byte	0
 199 0014 00000000 		.4byte	0
 200              		.section	.debug_line,"",%progbits
 201              	.Ldebug_line0:
 202 0000 3B010000 		.section	.debug_str,"MS",%progbits,1
 202      02003501 
 202      00000201 
 202      FB0E0D00 
 202      01010101 
 203              	.LASF6:
 204 0000 6C6F6E67 		.ascii	"long long int\000"
 204      206C6F6E 
 204      6720696E 
 204      7400
 205              	.LASF3:
 206 000e 73686F72 		.ascii	"short unsigned int\000"
 206      7420756E 
 206      7369676E 
 206      65642069 
 206      6E7400
 207              	.LASF8:
 208 0021 756E7369 		.ascii	"unsigned int\000"
 208      676E6564 
 208      20696E74 
 208      00
 209              	.LASF16:
 210 002e 474E5520 		.ascii	"GNU C11 5.4.1 20160609 (release) [ARM/embedded-5-br"
 210      43313120 
 210      352E342E 
 210      31203230 
 210      31363036 
ARM GAS  C:\Users\oscar\AppData\Local\Temp\ccW0Eq6X.s 			page 5


 211 0061 616E6368 		.ascii	"anch revision 237715] -mcpu=cortex-m3 -mthumb -g -O"
 211      20726576 
 211      6973696F 
 211      6E203233 
 211      37373135 
 212 0094 67202D66 		.ascii	"g -ffunction-sections -ffat-lto-objects\000"
 212      66756E63 
 212      74696F6E 
 212      2D736563 
 212      74696F6E 
 213              	.LASF18:
 214 00bc 443A5C53 		.ascii	"D:\\Semester\\SecondSemester\\SDHD\\Code part\\c\\S"
 214      656D6573 
 214      7465725C 
 214      5365636F 
 214      6E645365 
 215 00e9 6F667477 		.ascii	"oftwareSDHD\\OAguilar_766468_SoftwareDevelopmentAss"
 215      61726553 
 215      4448445C 
 215      4F416775 
 215      696C6172 
 216 011b 69676E6D 		.ascii	"ignment.cydsn\000"
 216      656E742E 
 216      63796473 
 216      6E00
 217              	.LASF7:
 218 0129 6C6F6E67 		.ascii	"long long unsigned int\000"
 218      206C6F6E 
 218      6720756E 
 218      7369676E 
 218      65642069 
 219              	.LASF1:
 220 0140 756E7369 		.ascii	"unsigned char\000"
 220      676E6564 
 220      20636861 
 220      7200
 221              	.LASF13:
 222 014e 63686172 		.ascii	"char\000"
 222      00
 223              	.LASF4:
 224 0153 6C6F6E67 		.ascii	"long int\000"
 224      20696E74 
 224      00
 225              	.LASF5:
 226 015c 6C6F6E67 		.ascii	"long unsigned int\000"
 226      20756E73 
 226      69676E65 
 226      6420696E 
 226      7400
 227              	.LASF12:
 228 016e 646F7562 		.ascii	"double\000"
 228      6C6500
 229              	.LASF17:
 230 0175 736F7572 		.ascii	"source\\bsw\\ADC.c\000"
 230      63655C62 
 230      73775C41 
 230      44432E63 
ARM GAS  C:\Users\oscar\AppData\Local\Temp\ccW0Eq6X.s 			page 6


 230      00
 231              	.LASF19:
 232 0186 49544D5F 		.ascii	"ITM_RxBuffer\000"
 232      52784275 
 232      66666572 
 232      00
 233              	.LASF0:
 234 0193 7369676E 		.ascii	"signed char\000"
 234      65642063 
 234      68617200 
 235              	.LASF14:
 236 019f 6C6F6E67 		.ascii	"long double\000"
 236      20646F75 
 236      626C6500 
 237              	.LASF9:
 238 01ab 5F5F696E 		.ascii	"__int32_t\000"
 238      7433325F 
 238      7400
 239              	.LASF11:
 240 01b5 666C6F61 		.ascii	"float\000"
 240      7400
 241              	.LASF2:
 242 01bb 73686F72 		.ascii	"short int\000"
 242      7420696E 
 242      7400
 243              	.LASF10:
 244 01c5 696E7433 		.ascii	"int32_t\000"
 244      325F7400 
 245              	.LASF15:
 246 01cd 73697A65 		.ascii	"sizetype\000"
 246      74797065 
 246      00
 247              		.ident	"GCC: (GNU Tools for ARM Embedded Processors) 5.4.1 20160609 (release) [ARM/embedded-5-bran
