ARM GAS  C:\Users\oscar\AppData\Local\Temp\ccp8gt4B.s 			page 1


   1              		.syntax unified
   2              		.cpu cortex-m3
   3              		.fpu softvfp
   4              		.eabi_attribute 20, 1
   5              		.eabi_attribute 21, 1
   6              		.eabi_attribute 23, 3
   7              		.eabi_attribute 24, 1
   8              		.eabi_attribute 25, 1
   9              		.eabi_attribute 26, 1
  10              		.eabi_attribute 30, 1
  11              		.eabi_attribute 34, 1
  12              		.eabi_attribute 18, 4
  13              		.thumb
  14              		.syntax unified
  15              		.file	"cymetadata.c"
  16              		.text
  17              	.Ltext0:
  18              		.cfi_sections	.debug_frame
  19              		.global	cy_metadata
  20              		.global	cy_meta_flashprotect
  21              		.global	cy_meta_wonvl
  22              		.global	cy_meta_custnvl
  23              		.global	cy_meta_configecc
  24              		.section	.cyconfigecc,"a",%progbits
  25              		.align	2
  26              		.type	cy_meta_configecc, %object
  27              		.size	cy_meta_configecc, 1184
  28              	cy_meta_configecc:
  29 0000 02       		.byte	2
  30 0001 52       		.byte	82
  31 0002 00       		.byte	0
  32 0003 40       		.byte	64
  33 0004 01       		.byte	1
  34 0005 5A       		.byte	90
  35 0006 00       		.byte	0
  36 0007 40       		.byte	64
  37 0008 03       		.byte	3
  38 0009 64       		.byte	100
  39 000a 00       		.byte	0
  40 000b 40       		.byte	64
  41 000c 01       		.byte	1
  42 000d 01       		.byte	1
  43 000e 01       		.byte	1
  44 000f 40       		.byte	64
  45 0010 01       		.byte	1
  46 0011 05       		.byte	5
  47 0012 01       		.byte	1
  48 0013 40       		.byte	64
  49 0014 01       		.byte	1
  50 0015 07       		.byte	7
  51 0016 01       		.byte	1
  52 0017 40       		.byte	64
  53 0018 05       		.byte	5
  54 0019 09       		.byte	9
  55 001a 01       		.byte	1
  56 001b 40       		.byte	64
  57 001c 66       		.byte	102
ARM GAS  C:\Users\oscar\AppData\Local\Temp\ccp8gt4B.s 			page 2


  58 001d 0A       		.byte	10
  59 001e 01       		.byte	1
  60 001f 40       		.byte	64
  61 0020 42       		.byte	66
  62 0021 0B       		.byte	11
  63 0022 01       		.byte	1
  64 0023 40       		.byte	64
  65 0024 46       		.byte	70
  66 0025 0C       		.byte	12
  67 0026 01       		.byte	1
  68 0027 40       		.byte	64
  69 0028 3F       		.byte	63
  70 0029 0D       		.byte	13
  71 002a 01       		.byte	1
  72 002b 40       		.byte	64
  73 002c 4B       		.byte	75
  74 002d 0E       		.byte	14
  75 002e 01       		.byte	1
  76 002f 40       		.byte	64
  77 0030 34       		.byte	52
  78 0031 0F       		.byte	15
  79 0032 01       		.byte	1
  80 0033 40       		.byte	64
  81 0034 01       		.byte	1
  82 0035 15       		.byte	21
  83 0036 01       		.byte	1
  84 0037 40       		.byte	64
  85 0038 04       		.byte	4
  86 0039 18       		.byte	24
  87 003a 01       		.byte	1
  88 003b 40       		.byte	64
  89 003c 01       		.byte	1
  90 003d 19       		.byte	25
  91 003e 01       		.byte	1
  92 003f 40       		.byte	64
  93 0040 02       		.byte	2
  94 0041 1B       		.byte	27
  95 0042 01       		.byte	1
  96 0043 40       		.byte	64
  97 0044 08       		.byte	8
  98 0045 40       		.byte	64
  99 0046 01       		.byte	1
 100 0047 40       		.byte	64
 101 0048 05       		.byte	5
 102 0049 41       		.byte	65
 103 004a 01       		.byte	1
 104 004b 40       		.byte	64
 105 004c 04       		.byte	4
 106 004d 42       		.byte	66
 107 004e 01       		.byte	1
 108 004f 40       		.byte	64
 109 0050 03       		.byte	3
 110 0051 43       		.byte	67
 111 0052 01       		.byte	1
 112 0053 40       		.byte	64
 113 0054 02       		.byte	2
 114 0055 44       		.byte	68
ARM GAS  C:\Users\oscar\AppData\Local\Temp\ccp8gt4B.s 			page 3


 115 0056 01       		.byte	1
 116 0057 40       		.byte	64
 117 0058 07       		.byte	7
 118 0059 45       		.byte	69
 119 005a 01       		.byte	1
 120 005b 40       		.byte	64
 121 005c 07       		.byte	7
 122 005d 46       		.byte	70
 123 005e 01       		.byte	1
 124 005f 40       		.byte	64
 125 0060 05       		.byte	5
 126 0061 47       		.byte	71
 127 0062 01       		.byte	1
 128 0063 40       		.byte	64
 129 0064 05       		.byte	5
 130 0065 48       		.byte	72
 131 0066 01       		.byte	1
 132 0067 40       		.byte	64
 133 0068 02       		.byte	2
 134 0069 49       		.byte	73
 135 006a 01       		.byte	1
 136 006b 40       		.byte	64
 137 006c 03       		.byte	3
 138 006d 4C       		.byte	76
 139 006e 01       		.byte	1
 140 006f 40       		.byte	64
 141 0070 05       		.byte	5
 142 0071 4D       		.byte	77
 143 0072 01       		.byte	1
 144 0073 40       		.byte	64
 145 0074 03       		.byte	3
 146 0075 50       		.byte	80
 147 0076 01       		.byte	1
 148 0077 40       		.byte	64
 149 0078 02       		.byte	2
 150 0079 51       		.byte	81
 151 007a 01       		.byte	1
 152 007b 40       		.byte	64
 153 007c 11       		.byte	17
 154 007d 02       		.byte	2
 155 007e 14       		.byte	20
 156 007f 01       		.byte	1
 157 0080 9F       		.byte	-97
 158 0081 01       		.byte	1
 159 0082 8A       		.byte	-118
 160 0083 38       		.byte	56
 161 0084 8C       		.byte	-116
 162 0085 0F       		.byte	15
 163 0086 8F       		.byte	-113
 164 0087 72       		.byte	114
 165 0088 E6       		.byte	-26
 166 0089 01       		.byte	1
 167 008a E2       		.byte	-30
 168 008b 40       		.byte	64
 169 008c EE       		.byte	-18
 170 008d 08       		.byte	8
 171 008e AE       		.byte	-82
ARM GAS  C:\Users\oscar\AppData\Local\Temp\ccp8gt4B.s 			page 4


 172 008f 04       		.byte	4
 173 0090 AF       		.byte	-81
 174 0091 08       		.byte	8
 175 0092 B1       		.byte	-79
 176 0093 04       		.byte	4
 177 0094 B2       		.byte	-78
 178 0095 01       		.byte	1
 179 0096 EE       		.byte	-18
 180 0097 02       		.byte	2
 181 0098 06       		.byte	6
 182 0099 04       		.byte	4
 183 009a 0E       		.byte	14
 184 009b 08       		.byte	8
 185 009c 0F       		.byte	15
 186 009d 01       		.byte	1
 187 009e 12       		.byte	18
 188 009f 01       		.byte	1
 189 00a0 17       		.byte	23
 190 00a1 04       		.byte	4
 191 00a2 19       		.byte	25
 192 00a3 01       		.byte	1
 193 00a4 1A       		.byte	26
 194 00a5 01       		.byte	1
 195 00a6 1B       		.byte	27
 196 00a7 02       		.byte	2
 197 00a8 1E       		.byte	30
 198 00a9 02       		.byte	2
 199 00aa 26       		.byte	38
 200 00ab 08       		.byte	8
 201 00ac 2A       		.byte	42
 202 00ad 02       		.byte	2
 203 00ae 30       		.byte	48
 204 00af 02       		.byte	2
 205 00b0 33       		.byte	51
 206 00b1 01       		.byte	1
 207 00b2 34       		.byte	52
 208 00b3 01       		.byte	1
 209 00b4 35       		.byte	53
 210 00b5 04       		.byte	4
 211 00b6 36       		.byte	54
 212 00b7 0C       		.byte	12
 213 00b8 37       		.byte	55
 214 00b9 02       		.byte	2
 215 00ba 3E       		.byte	62
 216 00bb 51       		.byte	81
 217 00bc 40       		.byte	64
 218 00bd 54       		.byte	84
 219 00be 41       		.byte	65
 220 00bf 06       		.byte	6
 221 00c0 42       		.byte	66
 222 00c1 03       		.byte	3
 223 00c2 44       		.byte	68
 224 00c3 01       		.byte	1
 225 00c4 45       		.byte	69
 226 00c5 0E       		.byte	14
 227 00c6 47       		.byte	71
 228 00c7 0C       		.byte	12
ARM GAS  C:\Users\oscar\AppData\Local\Temp\ccp8gt4B.s 			page 5


 229 00c8 48       		.byte	72
 230 00c9 11       		.byte	17
 231 00ca 49       		.byte	73
 232 00cb FF       		.byte	-1
 233 00cc 4A       		.byte	74
 234 00cd FF       		.byte	-1
 235 00ce 4B       		.byte	75
 236 00cf FF       		.byte	-1
 237 00d0 4C       		.byte	76
 238 00d1 62       		.byte	98
 239 00d2 4D       		.byte	77
 240 00d3 A0       		.byte	-96
 241 00d4 4E       		.byte	78
 242 00d5 F0       		.byte	-16
 243 00d6 4F       		.byte	79
 244 00d7 41       		.byte	65
 245 00d8 50       		.byte	80
 246 00d9 0C       		.byte	12
 247 00da 54       		.byte	84
 248 00db 18       		.byte	24
 249 00dc 56       		.byte	86
 250 00dd 04       		.byte	4
 251 00de 58       		.byte	88
 252 00df 04       		.byte	4
 253 00e0 59       		.byte	89
 254 00e1 04       		.byte	4
 255 00e2 5A       		.byte	90
 256 00e3 04       		.byte	4
 257 00e4 5B       		.byte	91
 258 00e5 04       		.byte	4
 259 00e6 5C       		.byte	92
 260 00e7 30       		.byte	48
 261 00e8 5D       		.byte	93
 262 00e9 22       		.byte	34
 263 00ea 5F       		.byte	95
 264 00eb 01       		.byte	1
 265 00ec 66       		.byte	102
 266 00ed 40       		.byte	64
 267 00ee 67       		.byte	103
 268 00ef 02       		.byte	2
 269 00f0 69       		.byte	105
 270 00f1 10       		.byte	16
 271 00f2 6A       		.byte	106
 272 00f3 30       		.byte	48
 273 00f4 6B       		.byte	107
 274 00f5 10       		.byte	16
 275 00f6 6D       		.byte	109
 276 00f7 10       		.byte	16
 277 00f8 6E       		.byte	110
 278 00f9 10       		.byte	16
 279 00fa 6F       		.byte	111
 280 00fb 12       		.byte	18
 281 00fc 81       		.byte	-127
 282 00fd 80       		.byte	-128
 283 00fe 82       		.byte	-126
 284 00ff 03       		.byte	3
 285 0100 83       		.byte	-125
ARM GAS  C:\Users\oscar\AppData\Local\Temp\ccp8gt4B.s 			page 6


 286 0101 13       		.byte	19
 287 0102 84       		.byte	-124
 288 0103 0C       		.byte	12
 289 0104 86       		.byte	-122
 290 0105 71       		.byte	113
 291 0106 87       		.byte	-121
 292 0107 08       		.byte	8
 293 0108 88       		.byte	-120
 294 0109 10       		.byte	16
 295 010a 89       		.byte	-119
 296 010b 71       		.byte	113
 297 010c 8A       		.byte	-118
 298 010d 40       		.byte	64
 299 010e 8B       		.byte	-117
 300 010f 06       		.byte	6
 301 0110 8C       		.byte	-116
 302 0111 14       		.byte	20
 303 0112 93       		.byte	-109
 304 0113 0C       		.byte	12
 305 0114 94       		.byte	-108
 306 0115 10       		.byte	16
 307 0116 95       		.byte	-107
 308 0117 2C       		.byte	44
 309 0118 96       		.byte	-106
 310 0119 AC       		.byte	-84
 311 011a 97       		.byte	-105
 312 011b 43       		.byte	67
 313 011c 99       		.byte	-103
 314 011d 71       		.byte	113
 315 011e 9B       		.byte	-101
 316 011f 0E       		.byte	14
 317 0120 9E       		.byte	-98
 318 0121 20       		.byte	32
 319 0122 A0       		.byte	-96
 320 0123 09       		.byte	9
 321 0124 A2       		.byte	-94
 322 0125 D0       		.byte	-48
 323 0126 A4       		.byte	-92
 324 0127 DC       		.byte	-36
 325 0128 A6       		.byte	-90
 326 0129 22       		.byte	34
 327 012a B0       		.byte	-80
 328 012b 1F       		.byte	31
 329 012c B2       		.byte	-78
 330 012d E0       		.byte	-32
 331 012e B3       		.byte	-77
 332 012f 30       		.byte	48
 333 0130 B5       		.byte	-75
 334 0131 0F       		.byte	15
 335 0132 B7       		.byte	-73
 336 0133 C0       		.byte	-64
 337 0134 B9       		.byte	-71
 338 0135 88       		.byte	-120
 339 0136 BA       		.byte	-70
 340 0137 08       		.byte	8
 341 0138 BB       		.byte	-69
 342 0139 20       		.byte	32
ARM GAS  C:\Users\oscar\AppData\Local\Temp\ccp8gt4B.s 			page 7


 343 013a BF       		.byte	-65
 344 013b 04       		.byte	4
 345 013c C0       		.byte	-64
 346 013d 02       		.byte	2
 347 013e C7       		.byte	-57
 348 013f 04       		.byte	4
 349 0140 C9       		.byte	-55
 350 0141 FF       		.byte	-1
 351 0142 CA       		.byte	-54
 352 0143 07       		.byte	7
 353 0144 CB       		.byte	-53
 354 0145 FF       		.byte	-1
 355 0146 CC       		.byte	-52
 356 0147 40       		.byte	64
 357 0148 CD       		.byte	-51
 358 0149 20       		.byte	32
 359 014a CE       		.byte	-50
 360 014b F0       		.byte	-16
 361 014c CF       		.byte	-49
 362 014d 05       		.byte	5
 363 014e D0       		.byte	-48
 364 014f 08       		.byte	8
 365 0150 D8       		.byte	-40
 366 0151 04       		.byte	4
 367 0152 D9       		.byte	-39
 368 0153 04       		.byte	4
 369 0154 DA       		.byte	-38
 370 0155 04       		.byte	4
 371 0156 DC       		.byte	-36
 372 0157 22       		.byte	34
 373 0158 DD       		.byte	-35
 374 0159 02       		.byte	2
 375 015a DF       		.byte	-33
 376 015b 01       		.byte	1
 377 015c E0       		.byte	-32
 378 015d 40       		.byte	64
 379 015e E1       		.byte	-31
 380 015f A8       		.byte	-88
 381 0160 E2       		.byte	-30
 382 0161 40       		.byte	64
 383 0162 E3       		.byte	-29
 384 0163 20       		.byte	32
 385 0164 00       		.byte	0
 386 0165 08       		.byte	8
 387 0166 03       		.byte	3
 388 0167 01       		.byte	1
 389 0168 05       		.byte	5
 390 0169 05       		.byte	5
 391 016a 06       		.byte	6
 392 016b 05       		.byte	5
 393 016c 0A       		.byte	10
 394 016d 41       		.byte	65
 395 016e 0B       		.byte	11
 396 016f 04       		.byte	4
 397 0170 0E       		.byte	14
 398 0171 10       		.byte	16
 399 0172 0F       		.byte	15
ARM GAS  C:\Users\oscar\AppData\Local\Temp\ccp8gt4B.s 			page 8


 400 0173 01       		.byte	1
 401 0174 10       		.byte	16
 402 0175 18       		.byte	24
 403 0176 17       		.byte	23
 404 0177 0A       		.byte	10
 405 0178 18       		.byte	24
 406 0179 05       		.byte	5
 407 017a 1B       		.byte	27
 408 017b 01       		.byte	1
 409 017c 1C       		.byte	28
 410 017d 80       		.byte	-128
 411 017e 1D       		.byte	29
 412 017f 05       		.byte	5
 413 0180 1E       		.byte	30
 414 0181 20       		.byte	32
 415 0182 21       		.byte	33
 416 0183 60       		.byte	96
 417 0184 22       		.byte	34
 418 0185 04       		.byte	4
 419 0186 27       		.byte	39
 420 0187 2A       		.byte	42
 421 0188 31       		.byte	49
 422 0189 20       		.byte	32
 423 018a 33       		.byte	51
 424 018b 08       		.byte	8
 425 018c 36       		.byte	54
 426 018d 10       		.byte	16
 427 018e 37       		.byte	55
 428 018f 0A       		.byte	10
 429 0190 39       		.byte	57
 430 0191 80       		.byte	-128
 431 0192 3D       		.byte	61
 432 0193 02       		.byte	2
 433 0194 3E       		.byte	62
 434 0195 18       		.byte	24
 435 0196 3F       		.byte	63
 436 0197 01       		.byte	1
 437 0198 40       		.byte	64
 438 0199 01       		.byte	1
 439 019a 41       		.byte	65
 440 019b 04       		.byte	4
 441 019c 43       		.byte	67
 442 019d 02       		.byte	2
 443 019e 47       		.byte	71
 444 019f 20       		.byte	32
 445 01a0 4A       		.byte	74
 446 01a1 08       		.byte	8
 447 01a2 4B       		.byte	75
 448 01a3 44       		.byte	68
 449 01a4 50       		.byte	80
 450 01a5 08       		.byte	8
 451 01a6 55       		.byte	85
 452 01a7 01       		.byte	1
 453 01a8 56       		.byte	86
 454 01a9 0C       		.byte	12
 455 01aa 5A       		.byte	90
 456 01ab 02       		.byte	2
ARM GAS  C:\Users\oscar\AppData\Local\Temp\ccp8gt4B.s 			page 9


 457 01ac 60       		.byte	96
 458 01ad 44       		.byte	68
 459 01ae 63       		.byte	99
 460 01af 02       		.byte	2
 461 01b0 8C       		.byte	-116
 462 01b1 40       		.byte	64
 463 01b2 92       		.byte	-110
 464 01b3 53       		.byte	83
 465 01b4 93       		.byte	-109
 466 01b5 40       		.byte	64
 467 01b6 98       		.byte	-104
 468 01b7 10       		.byte	16
 469 01b8 9A       		.byte	-102
 470 01b9 01       		.byte	1
 471 01ba 9B       		.byte	-101
 472 01bb 01       		.byte	1
 473 01bc 9F       		.byte	-97
 474 01bd 0A       		.byte	10
 475 01be A0       		.byte	-96
 476 01bf 04       		.byte	4
 477 01c0 A2       		.byte	-94
 478 01c1 08       		.byte	8
 479 01c2 A3       		.byte	-93
 480 01c3 02       		.byte	2
 481 01c4 A4       		.byte	-92
 482 01c5 40       		.byte	64
 483 01c6 A5       		.byte	-91
 484 01c7 01       		.byte	1
 485 01c8 A6       		.byte	-90
 486 01c9 10       		.byte	16
 487 01ca A8       		.byte	-88
 488 01cb 01       		.byte	1
 489 01cc AA       		.byte	-86
 490 01cd 80       		.byte	-128
 491 01ce AB       		.byte	-85
 492 01cf 20       		.byte	32
 493 01d0 B0       		.byte	-80
 494 01d1 10       		.byte	16
 495 01d2 C0       		.byte	-64
 496 01d3 F5       		.byte	-11
 497 01d4 C2       		.byte	-62
 498 01d5 AB       		.byte	-85
 499 01d6 C4       		.byte	-60
 500 01d7 36       		.byte	54
 501 01d8 CC       		.byte	-52
 502 01d9 E6       		.byte	-26
 503 01da CE       		.byte	-50
 504 01db E8       		.byte	-24
 505 01dc D0       		.byte	-48
 506 01dd 2B       		.byte	43
 507 01de D2       		.byte	-46
 508 01df 0C       		.byte	12
 509 01e0 D6       		.byte	-42
 510 01e1 01       		.byte	1
 511 01e2 D8       		.byte	-40
 512 01e3 0D       		.byte	13
 513 01e4 E2       		.byte	-30
ARM GAS  C:\Users\oscar\AppData\Local\Temp\ccp8gt4B.s 			page 10


 514 01e5 40       		.byte	64
 515 01e6 EC       		.byte	-20
 516 01e7 04       		.byte	4
 517 01e8 00       		.byte	0
 518 01e9 03       		.byte	3
 519 01ea 02       		.byte	2
 520 01eb 04       		.byte	4
 521 01ec 04       		.byte	4
 522 01ed 03       		.byte	3
 523 01ee 05       		.byte	5
 524 01ef 08       		.byte	8
 525 01f0 06       		.byte	6
 526 01f1 0C       		.byte	12
 527 01f2 08       		.byte	8
 528 01f3 20       		.byte	32
 529 01f4 09       		.byte	9
 530 01f5 18       		.byte	24
 531 01f6 0A       		.byte	10
 532 01f7 C0       		.byte	-64
 533 01f8 0D       		.byte	13
 534 01f9 07       		.byte	7
 535 01fa 0E       		.byte	14
 536 01fb 08       		.byte	8
 537 01fc 0F       		.byte	15
 538 01fd 18       		.byte	24
 539 01fe 10       		.byte	16
 540 01ff 0A       		.byte	10
 541 0200 12       		.byte	18
 542 0201 04       		.byte	4
 543 0202 13       		.byte	19
 544 0203 04       		.byte	4
 545 0204 14       		.byte	20
 546 0205 03       		.byte	3
 547 0206 15       		.byte	21
 548 0207 1F       		.byte	31
 549 0208 16       		.byte	22
 550 0209 04       		.byte	4
 551 020a 18       		.byte	24
 552 020b 40       		.byte	64
 553 020c 19       		.byte	25
 554 020d 04       		.byte	4
 555 020e 1A       		.byte	26
 556 020f 20       		.byte	32
 557 0210 1B       		.byte	27
 558 0211 20       		.byte	32
 559 0212 1D       		.byte	29
 560 0213 1C       		.byte	28
 561 0214 1E       		.byte	30
 562 0215 05       		.byte	5
 563 0216 1F       		.byte	31
 564 0217 02       		.byte	2
 565 0218 20       		.byte	32
 566 0219 80       		.byte	-128
 567 021a 21       		.byte	33
 568 021b 10       		.byte	16
 569 021c 22       		.byte	34
 570 021d 20       		.byte	32
ARM GAS  C:\Users\oscar\AppData\Local\Temp\ccp8gt4B.s 			page 11


 571 021e 24       		.byte	36
 572 021f F0       		.byte	-16
 573 0220 25       		.byte	37
 574 0221 1C       		.byte	28
 575 0222 27       		.byte	39
 576 0223 01       		.byte	1
 577 0224 28       		.byte	40
 578 0225 F0       		.byte	-16
 579 0226 2C       		.byte	44
 580 0227 10       		.byte	16
 581 0228 2F       		.byte	47
 582 0229 03       		.byte	3
 583 022a 30       		.byte	48
 584 022b 10       		.byte	16
 585 022c 31       		.byte	49
 586 022d 20       		.byte	32
 587 022e 32       		.byte	50
 588 022f 0F       		.byte	15
 589 0230 34       		.byte	52
 590 0231 E0       		.byte	-32
 591 0232 37       		.byte	55
 592 0233 1F       		.byte	31
 593 0234 3A       		.byte	58
 594 0235 08       		.byte	8
 595 0236 3B       		.byte	59
 596 0237 88       		.byte	-120
 597 0238 54       		.byte	84
 598 0239 01       		.byte	1
 599 023a 56       		.byte	86
 600 023b 04       		.byte	4
 601 023c 58       		.byte	88
 602 023d 04       		.byte	4
 603 023e 59       		.byte	89
 604 023f 04       		.byte	4
 605 0240 5B       		.byte	91
 606 0241 04       		.byte	4
 607 0242 5C       		.byte	92
 608 0243 22       		.byte	34
 609 0244 5D       		.byte	93
 610 0245 20       		.byte	32
 611 0246 5F       		.byte	95
 612 0247 01       		.byte	1
 613 0248 82       		.byte	-126
 614 0249 01       		.byte	1
 615 024a 8B       		.byte	-117
 616 024b 03       		.byte	3
 617 024c 8C       		.byte	-116
 618 024d 02       		.byte	2
 619 024e 8D       		.byte	-115
 620 024f 03       		.byte	3
 621 0250 90       		.byte	-112
 622 0251 01       		.byte	1
 623 0252 91       		.byte	-111
 624 0253 02       		.byte	2
 625 0254 95       		.byte	-107
 626 0255 03       		.byte	3
 627 0256 96       		.byte	-106
ARM GAS  C:\Users\oscar\AppData\Local\Temp\ccp8gt4B.s 			page 12


 628 0257 01       		.byte	1
 629 0258 9F       		.byte	-97
 630 0259 03       		.byte	3
 631 025a A5       		.byte	-91
 632 025b 01       		.byte	1
 633 025c A8       		.byte	-88
 634 025d 01       		.byte	1
 635 025e A9       		.byte	-87
 636 025f 03       		.byte	3
 637 0260 AF       		.byte	-81
 638 0261 03       		.byte	3
 639 0262 B0       		.byte	-80
 640 0263 01       		.byte	1
 641 0264 B1       		.byte	-79
 642 0265 03       		.byte	3
 643 0266 B6       		.byte	-74
 644 0267 02       		.byte	2
 645 0268 B8       		.byte	-72
 646 0269 02       		.byte	2
 647 026a BE       		.byte	-66
 648 026b 40       		.byte	64
 649 026c D8       		.byte	-40
 650 026d 04       		.byte	4
 651 026e D9       		.byte	-39
 652 026f 04       		.byte	4
 653 0270 DC       		.byte	-36
 654 0271 22       		.byte	34
 655 0272 DF       		.byte	-33
 656 0273 01       		.byte	1
 657 0274 00       		.byte	0
 658 0275 80       		.byte	-128
 659 0276 02       		.byte	2
 660 0277 80       		.byte	-128
 661 0278 05       		.byte	5
 662 0279 14       		.byte	20
 663 027a 06       		.byte	6
 664 027b 80       		.byte	-128
 665 027c 07       		.byte	7
 666 027d 02       		.byte	2
 667 027e 0B       		.byte	11
 668 027f 60       		.byte	96
 669 0280 0C       		.byte	12
 670 0281 52       		.byte	82
 671 0282 0E       		.byte	14
 672 0283 20       		.byte	32
 673 0284 10       		.byte	16
 674 0285 40       		.byte	64
 675 0286 11       		.byte	17
 676 0287 02       		.byte	2
 677 0288 12       		.byte	18
 678 0289 08       		.byte	8
 679 028a 15       		.byte	21
 680 028b 40       		.byte	64
 681 028c 17       		.byte	23
 682 028d 15       		.byte	21
 683 028e 18       		.byte	24
 684 028f 02       		.byte	2
ARM GAS  C:\Users\oscar\AppData\Local\Temp\ccp8gt4B.s 			page 13


 685 0290 1A       		.byte	26
 686 0291 40       		.byte	64
 687 0292 1C       		.byte	28
 688 0293 08       		.byte	8
 689 0294 1D       		.byte	29
 690 0295 14       		.byte	20
 691 0296 1E       		.byte	30
 692 0297 10       		.byte	16
 693 0298 1F       		.byte	31
 694 0299 06       		.byte	6
 695 029a 22       		.byte	34
 696 029b 01       		.byte	1
 697 029c 25       		.byte	37
 698 029d 08       		.byte	8
 699 029e 26       		.byte	38
 700 029f 8A       		.byte	-118
 701 02a0 28       		.byte	40
 702 02a1 10       		.byte	16
 703 02a2 29       		.byte	41
 704 02a3 10       		.byte	16
 705 02a4 2B       		.byte	43
 706 02a5 02       		.byte	2
 707 02a6 2E       		.byte	46
 708 02a7 02       		.byte	2
 709 02a8 2F       		.byte	47
 710 02a9 12       		.byte	18
 711 02aa 32       		.byte	50
 712 02ab 88       		.byte	-120
 713 02ac 33       		.byte	51
 714 02ad 01       		.byte	1
 715 02ae 34       		.byte	52
 716 02af 10       		.byte	16
 717 02b0 36       		.byte	54
 718 02b1 8A       		.byte	-118
 719 02b2 3B       		.byte	59
 720 02b3 60       		.byte	96
 721 02b4 3E       		.byte	62
 722 02b5 28       		.byte	40
 723 02b6 3F       		.byte	63
 724 02b7 40       		.byte	64
 725 02b8 5C       		.byte	92
 726 02b9 04       		.byte	4
 727 02ba 5D       		.byte	93
 728 02bb 82       		.byte	-126
 729 02bc 5F       		.byte	95
 730 02bd 20       		.byte	32
 731 02be 64       		.byte	100
 732 02bf 80       		.byte	-128
 733 02c0 88       		.byte	-120
 734 02c1 02       		.byte	2
 735 02c2 8B       		.byte	-117
 736 02c3 08       		.byte	8
 737 02c4 90       		.byte	-112
 738 02c5 04       		.byte	4
 739 02c6 91       		.byte	-111
 740 02c7 40       		.byte	64
 741 02c8 92       		.byte	-110
ARM GAS  C:\Users\oscar\AppData\Local\Temp\ccp8gt4B.s 			page 14


 742 02c9 01       		.byte	1
 743 02ca 93       		.byte	-109
 744 02cb 60       		.byte	96
 745 02cc 97       		.byte	-105
 746 02cd 08       		.byte	8
 747 02ce 99       		.byte	-103
 748 02cf 82       		.byte	-126
 749 02d0 9A       		.byte	-102
 750 02d1 AB       		.byte	-85
 751 02d2 9B       		.byte	-101
 752 02d3 15       		.byte	21
 753 02d4 9C       		.byte	-100
 754 02d5 90       		.byte	-112
 755 02d6 9D       		.byte	-99
 756 02d7 10       		.byte	16
 757 02d8 9F       		.byte	-97
 758 02d9 08       		.byte	8
 759 02da A5       		.byte	-91
 760 02db 09       		.byte	9
 761 02dc A6       		.byte	-90
 762 02dd 90       		.byte	-112
 763 02de A7       		.byte	-89
 764 02df 02       		.byte	2
 765 02e0 B5       		.byte	-75
 766 02e1 84       		.byte	-124
 767 02e2 C0       		.byte	-64
 768 02e3 F9       		.byte	-7
 769 02e4 C2       		.byte	-62
 770 02e5 FC       		.byte	-4
 771 02e6 C4       		.byte	-60
 772 02e7 F2       		.byte	-14
 773 02e8 CA       		.byte	-54
 774 02e9 DE       		.byte	-34
 775 02ea CC       		.byte	-52
 776 02eb FB       		.byte	-5
 777 02ec CE       		.byte	-50
 778 02ed 7C       		.byte	124
 779 02ee D6       		.byte	-42
 780 02ef F0       		.byte	-16
 781 02f0 D8       		.byte	-40
 782 02f1 80       		.byte	-128
 783 02f2 00       		.byte	0
 784 02f3 07       		.byte	7
 785 02f4 01       		.byte	1
 786 02f5 08       		.byte	8
 787 02f6 05       		.byte	5
 788 02f7 04       		.byte	4
 789 02f8 08       		.byte	8
 790 02f9 06       		.byte	6
 791 02fa 09       		.byte	9
 792 02fb 1F       		.byte	31
 793 02fc 0A       		.byte	10
 794 02fd 01       		.byte	1
 795 02fe 0B       		.byte	11
 796 02ff 20       		.byte	32
 797 0300 0D       		.byte	13
 798 0301 33       		.byte	51
ARM GAS  C:\Users\oscar\AppData\Local\Temp\ccp8gt4B.s 			page 15


 799 0302 0E       		.byte	14
 800 0303 01       		.byte	1
 801 0304 0F       		.byte	15
 802 0305 0C       		.byte	12
 803 0306 10       		.byte	16
 804 0307 01       		.byte	1
 805 0308 11       		.byte	17
 806 0309 02       		.byte	2
 807 030a 12       		.byte	18
 808 030b 06       		.byte	6
 809 030c 14       		.byte	20
 810 030d 07       		.byte	7
 811 030e 15       		.byte	21
 812 030f 3F       		.byte	63
 813 0310 19       		.byte	25
 814 0311 01       		.byte	1
 815 0312 1D       		.byte	29
 816 0313 1C       		.byte	28
 817 0314 1F       		.byte	31
 818 0315 23       		.byte	35
 819 0316 20       		.byte	32
 820 0317 04       		.byte	4
 821 0318 24       		.byte	36
 822 0319 02       		.byte	2
 823 031a 25       		.byte	37
 824 031b 0C       		.byte	12
 825 031c 28       		.byte	40
 826 031d 06       		.byte	6
 827 031e 29       		.byte	41
 828 031f 03       		.byte	3
 829 0320 2F       		.byte	47
 830 0321 23       		.byte	35
 831 0322 31       		.byte	49
 832 0323 0F       		.byte	15
 833 0324 33       		.byte	51
 834 0325 10       		.byte	16
 835 0326 35       		.byte	53
 836 0327 2C       		.byte	44
 837 0328 36       		.byte	54
 838 0329 07       		.byte	7
 839 032a 3B       		.byte	59
 840 032b 22       		.byte	34
 841 032c 3F       		.byte	63
 842 032d 04       		.byte	4
 843 032e 58       		.byte	88
 844 032f 04       		.byte	4
 845 0330 59       		.byte	89
 846 0331 04       		.byte	4
 847 0332 5C       		.byte	92
 848 0333 22       		.byte	34
 849 0334 5F       		.byte	95
 850 0335 01       		.byte	1
 851 0336 83       		.byte	-125
 852 0337 01       		.byte	1
 853 0338 85       		.byte	-123
 854 0339 06       		.byte	6
 855 033a 89       		.byte	-119
ARM GAS  C:\Users\oscar\AppData\Local\Temp\ccp8gt4B.s 			page 16


 856 033b 06       		.byte	6
 857 033c 8F       		.byte	-113
 858 033d 01       		.byte	1
 859 033e 91       		.byte	-111
 860 033f 04       		.byte	4
 861 0340 93       		.byte	-109
 862 0341 02       		.byte	2
 863 0342 94       		.byte	-108
 864 0343 01       		.byte	1
 865 0344 97       		.byte	-105
 866 0345 01       		.byte	1
 867 0346 99       		.byte	-103
 868 0347 01       		.byte	1
 869 0348 A5       		.byte	-91
 870 0349 02       		.byte	2
 871 034a A7       		.byte	-89
 872 034b 04       		.byte	4
 873 034c A9       		.byte	-87
 874 034d 01       		.byte	1
 875 034e B3       		.byte	-77
 876 034f 01       		.byte	1
 877 0350 B4       		.byte	-76
 878 0351 01       		.byte	1
 879 0352 B7       		.byte	-73
 880 0353 06       		.byte	6
 881 0354 BE       		.byte	-66
 882 0355 10       		.byte	16
 883 0356 BF       		.byte	-65
 884 0357 04       		.byte	4
 885 0358 C0       		.byte	-64
 886 0359 24       		.byte	36
 887 035a C1       		.byte	-63
 888 035b 06       		.byte	6
 889 035c C5       		.byte	-59
 890 035d E0       		.byte	-32
 891 035e C6       		.byte	-58
 892 035f EC       		.byte	-20
 893 0360 C7       		.byte	-57
 894 0361 B0       		.byte	-80
 895 0362 C8       		.byte	-56
 896 0363 2E       		.byte	46
 897 0364 C9       		.byte	-55
 898 0365 FF       		.byte	-1
 899 0366 CA       		.byte	-54
 900 0367 FF       		.byte	-1
 901 0368 CB       		.byte	-53
 902 0369 FF       		.byte	-1
 903 036a CE       		.byte	-50
 904 036b F0       		.byte	-16
 905 036c CF       		.byte	-49
 906 036d 44       		.byte	68
 907 036e D0       		.byte	-48
 908 036f 0C       		.byte	12
 909 0370 D6       		.byte	-42
 910 0371 02       		.byte	2
 911 0372 D7       		.byte	-41
 912 0373 11       		.byte	17
ARM GAS  C:\Users\oscar\AppData\Local\Temp\ccp8gt4B.s 			page 17


 913 0374 D8       		.byte	-40
 914 0375 04       		.byte	4
 915 0376 D9       		.byte	-39
 916 0377 04       		.byte	4
 917 0378 DA       		.byte	-38
 918 0379 04       		.byte	4
 919 037a DB       		.byte	-37
 920 037b 04       		.byte	4
 921 037c DC       		.byte	-36
 922 037d 20       		.byte	32
 923 037e DD       		.byte	-35
 924 037f 22       		.byte	34
 925 0380 DF       		.byte	-33
 926 0381 01       		.byte	1
 927 0382 E6       		.byte	-26
 928 0383 C0       		.byte	-64
 929 0384 EA       		.byte	-22
 930 0385 40       		.byte	64
 931 0386 EB       		.byte	-21
 932 0387 02       		.byte	2
 933 0388 01       		.byte	1
 934 0389 10       		.byte	16
 935 038a 02       		.byte	2
 936 038b 80       		.byte	-128
 937 038c 03       		.byte	3
 938 038d 02       		.byte	2
 939 038e 09       		.byte	9
 940 038f 08       		.byte	8
 941 0390 0B       		.byte	11
 942 0391 40       		.byte	64
 943 0392 0F       		.byte	15
 944 0393 20       		.byte	32
 945 0394 10       		.byte	16
 946 0395 A8       		.byte	-88
 947 0396 1A       		.byte	26
 948 0397 01       		.byte	1
 949 0398 1C       		.byte	28
 950 0399 04       		.byte	4
 951 039a 21       		.byte	33
 952 039b 10       		.byte	16
 953 039c 23       		.byte	35
 954 039d 50       		.byte	80
 955 039e 25       		.byte	37
 956 039f 04       		.byte	4
 957 03a0 27       		.byte	39
 958 03a1 01       		.byte	1
 959 03a2 29       		.byte	41
 960 03a3 14       		.byte	20
 961 03a4 2B       		.byte	43
 962 03a5 02       		.byte	2
 963 03a6 2C       		.byte	44
 964 03a7 14       		.byte	20
 965 03a8 2F       		.byte	47
 966 03a9 04       		.byte	4
 967 03aa 30       		.byte	48
 968 03ab 10       		.byte	16
 969 03ac 31       		.byte	49
ARM GAS  C:\Users\oscar\AppData\Local\Temp\ccp8gt4B.s 			page 18


 970 03ad 08       		.byte	8
 971 03ae 32       		.byte	50
 972 03af 80       		.byte	-128
 973 03b0 33       		.byte	51
 974 03b1 01       		.byte	1
 975 03b2 35       		.byte	53
 976 03b3 20       		.byte	32
 977 03b4 36       		.byte	54
 978 03b5 10       		.byte	16
 979 03b6 37       		.byte	55
 980 03b7 09       		.byte	9
 981 03b8 39       		.byte	57
 982 03b9 30       		.byte	48
 983 03ba 3A       		.byte	58
 984 03bb 0A       		.byte	10
 985 03bc 3B       		.byte	59
 986 03bd 60       		.byte	96
 987 03be 3D       		.byte	61
 988 03bf 22       		.byte	34
 989 03c0 3E       		.byte	62
 990 03c1 04       		.byte	4
 991 03c2 3F       		.byte	63
 992 03c3 80       		.byte	-128
 993 03c4 44       		.byte	68
 994 03c5 04       		.byte	4
 995 03c6 45       		.byte	69
 996 03c7 01       		.byte	1
 997 03c8 4D       		.byte	77
 998 03c9 22       		.byte	34
 999 03ca 56       		.byte	86
 1000 03cb 81       		.byte	-127
 1001 03cc 57       		.byte	87
 1002 03cd 50       		.byte	80
 1003 03ce 5F       		.byte	95
 1004 03cf 10       		.byte	16
 1005 03d0 6D       		.byte	109
 1006 03d1 60       		.byte	96
 1007 03d2 6E       		.byte	110
 1008 03d3 04       		.byte	4
 1009 03d4 6F       		.byte	111
 1010 03d5 14       		.byte	20
 1011 03d6 74       		.byte	116
 1012 03d7 A8       		.byte	-88
 1013 03d8 75       		.byte	117
 1014 03d9 04       		.byte	4
 1015 03da 76       		.byte	118
 1016 03db 2A       		.byte	42
 1017 03dc 80       		.byte	-128
 1018 03dd 80       		.byte	-128
 1019 03de C0       		.byte	-64
 1020 03df 0B       		.byte	11
 1021 03e0 C2       		.byte	-62
 1022 03e1 2C       		.byte	44
 1023 03e2 C4       		.byte	-60
 1024 03e3 0E       		.byte	14
 1025 03e4 CA       		.byte	-54
 1026 03e5 6E       		.byte	110
ARM GAS  C:\Users\oscar\AppData\Local\Temp\ccp8gt4B.s 			page 19


 1027 03e6 CC       		.byte	-52
 1028 03e7 EF       		.byte	-17
 1029 03e8 CE       		.byte	-50
 1030 03e9 FF       		.byte	-1
 1031 03ea D0       		.byte	-48
 1032 03eb A0       		.byte	-96
 1033 03ec D2       		.byte	-46
 1034 03ed 20       		.byte	32
 1035 03ee D6       		.byte	-42
 1036 03ef 20       		.byte	32
 1037 03f0 EC       		.byte	-20
 1038 03f1 30       		.byte	48
 1039 03f2 B8       		.byte	-72
 1040 03f3 80       		.byte	-128
 1041 03f4 BE       		.byte	-66
 1042 03f5 40       		.byte	64
 1043 03f6 D8       		.byte	-40
 1044 03f7 04       		.byte	4
 1045 03f8 DF       		.byte	-33
 1046 03f9 01       		.byte	1
 1047 03fa 18       		.byte	24
 1048 03fb 02       		.byte	2
 1049 03fc B4       		.byte	-76
 1050 03fd 01       		.byte	1
 1051 03fe EC       		.byte	-20
 1052 03ff 30       		.byte	48
 1053 0400 32       		.byte	50
 1054 0401 48       		.byte	72
 1055 0402 35       		.byte	53
 1056 0403 02       		.byte	2
 1057 0404 36       		.byte	54
 1058 0405 80       		.byte	-128
 1059 0406 3F       		.byte	63
 1060 0407 40       		.byte	64
 1061 0408 82       		.byte	-126
 1062 0409 40       		.byte	64
 1063 040a CC       		.byte	-52
 1064 040b F0       		.byte	-16
 1065 040c CE       		.byte	-50
 1066 040d 20       		.byte	32
 1067 040e E6       		.byte	-26
 1068 040f 80       		.byte	-128
 1069 0410 12       		.byte	18
 1070 0411 08       		.byte	8
 1071 0412 97       		.byte	-105
 1072 0413 40       		.byte	64
 1073 0414 9D       		.byte	-99
 1074 0415 02       		.byte	2
 1075 0416 A6       		.byte	-90
 1076 0417 88       		.byte	-120
 1077 0418 C4       		.byte	-60
 1078 0419 40       		.byte	64
 1079 041a 8D       		.byte	-115
 1080 041b 02       		.byte	2
 1081 041c 97       		.byte	-105
 1082 041d 40       		.byte	64
 1083 041e 9D       		.byte	-99
ARM GAS  C:\Users\oscar\AppData\Local\Temp\ccp8gt4B.s 			page 20


 1084 041f 02       		.byte	2
 1085 0420 A6       		.byte	-90
 1086 0421 80       		.byte	-128
 1087 0422 97       		.byte	-105
 1088 0423 40       		.byte	64
 1089 0424 AE       		.byte	-82
 1090 0425 80       		.byte	-128
 1091 0426 EE       		.byte	-18
 1092 0427 10       		.byte	16
 1093 0428 7C       		.byte	124
 1094 0429 08       		.byte	8
 1095 042a DE       		.byte	-34
 1096 042b 01       		.byte	1
 1097 042c 00       		.byte	0
 1098 042d 08       		.byte	8
 1099 042e 0B       		.byte	11
 1100 042f 20       		.byte	32
 1101 0430 53       		.byte	83
 1102 0431 01       		.byte	1
 1103 0432 9C       		.byte	-100
 1104 0433 08       		.byte	8
 1105 0434 C0       		.byte	-64
 1106 0435 08       		.byte	8
 1107 0436 C2       		.byte	-62
 1108 0437 08       		.byte	8
 1109 0438 D4       		.byte	-44
 1110 0439 01       		.byte	1
 1111 043a 45       		.byte	69
 1112 043b 08       		.byte	8
 1113 043c 93       		.byte	-109
 1114 043d 20       		.byte	32
 1115 043e 9C       		.byte	-100
 1116 043f 08       		.byte	8
 1117 0440 AB       		.byte	-85
 1118 0441 01       		.byte	1
 1119 0442 B0       		.byte	-80
 1120 0443 04       		.byte	4
 1121 0444 D0       		.byte	-48
 1122 0445 01       		.byte	1
 1123 0446 EA       		.byte	-22
 1124 0447 04       		.byte	4
 1125 0448 30       		.byte	48
 1126 0449 20       		.byte	32
 1127 044a 9C       		.byte	-100
 1128 044b 08       		.byte	8
 1129 044c A5       		.byte	-91
 1130 044d 08       		.byte	8
 1131 044e AF       		.byte	-81
 1132 044f 10       		.byte	16
 1133 0450 CC       		.byte	-52
 1134 0451 08       		.byte	8
 1135 0452 20       		.byte	32
 1136 0453 80       		.byte	-128
 1137 0454 23       		.byte	35
 1138 0455 40       		.byte	64
 1139 0456 25       		.byte	37
 1140 0457 10       		.byte	16
ARM GAS  C:\Users\oscar\AppData\Local\Temp\ccp8gt4B.s 			page 21


 1141 0458 97       		.byte	-105
 1142 0459 40       		.byte	64
 1143 045a C8       		.byte	-56
 1144 045b 60       		.byte	96
 1145 045c B0       		.byte	-80
 1146 045d 40       		.byte	64
 1147 045e B5       		.byte	-75
 1148 045f 10       		.byte	16
 1149 0460 9C       		.byte	-100
 1150 0461 08       		.byte	8
 1151 0462 A4       		.byte	-92
 1152 0463 20       		.byte	32
 1153 0464 A5       		.byte	-91
 1154 0465 08       		.byte	8
 1155 0466 B0       		.byte	-80
 1156 0467 20       		.byte	32
 1157 0468 B4       		.byte	-76
 1158 0469 08       		.byte	8
 1159 046a B5       		.byte	-75
 1160 046b 08       		.byte	8
 1161 046c E8       		.byte	-24
 1162 046d 02       		.byte	2
 1163 046e EC       		.byte	-20
 1164 046f 0C       		.byte	12
 1165 0470 00       		.byte	0
 1166 0471 0C       		.byte	12
 1167 0472 0C       		.byte	12
 1168 0473 0C       		.byte	12
 1169 0474 0E       		.byte	14
 1170 0475 04       		.byte	4
 1171 0476 00       		.byte	0
 1172 0477 FF       		.byte	-1
 1173 0478 10       		.byte	16
 1174 0479 02       		.byte	2
 1175 047a 00       		.byte	0
 1176 047b 00       		.byte	0
 1177 047c 00       		.byte	0
 1178 047d 00       		.byte	0
 1179 047e 00       		.byte	0
 1180 047f 00       		.byte	0
 1181 0480 00       		.byte	0
 1182 0481 00       		.byte	0
 1183 0482 30       		.byte	48
 1184 0483 00       		.byte	0
 1185 0484 00       		.byte	0
 1186 0485 0B       		.byte	11
 1187 0486 0B       		.byte	11
 1188 0487 00       		.byte	0
 1189 0488 00       		.byte	0
 1190 0489 00       		.byte	0
 1191 048a 00       		.byte	0
 1192 048b 00       		.byte	0
 1193 048c 02       		.byte	2
 1194 048d 00       		.byte	0
 1195 048e 11       		.byte	17
 1196 048f F2       		.byte	-14
 1197 0490 E2       		.byte	-30
ARM GAS  C:\Users\oscar\AppData\Local\Temp\ccp8gt4B.s 			page 22


 1198 0491 00       		.byte	0
 1199 0492 02       		.byte	2
 1200 0493 00       		.byte	0
 1201 0494 00       		.byte	0
 1202 0495 00       		.byte	0
 1203 0496 00       		.byte	0
 1204 0497 00       		.byte	0
 1205 0498 BB       		.byte	-69
 1206 0499 00       		.byte	0
 1207 049a 18       		.byte	24
 1208 049b 01       		.byte	1
 1209 049c 00       		.byte	0
 1210 049d 0A       		.byte	10
 1211 049e 00       		.byte	0
 1212 049f 00       		.byte	0
 1213              		.section	.cywolatch,"a",%progbits
 1214              		.align	2
 1215              		.type	cy_meta_wonvl, %object
 1216              		.size	cy_meta_wonvl, 4
 1217              	cy_meta_wonvl:
 1218 0000 BC       		.byte	-68
 1219 0001 90       		.byte	-112
 1220 0002 AC       		.byte	-84
 1221 0003 AF       		.byte	-81
 1222              		.section	.cycustnvl,"a",%progbits
 1223              		.align	2
 1224              		.type	cy_meta_custnvl, %object
 1225              		.size	cy_meta_custnvl, 4
 1226              	cy_meta_custnvl:
 1227 0000 00       		.byte	0
 1228 0001 00       		.byte	0
 1229 0002 40       		.byte	64
 1230 0003 05       		.byte	5
 1231              		.section	.cymeta,"a",%progbits
 1232              		.align	2
 1233              		.type	cy_metadata, %object
 1234              		.size	cy_metadata, 12
 1235              	cy_metadata:
 1236 0000 00       		.byte	0
 1237 0001 01       		.byte	1
 1238 0002 2E       		.byte	46
 1239 0003 16       		.byte	22
 1240 0004 00       		.byte	0
 1241 0005 69       		.byte	105
 1242 0006 00       		.byte	0
 1243 0007 01       		.byte	1
 1244 0008 00       		.byte	0
 1245 0009 00       		.byte	0
 1246 000a 00       		.byte	0
 1247 000b 00       		.byte	0
 1248              		.section	.cyflashprotect,"a",%progbits
 1249              		.align	2
 1250              		.type	cy_meta_flashprotect, %object
 1251              		.size	cy_meta_flashprotect, 256
 1252              	cy_meta_flashprotect:
 1253 0000 00000000 		.space	256
 1253      00000000 
ARM GAS  C:\Users\oscar\AppData\Local\Temp\ccp8gt4B.s 			page 23


 1253      00000000 
 1253      00000000 
 1253      00000000 
 1254              		.text
 1255              	.Letext0:
 1256              		.file 1 "c:\\program files (x86)\\cypress\\psoc creator\\4.2\\psoc creator\\import\\gnu\\arm\\5.4.
 1257              		.file 2 "c:\\program files (x86)\\cypress\\psoc creator\\4.2\\psoc creator\\import\\gnu\\arm\\5.4.
 1258              		.file 3 "Generated_Source\\PSoC5\\cymetadata.c"
 1259              		.section	.debug_info,"",%progbits
 1260              	.Ldebug_info0:
 1261 0000 32010000 		.4byte	0x132
 1262 0004 0400     		.2byte	0x4
 1263 0006 00000000 		.4byte	.Ldebug_abbrev0
 1264 000a 04       		.byte	0x4
 1265 000b 01       		.uleb128 0x1
 1266 000c AC000000 		.4byte	.LASF17
 1267 0010 0C       		.byte	0xc
 1268 0011 06020000 		.4byte	.LASF18
 1269 0015 0A000000 		.4byte	.LASF19
 1270 0019 00000000 		.4byte	.Ldebug_line0
 1271 001d 02       		.uleb128 0x2
 1272 001e 01       		.byte	0x1
 1273 001f 06       		.byte	0x6
 1274 0020 FA010000 		.4byte	.LASF0
 1275 0024 03       		.uleb128 0x3
 1276 0025 00000000 		.4byte	.LASF9
 1277 0029 01       		.byte	0x1
 1278 002a 1D       		.byte	0x1d
 1279 002b 2F000000 		.4byte	0x2f
 1280 002f 02       		.uleb128 0x2
 1281 0030 01       		.byte	0x1
 1282 0031 08       		.byte	0x8
 1283 0032 9E000000 		.4byte	.LASF1
 1284 0036 02       		.uleb128 0x2
 1285 0037 02       		.byte	0x2
 1286 0038 05       		.byte	0x5
 1287 0039 E7010000 		.4byte	.LASF2
 1288 003d 02       		.uleb128 0x2
 1289 003e 02       		.byte	0x2
 1290 003f 07       		.byte	0x7
 1291 0040 4C010000 		.4byte	.LASF3
 1292 0044 02       		.uleb128 0x2
 1293 0045 04       		.byte	0x4
 1294 0046 05       		.byte	0x5
 1295 0047 F1010000 		.4byte	.LASF4
 1296 004b 02       		.uleb128 0x2
 1297 004c 04       		.byte	0x4
 1298 004d 07       		.byte	0x7
 1299 004e 3A010000 		.4byte	.LASF5
 1300 0052 02       		.uleb128 0x2
 1301 0053 08       		.byte	0x8
 1302 0054 05       		.byte	0x5
 1303 0055 D9010000 		.4byte	.LASF6
 1304 0059 02       		.uleb128 0x2
 1305 005a 08       		.byte	0x8
 1306 005b 07       		.byte	0x7
 1307 005c 8E010000 		.4byte	.LASF7
ARM GAS  C:\Users\oscar\AppData\Local\Temp\ccp8gt4B.s 			page 24


 1308 0060 04       		.uleb128 0x4
 1309 0061 04       		.byte	0x4
 1310 0062 05       		.byte	0x5
 1311 0063 696E7400 		.ascii	"int\000"
 1312 0067 02       		.uleb128 0x2
 1313 0068 04       		.byte	0x4
 1314 0069 07       		.byte	0x7
 1315 006a 81010000 		.4byte	.LASF8
 1316 006e 03       		.uleb128 0x3
 1317 006f A5010000 		.4byte	.LASF10
 1318 0073 02       		.byte	0x2
 1319 0074 18       		.byte	0x18
 1320 0075 24000000 		.4byte	0x24
 1321 0079 05       		.uleb128 0x5
 1322 007a 91000000 		.4byte	0x91
 1323 007e 8A000000 		.4byte	0x8a
 1324 0082 06       		.uleb128 0x6
 1325 0083 8A000000 		.4byte	0x8a
 1326 0087 9F04     		.2byte	0x49f
 1327 0089 00       		.byte	0
 1328 008a 02       		.uleb128 0x2
 1329 008b 04       		.byte	0x4
 1330 008c 07       		.byte	0x7
 1331 008d D0010000 		.4byte	.LASF11
 1332 0091 07       		.uleb128 0x7
 1333 0092 6E000000 		.4byte	0x6e
 1334 0096 08       		.uleb128 0x8
 1335 0097 6F010000 		.4byte	.LASF12
 1336 009b 03       		.byte	0x3
 1337 009c 1F       		.byte	0x1f
 1338 009d A7000000 		.4byte	0xa7
 1339 00a1 05       		.uleb128 0x5
 1340 00a2 03       		.byte	0x3
 1341 00a3 00000000 		.4byte	cy_meta_configecc
 1342 00a7 07       		.uleb128 0x7
 1343 00a8 79000000 		.4byte	0x79
 1344 00ac 05       		.uleb128 0x5
 1345 00ad 91000000 		.4byte	0x91
 1346 00b1 BC000000 		.4byte	0xbc
 1347 00b5 09       		.uleb128 0x9
 1348 00b6 8A000000 		.4byte	0x8a
 1349 00ba 03       		.byte	0x3
 1350 00bb 00       		.byte	0
 1351 00bc 08       		.uleb128 0x8
 1352 00bd 5F010000 		.4byte	.LASF13
 1353 00c1 03       		.byte	0x3
 1354 00c2 C0       		.byte	0xc0
 1355 00c3 CD000000 		.4byte	0xcd
 1356 00c7 05       		.uleb128 0x5
 1357 00c8 03       		.byte	0x3
 1358 00c9 00000000 		.4byte	cy_meta_custnvl
 1359 00cd 07       		.uleb128 0x7
 1360 00ce AC000000 		.4byte	0xac
 1361 00d2 08       		.uleb128 0x8
 1362 00d3 C2010000 		.4byte	.LASF14
 1363 00d7 03       		.byte	0x3
 1364 00d8 CE       		.byte	0xce
ARM GAS  C:\Users\oscar\AppData\Local\Temp\ccp8gt4B.s 			page 25


 1365 00d9 E3000000 		.4byte	0xe3
 1366 00dd 05       		.uleb128 0x5
 1367 00de 03       		.byte	0x3
 1368 00df 00000000 		.4byte	cy_meta_wonvl
 1369 00e3 07       		.uleb128 0x7
 1370 00e4 AC000000 		.4byte	0xac
 1371 00e8 05       		.uleb128 0x5
 1372 00e9 91000000 		.4byte	0x91
 1373 00ed F8000000 		.4byte	0xf8
 1374 00f1 09       		.uleb128 0x9
 1375 00f2 8A000000 		.4byte	0x8a
 1376 00f6 FF       		.byte	0xff
 1377 00f7 00       		.byte	0
 1378 00f8 08       		.uleb128 0x8
 1379 00f9 AD010000 		.4byte	.LASF15
 1380 00fd 03       		.byte	0x3
 1381 00fe DC       		.byte	0xdc
 1382 00ff 09010000 		.4byte	0x109
 1383 0103 05       		.uleb128 0x5
 1384 0104 03       		.byte	0x3
 1385 0105 00000000 		.4byte	cy_meta_flashprotect
 1386 0109 07       		.uleb128 0x7
 1387 010a E8000000 		.4byte	0xe8
 1388 010e 05       		.uleb128 0x5
 1389 010f 91000000 		.4byte	0x91
 1390 0113 1E010000 		.4byte	0x11e
 1391 0117 09       		.uleb128 0x9
 1392 0118 8A000000 		.4byte	0x8a
 1393 011c 0B       		.byte	0xb
 1394 011d 00       		.byte	0
 1395 011e 0A       		.uleb128 0xa
 1396 011f 92000000 		.4byte	.LASF16
 1397 0123 03       		.byte	0x3
 1398 0124 0901     		.2byte	0x109
 1399 0126 30010000 		.4byte	0x130
 1400 012a 05       		.uleb128 0x5
 1401 012b 03       		.byte	0x3
 1402 012c 00000000 		.4byte	cy_metadata
 1403 0130 07       		.uleb128 0x7
 1404 0131 0E010000 		.4byte	0x10e
 1405 0135 00       		.byte	0
 1406              		.section	.debug_abbrev,"",%progbits
 1407              	.Ldebug_abbrev0:
 1408 0000 01       		.uleb128 0x1
 1409 0001 11       		.uleb128 0x11
 1410 0002 01       		.byte	0x1
 1411 0003 25       		.uleb128 0x25
 1412 0004 0E       		.uleb128 0xe
 1413 0005 13       		.uleb128 0x13
 1414 0006 0B       		.uleb128 0xb
 1415 0007 03       		.uleb128 0x3
 1416 0008 0E       		.uleb128 0xe
 1417 0009 1B       		.uleb128 0x1b
 1418 000a 0E       		.uleb128 0xe
 1419 000b 10       		.uleb128 0x10
 1420 000c 17       		.uleb128 0x17
 1421 000d 00       		.byte	0
ARM GAS  C:\Users\oscar\AppData\Local\Temp\ccp8gt4B.s 			page 26


 1422 000e 00       		.byte	0
 1423 000f 02       		.uleb128 0x2
 1424 0010 24       		.uleb128 0x24
 1425 0011 00       		.byte	0
 1426 0012 0B       		.uleb128 0xb
 1427 0013 0B       		.uleb128 0xb
 1428 0014 3E       		.uleb128 0x3e
 1429 0015 0B       		.uleb128 0xb
 1430 0016 03       		.uleb128 0x3
 1431 0017 0E       		.uleb128 0xe
 1432 0018 00       		.byte	0
 1433 0019 00       		.byte	0
 1434 001a 03       		.uleb128 0x3
 1435 001b 16       		.uleb128 0x16
 1436 001c 00       		.byte	0
 1437 001d 03       		.uleb128 0x3
 1438 001e 0E       		.uleb128 0xe
 1439 001f 3A       		.uleb128 0x3a
 1440 0020 0B       		.uleb128 0xb
 1441 0021 3B       		.uleb128 0x3b
 1442 0022 0B       		.uleb128 0xb
 1443 0023 49       		.uleb128 0x49
 1444 0024 13       		.uleb128 0x13
 1445 0025 00       		.byte	0
 1446 0026 00       		.byte	0
 1447 0027 04       		.uleb128 0x4
 1448 0028 24       		.uleb128 0x24
 1449 0029 00       		.byte	0
 1450 002a 0B       		.uleb128 0xb
 1451 002b 0B       		.uleb128 0xb
 1452 002c 3E       		.uleb128 0x3e
 1453 002d 0B       		.uleb128 0xb
 1454 002e 03       		.uleb128 0x3
 1455 002f 08       		.uleb128 0x8
 1456 0030 00       		.byte	0
 1457 0031 00       		.byte	0
 1458 0032 05       		.uleb128 0x5
 1459 0033 01       		.uleb128 0x1
 1460 0034 01       		.byte	0x1
 1461 0035 49       		.uleb128 0x49
 1462 0036 13       		.uleb128 0x13
 1463 0037 01       		.uleb128 0x1
 1464 0038 13       		.uleb128 0x13
 1465 0039 00       		.byte	0
 1466 003a 00       		.byte	0
 1467 003b 06       		.uleb128 0x6
 1468 003c 21       		.uleb128 0x21
 1469 003d 00       		.byte	0
 1470 003e 49       		.uleb128 0x49
 1471 003f 13       		.uleb128 0x13
 1472 0040 2F       		.uleb128 0x2f
 1473 0041 05       		.uleb128 0x5
 1474 0042 00       		.byte	0
 1475 0043 00       		.byte	0
 1476 0044 07       		.uleb128 0x7
 1477 0045 26       		.uleb128 0x26
 1478 0046 00       		.byte	0
ARM GAS  C:\Users\oscar\AppData\Local\Temp\ccp8gt4B.s 			page 27


 1479 0047 49       		.uleb128 0x49
 1480 0048 13       		.uleb128 0x13
 1481 0049 00       		.byte	0
 1482 004a 00       		.byte	0
 1483 004b 08       		.uleb128 0x8
 1484 004c 34       		.uleb128 0x34
 1485 004d 00       		.byte	0
 1486 004e 03       		.uleb128 0x3
 1487 004f 0E       		.uleb128 0xe
 1488 0050 3A       		.uleb128 0x3a
 1489 0051 0B       		.uleb128 0xb
 1490 0052 3B       		.uleb128 0x3b
 1491 0053 0B       		.uleb128 0xb
 1492 0054 49       		.uleb128 0x49
 1493 0055 13       		.uleb128 0x13
 1494 0056 3F       		.uleb128 0x3f
 1495 0057 19       		.uleb128 0x19
 1496 0058 02       		.uleb128 0x2
 1497 0059 18       		.uleb128 0x18
 1498 005a 00       		.byte	0
 1499 005b 00       		.byte	0
 1500 005c 09       		.uleb128 0x9
 1501 005d 21       		.uleb128 0x21
 1502 005e 00       		.byte	0
 1503 005f 49       		.uleb128 0x49
 1504 0060 13       		.uleb128 0x13
 1505 0061 2F       		.uleb128 0x2f
 1506 0062 0B       		.uleb128 0xb
 1507 0063 00       		.byte	0
 1508 0064 00       		.byte	0
 1509 0065 0A       		.uleb128 0xa
 1510 0066 34       		.uleb128 0x34
 1511 0067 00       		.byte	0
 1512 0068 03       		.uleb128 0x3
 1513 0069 0E       		.uleb128 0xe
 1514 006a 3A       		.uleb128 0x3a
 1515 006b 0B       		.uleb128 0xb
 1516 006c 3B       		.uleb128 0x3b
 1517 006d 05       		.uleb128 0x5
 1518 006e 49       		.uleb128 0x49
 1519 006f 13       		.uleb128 0x13
 1520 0070 3F       		.uleb128 0x3f
 1521 0071 19       		.uleb128 0x19
 1522 0072 02       		.uleb128 0x2
 1523 0073 18       		.uleb128 0x18
 1524 0074 00       		.byte	0
 1525 0075 00       		.byte	0
 1526 0076 00       		.byte	0
 1527              		.section	.debug_aranges,"",%progbits
 1528 0000 14000000 		.4byte	0x14
 1529 0004 0200     		.2byte	0x2
 1530 0006 00000000 		.4byte	.Ldebug_info0
 1531 000a 04       		.byte	0x4
 1532 000b 00       		.byte	0
 1533 000c 0000     		.2byte	0
 1534 000e 0000     		.2byte	0
 1535 0010 00000000 		.4byte	0
ARM GAS  C:\Users\oscar\AppData\Local\Temp\ccp8gt4B.s 			page 28


 1536 0014 00000000 		.4byte	0
 1537              		.section	.debug_line,"",%progbits
 1538              	.Ldebug_line0:
 1539 0000 3D010000 		.section	.debug_str,"MS",%progbits,1
 1539      02003701 
 1539      00000201 
 1539      FB0E0D00 
 1539      01010101 
 1540              	.LASF9:
 1541 0000 5F5F7569 		.ascii	"__uint8_t\000"
 1541      6E74385F 
 1541      7400
 1542              	.LASF19:
 1543 000a 443A5C53 		.ascii	"D:\\Semester\\SecondSemester\\SDHD\\thirdpart\\Soft"
 1543      656D6573 
 1543      7465725C 
 1543      5365636F 
 1543      6E645365 
 1544 0038 77617265 		.ascii	"wareSDHD.cywrk.Archive01\\SoftwareSDHD\\OAguilar_76"
 1544      53444844 
 1544      2E637977 
 1544      726B2E41 
 1544      72636869 
 1545 0069 36343638 		.ascii	"6468_SoftwareDevelopmentAssignment.cydsn\000"
 1545      5F536F66 
 1545      74776172 
 1545      65446576 
 1545      656C6F70 
 1546              	.LASF16:
 1547 0092 63795F6D 		.ascii	"cy_metadata\000"
 1547      65746164 
 1547      61746100 
 1548              	.LASF1:
 1549 009e 756E7369 		.ascii	"unsigned char\000"
 1549      676E6564 
 1549      20636861 
 1549      7200
 1550              	.LASF17:
 1551 00ac 474E5520 		.ascii	"GNU C11 5.4.1 20160609 (release) [ARM/embedded-5-br"
 1551      43313120 
 1551      352E342E 
 1551      31203230 
 1551      31363036 
 1552 00df 616E6368 		.ascii	"anch revision 237715] -mcpu=cortex-m3 -mthumb -g -O"
 1552      20726576 
 1552      6973696F 
 1552      6E203233 
 1552      37373135 
 1553 0112 67202D66 		.ascii	"g -ffunction-sections -ffat-lto-objects\000"
 1553      66756E63 
 1553      74696F6E 
 1553      2D736563 
 1553      74696F6E 
 1554              	.LASF5:
 1555 013a 6C6F6E67 		.ascii	"long unsigned int\000"
 1555      20756E73 
 1555      69676E65 
ARM GAS  C:\Users\oscar\AppData\Local\Temp\ccp8gt4B.s 			page 29


 1555      6420696E 
 1555      7400
 1556              	.LASF3:
 1557 014c 73686F72 		.ascii	"short unsigned int\000"
 1557      7420756E 
 1557      7369676E 
 1557      65642069 
 1557      6E7400
 1558              	.LASF13:
 1559 015f 63795F6D 		.ascii	"cy_meta_custnvl\000"
 1559      6574615F 
 1559      63757374 
 1559      6E766C00 
 1560              	.LASF12:
 1561 016f 63795F6D 		.ascii	"cy_meta_configecc\000"
 1561      6574615F 
 1561      636F6E66 
 1561      69676563 
 1561      6300
 1562              	.LASF8:
 1563 0181 756E7369 		.ascii	"unsigned int\000"
 1563      676E6564 
 1563      20696E74 
 1563      00
 1564              	.LASF7:
 1565 018e 6C6F6E67 		.ascii	"long long unsigned int\000"
 1565      206C6F6E 
 1565      6720756E 
 1565      7369676E 
 1565      65642069 
 1566              	.LASF10:
 1567 01a5 75696E74 		.ascii	"uint8_t\000"
 1567      385F7400 
 1568              	.LASF15:
 1569 01ad 63795F6D 		.ascii	"cy_meta_flashprotect\000"
 1569      6574615F 
 1569      666C6173 
 1569      6870726F 
 1569      74656374 
 1570              	.LASF14:
 1571 01c2 63795F6D 		.ascii	"cy_meta_wonvl\000"
 1571      6574615F 
 1571      776F6E76 
 1571      6C00
 1572              	.LASF11:
 1573 01d0 73697A65 		.ascii	"sizetype\000"
 1573      74797065 
 1573      00
 1574              	.LASF6:
 1575 01d9 6C6F6E67 		.ascii	"long long int\000"
 1575      206C6F6E 
 1575      6720696E 
 1575      7400
 1576              	.LASF2:
 1577 01e7 73686F72 		.ascii	"short int\000"
 1577      7420696E 
 1577      7400
ARM GAS  C:\Users\oscar\AppData\Local\Temp\ccp8gt4B.s 			page 30


 1578              	.LASF4:
 1579 01f1 6C6F6E67 		.ascii	"long int\000"
 1579      20696E74 
 1579      00
 1580              	.LASF0:
 1581 01fa 7369676E 		.ascii	"signed char\000"
 1581      65642063 
 1581      68617200 
 1582              	.LASF18:
 1583 0206 47656E65 		.ascii	"Generated_Source\\PSoC5\\cymetadata.c\000"
 1583      72617465 
 1583      645F536F 
 1583      75726365 
 1583      5C50536F 
 1584              		.ident	"GCC: (GNU Tools for ARM Embedded Processors) 5.4.1 20160609 (release) [ARM/embedded-5-bran
