ARM GAS  C:\Users\oscar\AppData\Local\Temp\ccKYWHOk.s 			page 1


   1              		.syntax unified
   2              		.cpu cortex-m3
   3              		.fpu softvfp
   4              		.eabi_attribute 20, 1
   5              		.eabi_attribute 21, 1
   6              		.eabi_attribute 23, 3
   7              		.eabi_attribute 24, 1
   8              		.eabi_attribute 25, 1
   9              		.eabi_attribute 26, 1
  10              		.eabi_attribute 30, 1
  11              		.eabi_attribute 34, 1
  12              		.eabi_attribute 18, 4
  13              		.thumb
  14              		.syntax unified
  15              		.file	"DMA.c"
  16              		.text
  17              	.Ltext0:
  18              		.cfi_sections	.debug_frame
  19              		.section	.text.ISR_DMA,"ax",%progbits
  20              		.align	2
  21              		.global	ISR_DMA
  22              		.thumb
  23              		.thumb_func
  24              		.type	ISR_DMA, %function
  25              	ISR_DMA:
  26              	.LFB65:
  27              		.file 1 "source\\bsw\\DMA.c"
   1:source\bsw/DMA.c **** #include "DMA.h"
   2:source\bsw/DMA.c **** 
   3:source\bsw/DMA.c **** 
   4:source\bsw/DMA.c **** /* DMA Configuration for DMA_ADC */
   5:source\bsw/DMA.c **** /*
   6:source\bsw/DMA.c ****     Calls for DMA configuration parting from PSoC Creator's DMA Wizard
   7:source\bsw/DMA.c **** */
   8:source\bsw/DMA.c **** void DMA_Config()
   9:source\bsw/DMA.c **** {
  10:source\bsw/DMA.c ****  DMA_ADC_Chan = DMA_ADC_DmaInitialize(DMA_ADC_BYTES_PER_BURST, DMA_ADC_REQUEST_PER_BURST, 
  11:source\bsw/DMA.c ****     HI16(DMA_ADC_SRC_BASE), HI16(DMA_ADC_DST_BASE));
  12:source\bsw/DMA.c ****  DMA_ADC_TD[0] = CyDmaTdAllocate();
  13:source\bsw/DMA.c **** CyDmaTdSetConfiguration(DMA_ADC_TD[0], DMA_TRANSFER_COUNT, CY_DMA_DISABLE_TD, DMA_ADC__TD_TERMOUT_E
  14:source\bsw/DMA.c **** CyDmaTdSetAddress(DMA_ADC_TD[0], LO16((uint32)ADC_DelSig_1_DEC_SAMP_PTR), LO16((uint32)DMAArray));
  15:source\bsw/DMA.c **** CyDmaChSetInitialTd(DMA_ADC_Chan, DMA_ADC_TD[0]);
  16:source\bsw/DMA.c **** CyDmaChEnable(DMA_ADC_Chan, 1);
  17:source\bsw/DMA.c **** }
  18:source\bsw/DMA.c **** 
  19:source\bsw/DMA.c **** 
  20:source\bsw/DMA.c **** void DMA_ISR_Init()
  21:source\bsw/DMA.c **** {
  22:source\bsw/DMA.c ****     isr_DMA_StartEx(ISR_DMA);
  23:source\bsw/DMA.c ****     
  24:source\bsw/DMA.c **** }
  25:source\bsw/DMA.c **** 
  26:source\bsw/DMA.c **** CY_ISR(ISR_DMA)
  27:source\bsw/DMA.c **** {
  28              		.loc 1 27 0
  29              		.cfi_startproc
  30              		@ args = 0, pretend = 0, frame = 0
ARM GAS  C:\Users\oscar\AppData\Local\Temp\ccKYWHOk.s 			page 2


  31              		@ frame_needed = 0, uses_anonymous_args = 0
  32 0000 08B5     		push	{r3, lr}
  33              		.cfi_def_cfa_offset 8
  34              		.cfi_offset 3, -8
  35              		.cfi_offset 14, -4
  28:source\bsw/DMA.c ****     //CLEAR_PENDING ISR
  29:source\bsw/DMA.c ****     isr_DMA_ClearPending();
  36              		.loc 1 29 0
  37 0002 FFF7FEFF 		bl	isr_DMA_ClearPending
  38              	.LVL0:
  30:source\bsw/DMA.c ****     DMA_isr_Flag=true;
  39              		.loc 1 30 0
  40 0006 0122     		movs	r2, #1
  41 0008 014B     		ldr	r3, .L3
  42 000a 1A70     		strb	r2, [r3]
  43 000c 08BD     		pop	{r3, pc}
  44              	.L4:
  45 000e 00BF     		.align	2
  46              	.L3:
  47 0010 00000000 		.word	DMA_isr_Flag
  48              		.cfi_endproc
  49              	.LFE65:
  50              		.size	ISR_DMA, .-ISR_DMA
  51              		.section	.text.DMA_Config,"ax",%progbits
  52              		.align	2
  53              		.global	DMA_Config
  54              		.thumb
  55              		.thumb_func
  56              		.type	DMA_Config, %function
  57              	DMA_Config:
  58              	.LFB63:
   9:source\bsw/DMA.c ****  DMA_ADC_Chan = DMA_ADC_DmaInitialize(DMA_ADC_BYTES_PER_BURST, DMA_ADC_REQUEST_PER_BURST, 
  59              		.loc 1 9 0
  60              		.cfi_startproc
  61              		@ args = 0, pretend = 0, frame = 0
  62              		@ frame_needed = 0, uses_anonymous_args = 0
  63 0000 70B5     		push	{r4, r5, r6, lr}
  64              		.cfi_def_cfa_offset 16
  65              		.cfi_offset 4, -16
  66              		.cfi_offset 5, -12
  67              		.cfi_offset 6, -8
  68              		.cfi_offset 14, -4
  11:source\bsw/DMA.c ****  DMA_ADC_TD[0] = CyDmaTdAllocate();
  69              		.loc 1 11 0
  70 0002 114E     		ldr	r6, .L7
  10:source\bsw/DMA.c ****     HI16(DMA_ADC_SRC_BASE), HI16(DMA_ADC_DST_BASE));
  71              		.loc 1 10 0
  72 0004 330C     		lsrs	r3, r6, #16
  73 0006 4FF48042 		mov	r2, #16384
  74 000a 0121     		movs	r1, #1
  75 000c 0220     		movs	r0, #2
  76 000e FFF7FEFF 		bl	DMA_ADC_DmaInitialize
  77              	.LVL1:
  78 0012 0E4C     		ldr	r4, .L7+4
  79 0014 2070     		strb	r0, [r4]
  12:source\bsw/DMA.c **** CyDmaTdSetConfiguration(DMA_ADC_TD[0], DMA_TRANSFER_COUNT, CY_DMA_DISABLE_TD, DMA_ADC__TD_TERMOUT_E
  80              		.loc 1 12 0
ARM GAS  C:\Users\oscar\AppData\Local\Temp\ccKYWHOk.s 			page 3


  81 0016 FFF7FEFF 		bl	CyDmaTdAllocate
  82              	.LVL2:
  83 001a 0D4D     		ldr	r5, .L7+8
  84 001c 2870     		strb	r0, [r5]
  13:source\bsw/DMA.c **** CyDmaTdSetAddress(DMA_ADC_TD[0], LO16((uint32)ADC_DelSig_1_DEC_SAMP_PTR), LO16((uint32)DMAArray));
  85              		.loc 1 13 0
  86 001e 0623     		movs	r3, #6
  87 0020 FE22     		movs	r2, #254
  88 0022 4FF40061 		mov	r1, #2048
  89 0026 FFF7FEFF 		bl	CyDmaTdSetConfiguration
  90              	.LVL3:
  14:source\bsw/DMA.c **** CyDmaChSetInitialTd(DMA_ADC_Chan, DMA_ADC_TD[0]);
  91              		.loc 1 14 0
  92 002a B2B2     		uxth	r2, r6
  93 002c 44F61061 		movw	r1, #19984
  94 0030 2878     		ldrb	r0, [r5]	@ zero_extendqisi2
  95 0032 FFF7FEFF 		bl	CyDmaTdSetAddress
  96              	.LVL4:
  15:source\bsw/DMA.c **** CyDmaChEnable(DMA_ADC_Chan, 1);
  97              		.loc 1 15 0
  98 0036 2978     		ldrb	r1, [r5]	@ zero_extendqisi2
  99 0038 2078     		ldrb	r0, [r4]	@ zero_extendqisi2
 100 003a FFF7FEFF 		bl	CyDmaChSetInitialTd
 101              	.LVL5:
  16:source\bsw/DMA.c **** }
 102              		.loc 1 16 0
 103 003e 0121     		movs	r1, #1
 104 0040 2078     		ldrb	r0, [r4]	@ zero_extendqisi2
 105 0042 FFF7FEFF 		bl	CyDmaChEnable
 106              	.LVL6:
 107 0046 70BD     		pop	{r4, r5, r6, pc}
 108              	.L8:
 109              		.align	2
 110              	.L7:
 111 0048 00000000 		.word	DMAArray
 112 004c 00000000 		.word	DMA_ADC_Chan
 113 0050 00000000 		.word	DMA_ADC_TD
 114              		.cfi_endproc
 115              	.LFE63:
 116              		.size	DMA_Config, .-DMA_Config
 117              		.section	.text.DMA_ISR_Init,"ax",%progbits
 118              		.align	2
 119              		.global	DMA_ISR_Init
 120              		.thumb
 121              		.thumb_func
 122              		.type	DMA_ISR_Init, %function
 123              	DMA_ISR_Init:
 124              	.LFB64:
  21:source\bsw/DMA.c ****     isr_DMA_StartEx(ISR_DMA);
 125              		.loc 1 21 0
 126              		.cfi_startproc
 127              		@ args = 0, pretend = 0, frame = 0
 128              		@ frame_needed = 0, uses_anonymous_args = 0
 129 0000 08B5     		push	{r3, lr}
 130              		.cfi_def_cfa_offset 8
 131              		.cfi_offset 3, -8
 132              		.cfi_offset 14, -4
ARM GAS  C:\Users\oscar\AppData\Local\Temp\ccKYWHOk.s 			page 4


  22:source\bsw/DMA.c ****     
 133              		.loc 1 22 0
 134 0002 0248     		ldr	r0, .L11
 135 0004 FFF7FEFF 		bl	isr_DMA_StartEx
 136              	.LVL7:
 137 0008 08BD     		pop	{r3, pc}
 138              	.L12:
 139 000a 00BF     		.align	2
 140              	.L11:
 141 000c 00000000 		.word	ISR_DMA
 142              		.cfi_endproc
 143              	.LFE64:
 144              		.size	DMA_ISR_Init, .-DMA_ISR_Init
 145              		.section	.text.DMAisrFlagClear,"ax",%progbits
 146              		.align	2
 147              		.global	DMAisrFlagClear
 148              		.thumb
 149              		.thumb_func
 150              		.type	DMAisrFlagClear, %function
 151              	DMAisrFlagClear:
 152              	.LFB66:
  31:source\bsw/DMA.c **** 
  32:source\bsw/DMA.c **** }
  33:source\bsw/DMA.c **** void DMAisrFlagClear()
  34:source\bsw/DMA.c **** {
 153              		.loc 1 34 0
 154              		.cfi_startproc
 155              		@ args = 0, pretend = 0, frame = 0
 156              		@ frame_needed = 0, uses_anonymous_args = 0
 157              		@ link register save eliminated.
  35:source\bsw/DMA.c ****     DMA_isr_Flag=false;
 158              		.loc 1 35 0
 159 0000 0022     		movs	r2, #0
 160 0002 014B     		ldr	r3, .L14
 161 0004 1A70     		strb	r2, [r3]
 162 0006 7047     		bx	lr
 163              	.L15:
 164              		.align	2
 165              	.L14:
 166 0008 00000000 		.word	DMA_isr_Flag
 167              		.cfi_endproc
 168              	.LFE66:
 169              		.size	DMAisrFlagClear, .-DMAisrFlagClear
 170              		.comm	DMA_ADC_TD,1,4
 171              		.comm	DMA_ADC_Chan,1,1
 172              		.text
 173              	.Letext0:
 174              		.file 2 "c:\\program files (x86)\\cypress\\psoc creator\\4.2\\psoc creator\\import\\gnu\\arm\\5.4.
 175              		.file 3 "c:\\program files (x86)\\cypress\\psoc creator\\4.2\\psoc creator\\import\\gnu\\arm\\5.4.
 176              		.file 4 "Generated_Source\\PSoC5/cytypes.h"
 177              		.file 5 ".\\source\\asw/cyapicallbacks.h"
 178              		.file 6 "Generated_Source\\PSoC5/core_cm3.h"
 179              		.file 7 "source\\bsw\\DMA.h"
 180              		.file 8 "Generated_Source\\PSoC5/isr_DMA.h"
 181              		.file 9 "Generated_Source\\PSoC5/DMA_ADC_dma.h"
 182              		.file 10 "Generated_Source\\PSoC5/CYDMAC.H"
 183              		.section	.debug_info,"",%progbits
ARM GAS  C:\Users\oscar\AppData\Local\Temp\ccKYWHOk.s 			page 5


 184              	.Ldebug_info0:
 185 0000 B3020000 		.4byte	0x2b3
 186 0004 0400     		.2byte	0x4
 187 0006 00000000 		.4byte	.Ldebug_abbrev0
 188 000a 04       		.byte	0x4
 189 000b 01       		.uleb128 0x1
 190 000c 1F010000 		.4byte	.LASF38
 191 0010 0C       		.byte	0xc
 192 0011 B5020000 		.4byte	.LASF39
 193 0015 66000000 		.4byte	.LASF40
 194 0019 00000000 		.4byte	.Ldebug_ranges0+0
 195 001d 00000000 		.4byte	0
 196 0021 00000000 		.4byte	.Ldebug_line0
 197 0025 02       		.uleb128 0x2
 198 0026 01       		.byte	0x1
 199 0027 06       		.byte	0x6
 200 0028 EB020000 		.4byte	.LASF0
 201 002c 02       		.uleb128 0x2
 202 002d 01       		.byte	0x1
 203 002e 08       		.byte	0x8
 204 002f 11010000 		.4byte	.LASF1
 205 0033 02       		.uleb128 0x2
 206 0034 02       		.byte	0x2
 207 0035 05       		.byte	0x5
 208 0036 C6020000 		.4byte	.LASF2
 209 003a 02       		.uleb128 0x2
 210 003b 02       		.byte	0x2
 211 003c 07       		.byte	0x7
 212 003d DC010000 		.4byte	.LASF3
 213 0041 03       		.uleb128 0x3
 214 0042 36000000 		.4byte	.LASF9
 215 0046 02       		.byte	0x2
 216 0047 3F       		.byte	0x3f
 217 0048 4C000000 		.4byte	0x4c
 218 004c 02       		.uleb128 0x2
 219 004d 04       		.byte	0x4
 220 004e 05       		.byte	0x5
 221 004f D6020000 		.4byte	.LASF4
 222 0053 02       		.uleb128 0x2
 223 0054 04       		.byte	0x4
 224 0055 07       		.byte	0x7
 225 0056 CA010000 		.4byte	.LASF5
 226 005a 02       		.uleb128 0x2
 227 005b 08       		.byte	0x8
 228 005c 05       		.byte	0x5
 229 005d 8C020000 		.4byte	.LASF6
 230 0061 02       		.uleb128 0x2
 231 0062 08       		.byte	0x8
 232 0063 07       		.byte	0x7
 233 0064 4F020000 		.4byte	.LASF7
 234 0068 04       		.uleb128 0x4
 235 0069 04       		.byte	0x4
 236 006a 05       		.byte	0x5
 237 006b 696E7400 		.ascii	"int\000"
 238 006f 02       		.uleb128 0x2
 239 0070 04       		.byte	0x4
 240 0071 07       		.byte	0x7
ARM GAS  C:\Users\oscar\AppData\Local\Temp\ccKYWHOk.s 			page 6


 241 0072 42020000 		.4byte	.LASF8
 242 0076 03       		.uleb128 0x3
 243 0077 7B020000 		.4byte	.LASF10
 244 007b 03       		.byte	0x3
 245 007c 2C       		.byte	0x2c
 246 007d 41000000 		.4byte	0x41
 247 0081 05       		.uleb128 0x5
 248 0082 D0020000 		.4byte	.LASF11
 249 0086 04       		.byte	0x4
 250 0087 E401     		.2byte	0x1e4
 251 0089 2C000000 		.4byte	0x2c
 252 008d 05       		.uleb128 0x5
 253 008e 24020000 		.4byte	.LASF12
 254 0092 04       		.byte	0x4
 255 0093 E501     		.2byte	0x1e5
 256 0095 3A000000 		.4byte	0x3a
 257 0099 05       		.uleb128 0x5
 258 009a 2B020000 		.4byte	.LASF13
 259 009e 04       		.byte	0x4
 260 009f E601     		.2byte	0x1e6
 261 00a1 53000000 		.4byte	0x53
 262 00a5 02       		.uleb128 0x2
 263 00a6 04       		.byte	0x4
 264 00a7 04       		.byte	0x4
 265 00a8 0B010000 		.4byte	.LASF14
 266 00ac 02       		.uleb128 0x2
 267 00ad 08       		.byte	0x8
 268 00ae 04       		.byte	0x4
 269 00af 04020000 		.4byte	.LASF15
 270 00b3 02       		.uleb128 0x2
 271 00b4 01       		.byte	0x1
 272 00b5 08       		.byte	0x8
 273 00b6 9A020000 		.4byte	.LASF16
 274 00ba 05       		.uleb128 0x5
 275 00bb AD010000 		.4byte	.LASF17
 276 00bf 04       		.byte	0x4
 277 00c0 8E02     		.2byte	0x28e
 278 00c2 C6000000 		.4byte	0xc6
 279 00c6 06       		.uleb128 0x6
 280 00c7 81000000 		.4byte	0x81
 281 00cb 02       		.uleb128 0x2
 282 00cc 08       		.byte	0x8
 283 00cd 04       		.byte	0x4
 284 00ce DF020000 		.4byte	.LASF18
 285 00d2 02       		.uleb128 0x2
 286 00d3 04       		.byte	0x4
 287 00d4 07       		.byte	0x7
 288 00d5 83020000 		.4byte	.LASF19
 289 00d9 07       		.uleb128 0x7
 290 00da 01       		.byte	0x1
 291 00db 2C000000 		.4byte	0x2c
 292 00df 05       		.byte	0x5
 293 00e0 15       		.byte	0x15
 294 00e1 F2000000 		.4byte	0xf2
 295 00e5 08       		.uleb128 0x8
 296 00e6 F5000000 		.4byte	.LASF20
 297 00ea 00       		.byte	0
ARM GAS  C:\Users\oscar\AppData\Local\Temp\ccKYWHOk.s 			page 7


 298 00eb 08       		.uleb128 0x8
 299 00ec 00000000 		.4byte	.LASF21
 300 00f0 01       		.byte	0x1
 301 00f1 00       		.byte	0
 302 00f2 03       		.uleb128 0x3
 303 00f3 EE000000 		.4byte	.LASF22
 304 00f7 05       		.byte	0x5
 305 00f8 18       		.byte	0x18
 306 00f9 D9000000 		.4byte	0xd9
 307 00fd 09       		.uleb128 0x9
 308 00fe FC010000 		.4byte	.LASF41
 309 0102 01       		.byte	0x1
 310 0103 1A       		.byte	0x1a
 311 0104 00000000 		.4byte	.LFB65
 312 0108 14000000 		.4byte	.LFE65-.LFB65
 313 010c 01       		.uleb128 0x1
 314 010d 9C       		.byte	0x9c
 315 010e 1C010000 		.4byte	0x11c
 316 0112 0A       		.uleb128 0xa
 317 0113 06000000 		.4byte	.LVL0
 318 0117 5E020000 		.4byte	0x25e
 319 011b 00       		.byte	0
 320 011c 0B       		.uleb128 0xb
 321 011d 0B020000 		.4byte	.LASF23
 322 0121 01       		.byte	0x1
 323 0122 08       		.byte	0x8
 324 0123 00000000 		.4byte	.LFB63
 325 0127 54000000 		.4byte	.LFE63-.LFB63
 326 012b 01       		.uleb128 0x1
 327 012c 9C       		.byte	0x9c
 328 012d B5010000 		.4byte	0x1b5
 329 0131 0C       		.uleb128 0xc
 330 0132 12000000 		.4byte	.LVL1
 331 0136 69020000 		.4byte	0x269
 332 013a 58010000 		.4byte	0x158
 333 013e 0D       		.uleb128 0xd
 334 013f 01       		.uleb128 0x1
 335 0140 50       		.byte	0x50
 336 0141 01       		.uleb128 0x1
 337 0142 32       		.byte	0x32
 338 0143 0D       		.uleb128 0xd
 339 0144 01       		.uleb128 0x1
 340 0145 51       		.byte	0x51
 341 0146 01       		.uleb128 0x1
 342 0147 31       		.byte	0x31
 343 0148 0D       		.uleb128 0xd
 344 0149 01       		.uleb128 0x1
 345 014a 52       		.byte	0x52
 346 014b 03       		.uleb128 0x3
 347 014c 0A       		.byte	0xa
 348 014d 0040     		.2byte	0x4000
 349 014f 0D       		.uleb128 0xd
 350 0150 01       		.uleb128 0x1
 351 0151 53       		.byte	0x53
 352 0152 04       		.uleb128 0x4
 353 0153 76       		.byte	0x76
 354 0154 00       		.sleb128 0
ARM GAS  C:\Users\oscar\AppData\Local\Temp\ccKYWHOk.s 			page 8


 355 0155 40       		.byte	0x40
 356 0156 25       		.byte	0x25
 357 0157 00       		.byte	0
 358 0158 0A       		.uleb128 0xa
 359 0159 1A000000 		.4byte	.LVL2
 360 015d 74020000 		.4byte	0x274
 361 0161 0C       		.uleb128 0xc
 362 0162 2A000000 		.4byte	.LVL3
 363 0166 7F020000 		.4byte	0x27f
 364 016a 81010000 		.4byte	0x181
 365 016e 0D       		.uleb128 0xd
 366 016f 01       		.uleb128 0x1
 367 0170 51       		.byte	0x51
 368 0171 03       		.uleb128 0x3
 369 0172 0A       		.byte	0xa
 370 0173 0008     		.2byte	0x800
 371 0175 0D       		.uleb128 0xd
 372 0176 01       		.uleb128 0x1
 373 0177 52       		.byte	0x52
 374 0178 02       		.uleb128 0x2
 375 0179 09       		.byte	0x9
 376 017a FE       		.byte	0xfe
 377 017b 0D       		.uleb128 0xd
 378 017c 01       		.uleb128 0x1
 379 017d 53       		.byte	0x53
 380 017e 01       		.uleb128 0x1
 381 017f 36       		.byte	0x36
 382 0180 00       		.byte	0
 383 0181 0C       		.uleb128 0xc
 384 0182 36000000 		.4byte	.LVL4
 385 0186 8A020000 		.4byte	0x28a
 386 018a 9C010000 		.4byte	0x19c
 387 018e 0D       		.uleb128 0xd
 388 018f 01       		.uleb128 0x1
 389 0190 51       		.byte	0x51
 390 0191 03       		.uleb128 0x3
 391 0192 0A       		.byte	0xa
 392 0193 104E     		.2byte	0x4e10
 393 0195 0D       		.uleb128 0xd
 394 0196 01       		.uleb128 0x1
 395 0197 52       		.byte	0x52
 396 0198 02       		.uleb128 0x2
 397 0199 76       		.byte	0x76
 398 019a 00       		.sleb128 0
 399 019b 00       		.byte	0
 400 019c 0A       		.uleb128 0xa
 401 019d 3E000000 		.4byte	.LVL5
 402 01a1 95020000 		.4byte	0x295
 403 01a5 0E       		.uleb128 0xe
 404 01a6 46000000 		.4byte	.LVL6
 405 01aa A0020000 		.4byte	0x2a0
 406 01ae 0D       		.uleb128 0xd
 407 01af 01       		.uleb128 0x1
 408 01b0 51       		.byte	0x51
 409 01b1 01       		.uleb128 0x1
 410 01b2 31       		.byte	0x31
 411 01b3 00       		.byte	0
ARM GAS  C:\Users\oscar\AppData\Local\Temp\ccKYWHOk.s 			page 9


 412 01b4 00       		.byte	0
 413 01b5 0B       		.uleb128 0xb
 414 01b6 04030000 		.4byte	.LASF24
 415 01ba 01       		.byte	0x1
 416 01bb 14       		.byte	0x14
 417 01bc 00000000 		.4byte	.LFB64
 418 01c0 10000000 		.4byte	.LFE64-.LFB64
 419 01c4 01       		.uleb128 0x1
 420 01c5 9C       		.byte	0x9c
 421 01c6 DE010000 		.4byte	0x1de
 422 01ca 0E       		.uleb128 0xe
 423 01cb 08000000 		.4byte	.LVL7
 424 01cf AB020000 		.4byte	0x2ab
 425 01d3 0D       		.uleb128 0xd
 426 01d4 01       		.uleb128 0x1
 427 01d5 50       		.byte	0x50
 428 01d6 05       		.uleb128 0x5
 429 01d7 03       		.byte	0x3
 430 01d8 00000000 		.4byte	ISR_DMA
 431 01dc 00       		.byte	0
 432 01dd 00       		.byte	0
 433 01de 0F       		.uleb128 0xf
 434 01df 32020000 		.4byte	.LASF42
 435 01e3 01       		.byte	0x1
 436 01e4 21       		.byte	0x21
 437 01e5 00000000 		.4byte	.LFB66
 438 01e9 0C000000 		.4byte	.LFE66-.LFB66
 439 01ed 01       		.uleb128 0x1
 440 01ee 9C       		.byte	0x9c
 441 01ef 10       		.uleb128 0x10
 442 01f0 EF010000 		.4byte	.LASF25
 443 01f4 06       		.byte	0x6
 444 01f5 1207     		.2byte	0x712
 445 01f7 FB010000 		.4byte	0x1fb
 446 01fb 06       		.uleb128 0x6
 447 01fc 76000000 		.4byte	0x76
 448 0200 11       		.uleb128 0x11
 449 0201 A8020000 		.4byte	.LASF26
 450 0205 07       		.byte	0x7
 451 0206 13       		.byte	0x13
 452 0207 81000000 		.4byte	0x81
 453 020b 05       		.uleb128 0x5
 454 020c 03       		.byte	0x3
 455 020d 00000000 		.4byte	DMA_ADC_Chan
 456 0211 12       		.uleb128 0x12
 457 0212 81000000 		.4byte	0x81
 458 0216 21020000 		.4byte	0x221
 459 021a 13       		.uleb128 0x13
 460 021b D2000000 		.4byte	0xd2
 461 021f 00       		.byte	0
 462 0220 00       		.byte	0
 463 0221 11       		.uleb128 0x11
 464 0222 2B000000 		.4byte	.LASF27
 465 0226 07       		.byte	0x7
 466 0227 14       		.byte	0x14
 467 0228 11020000 		.4byte	0x211
 468 022c 05       		.uleb128 0x5
ARM GAS  C:\Users\oscar\AppData\Local\Temp\ccKYWHOk.s 			page 10


 469 022d 03       		.byte	0x3
 470 022e 00000000 		.4byte	DMA_ADC_TD
 471 0232 12       		.uleb128 0x12
 472 0233 8D000000 		.4byte	0x8d
 473 0237 43020000 		.4byte	0x243
 474 023b 14       		.uleb128 0x14
 475 023c D2000000 		.4byte	0xd2
 476 0240 FF03     		.2byte	0x3ff
 477 0242 00       		.byte	0
 478 0243 15       		.uleb128 0x15
 479 0244 9F020000 		.4byte	.LASF28
 480 0248 07       		.byte	0x7
 481 0249 15       		.byte	0x15
 482 024a 32020000 		.4byte	0x232
 483 024e 15       		.uleb128 0x15
 484 024f F7020000 		.4byte	.LASF29
 485 0253 07       		.byte	0x7
 486 0254 1C       		.byte	0x1c
 487 0255 59020000 		.4byte	0x259
 488 0259 06       		.uleb128 0x6
 489 025a F2000000 		.4byte	0xf2
 490 025e 16       		.uleb128 0x16
 491 025f 66020000 		.4byte	.LASF30
 492 0263 66020000 		.4byte	.LASF30
 493 0267 08       		.byte	0x8
 494 0268 28       		.byte	0x28
 495 0269 16       		.uleb128 0x16
 496 026a 15000000 		.4byte	.LASF31
 497 026e 15000000 		.4byte	.LASF31
 498 0272 09       		.byte	0x9
 499 0273 1E       		.byte	0x1e
 500 0274 16       		.uleb128 0x16
 501 0275 FB000000 		.4byte	.LASF32
 502 0279 FB000000 		.4byte	.LASF32
 503 027d 0A       		.byte	0xa
 504 027e 38       		.byte	0x38
 505 027f 16       		.uleb128 0x16
 506 0280 B2010000 		.4byte	.LASF33
 507 0284 B2010000 		.4byte	.LASF33
 508 0288 0A       		.byte	0xa
 509 0289 3B       		.byte	0x3b
 510 028a 16       		.uleb128 0x16
 511 028b 40000000 		.4byte	.LASF34
 512 028f 40000000 		.4byte	.LASF34
 513 0293 0A       		.byte	0xa
 514 0294 3F       		.byte	0x3f
 515 0295 16       		.uleb128 0x16
 516 0296 52000000 		.4byte	.LASF35
 517 029a 52000000 		.4byte	.LASF35
 518 029e 0A       		.byte	0xa
 519 029f 2F       		.byte	0x2f
 520 02a0 16       		.uleb128 0x16
 521 02a1 16020000 		.4byte	.LASF36
 522 02a5 16020000 		.4byte	.LASF36
 523 02a9 0A       		.byte	0xa
 524 02aa 29       		.byte	0x29
 525 02ab 16       		.uleb128 0x16
ARM GAS  C:\Users\oscar\AppData\Local\Temp\ccKYWHOk.s 			page 11


 526 02ac 05000000 		.4byte	.LASF37
 527 02b0 05000000 		.4byte	.LASF37
 528 02b4 08       		.byte	0x8
 529 02b5 18       		.byte	0x18
 530 02b6 00       		.byte	0
 531              		.section	.debug_abbrev,"",%progbits
 532              	.Ldebug_abbrev0:
 533 0000 01       		.uleb128 0x1
 534 0001 11       		.uleb128 0x11
 535 0002 01       		.byte	0x1
 536 0003 25       		.uleb128 0x25
 537 0004 0E       		.uleb128 0xe
 538 0005 13       		.uleb128 0x13
 539 0006 0B       		.uleb128 0xb
 540 0007 03       		.uleb128 0x3
 541 0008 0E       		.uleb128 0xe
 542 0009 1B       		.uleb128 0x1b
 543 000a 0E       		.uleb128 0xe
 544 000b 55       		.uleb128 0x55
 545 000c 17       		.uleb128 0x17
 546 000d 11       		.uleb128 0x11
 547 000e 01       		.uleb128 0x1
 548 000f 10       		.uleb128 0x10
 549 0010 17       		.uleb128 0x17
 550 0011 00       		.byte	0
 551 0012 00       		.byte	0
 552 0013 02       		.uleb128 0x2
 553 0014 24       		.uleb128 0x24
 554 0015 00       		.byte	0
 555 0016 0B       		.uleb128 0xb
 556 0017 0B       		.uleb128 0xb
 557 0018 3E       		.uleb128 0x3e
 558 0019 0B       		.uleb128 0xb
 559 001a 03       		.uleb128 0x3
 560 001b 0E       		.uleb128 0xe
 561 001c 00       		.byte	0
 562 001d 00       		.byte	0
 563 001e 03       		.uleb128 0x3
 564 001f 16       		.uleb128 0x16
 565 0020 00       		.byte	0
 566 0021 03       		.uleb128 0x3
 567 0022 0E       		.uleb128 0xe
 568 0023 3A       		.uleb128 0x3a
 569 0024 0B       		.uleb128 0xb
 570 0025 3B       		.uleb128 0x3b
 571 0026 0B       		.uleb128 0xb
 572 0027 49       		.uleb128 0x49
 573 0028 13       		.uleb128 0x13
 574 0029 00       		.byte	0
 575 002a 00       		.byte	0
 576 002b 04       		.uleb128 0x4
 577 002c 24       		.uleb128 0x24
 578 002d 00       		.byte	0
 579 002e 0B       		.uleb128 0xb
 580 002f 0B       		.uleb128 0xb
 581 0030 3E       		.uleb128 0x3e
 582 0031 0B       		.uleb128 0xb
ARM GAS  C:\Users\oscar\AppData\Local\Temp\ccKYWHOk.s 			page 12


 583 0032 03       		.uleb128 0x3
 584 0033 08       		.uleb128 0x8
 585 0034 00       		.byte	0
 586 0035 00       		.byte	0
 587 0036 05       		.uleb128 0x5
 588 0037 16       		.uleb128 0x16
 589 0038 00       		.byte	0
 590 0039 03       		.uleb128 0x3
 591 003a 0E       		.uleb128 0xe
 592 003b 3A       		.uleb128 0x3a
 593 003c 0B       		.uleb128 0xb
 594 003d 3B       		.uleb128 0x3b
 595 003e 05       		.uleb128 0x5
 596 003f 49       		.uleb128 0x49
 597 0040 13       		.uleb128 0x13
 598 0041 00       		.byte	0
 599 0042 00       		.byte	0
 600 0043 06       		.uleb128 0x6
 601 0044 35       		.uleb128 0x35
 602 0045 00       		.byte	0
 603 0046 49       		.uleb128 0x49
 604 0047 13       		.uleb128 0x13
 605 0048 00       		.byte	0
 606 0049 00       		.byte	0
 607 004a 07       		.uleb128 0x7
 608 004b 04       		.uleb128 0x4
 609 004c 01       		.byte	0x1
 610 004d 0B       		.uleb128 0xb
 611 004e 0B       		.uleb128 0xb
 612 004f 49       		.uleb128 0x49
 613 0050 13       		.uleb128 0x13
 614 0051 3A       		.uleb128 0x3a
 615 0052 0B       		.uleb128 0xb
 616 0053 3B       		.uleb128 0x3b
 617 0054 0B       		.uleb128 0xb
 618 0055 01       		.uleb128 0x1
 619 0056 13       		.uleb128 0x13
 620 0057 00       		.byte	0
 621 0058 00       		.byte	0
 622 0059 08       		.uleb128 0x8
 623 005a 28       		.uleb128 0x28
 624 005b 00       		.byte	0
 625 005c 03       		.uleb128 0x3
 626 005d 0E       		.uleb128 0xe
 627 005e 1C       		.uleb128 0x1c
 628 005f 0B       		.uleb128 0xb
 629 0060 00       		.byte	0
 630 0061 00       		.byte	0
 631 0062 09       		.uleb128 0x9
 632 0063 2E       		.uleb128 0x2e
 633 0064 01       		.byte	0x1
 634 0065 3F       		.uleb128 0x3f
 635 0066 19       		.uleb128 0x19
 636 0067 03       		.uleb128 0x3
 637 0068 0E       		.uleb128 0xe
 638 0069 3A       		.uleb128 0x3a
 639 006a 0B       		.uleb128 0xb
ARM GAS  C:\Users\oscar\AppData\Local\Temp\ccKYWHOk.s 			page 13


 640 006b 3B       		.uleb128 0x3b
 641 006c 0B       		.uleb128 0xb
 642 006d 27       		.uleb128 0x27
 643 006e 19       		.uleb128 0x19
 644 006f 11       		.uleb128 0x11
 645 0070 01       		.uleb128 0x1
 646 0071 12       		.uleb128 0x12
 647 0072 06       		.uleb128 0x6
 648 0073 40       		.uleb128 0x40
 649 0074 18       		.uleb128 0x18
 650 0075 9742     		.uleb128 0x2117
 651 0077 19       		.uleb128 0x19
 652 0078 01       		.uleb128 0x1
 653 0079 13       		.uleb128 0x13
 654 007a 00       		.byte	0
 655 007b 00       		.byte	0
 656 007c 0A       		.uleb128 0xa
 657 007d 898201   		.uleb128 0x4109
 658 0080 00       		.byte	0
 659 0081 11       		.uleb128 0x11
 660 0082 01       		.uleb128 0x1
 661 0083 31       		.uleb128 0x31
 662 0084 13       		.uleb128 0x13
 663 0085 00       		.byte	0
 664 0086 00       		.byte	0
 665 0087 0B       		.uleb128 0xb
 666 0088 2E       		.uleb128 0x2e
 667 0089 01       		.byte	0x1
 668 008a 3F       		.uleb128 0x3f
 669 008b 19       		.uleb128 0x19
 670 008c 03       		.uleb128 0x3
 671 008d 0E       		.uleb128 0xe
 672 008e 3A       		.uleb128 0x3a
 673 008f 0B       		.uleb128 0xb
 674 0090 3B       		.uleb128 0x3b
 675 0091 0B       		.uleb128 0xb
 676 0092 11       		.uleb128 0x11
 677 0093 01       		.uleb128 0x1
 678 0094 12       		.uleb128 0x12
 679 0095 06       		.uleb128 0x6
 680 0096 40       		.uleb128 0x40
 681 0097 18       		.uleb128 0x18
 682 0098 9742     		.uleb128 0x2117
 683 009a 19       		.uleb128 0x19
 684 009b 01       		.uleb128 0x1
 685 009c 13       		.uleb128 0x13
 686 009d 00       		.byte	0
 687 009e 00       		.byte	0
 688 009f 0C       		.uleb128 0xc
 689 00a0 898201   		.uleb128 0x4109
 690 00a3 01       		.byte	0x1
 691 00a4 11       		.uleb128 0x11
 692 00a5 01       		.uleb128 0x1
 693 00a6 31       		.uleb128 0x31
 694 00a7 13       		.uleb128 0x13
 695 00a8 01       		.uleb128 0x1
 696 00a9 13       		.uleb128 0x13
ARM GAS  C:\Users\oscar\AppData\Local\Temp\ccKYWHOk.s 			page 14


 697 00aa 00       		.byte	0
 698 00ab 00       		.byte	0
 699 00ac 0D       		.uleb128 0xd
 700 00ad 8A8201   		.uleb128 0x410a
 701 00b0 00       		.byte	0
 702 00b1 02       		.uleb128 0x2
 703 00b2 18       		.uleb128 0x18
 704 00b3 9142     		.uleb128 0x2111
 705 00b5 18       		.uleb128 0x18
 706 00b6 00       		.byte	0
 707 00b7 00       		.byte	0
 708 00b8 0E       		.uleb128 0xe
 709 00b9 898201   		.uleb128 0x4109
 710 00bc 01       		.byte	0x1
 711 00bd 11       		.uleb128 0x11
 712 00be 01       		.uleb128 0x1
 713 00bf 31       		.uleb128 0x31
 714 00c0 13       		.uleb128 0x13
 715 00c1 00       		.byte	0
 716 00c2 00       		.byte	0
 717 00c3 0F       		.uleb128 0xf
 718 00c4 2E       		.uleb128 0x2e
 719 00c5 00       		.byte	0
 720 00c6 3F       		.uleb128 0x3f
 721 00c7 19       		.uleb128 0x19
 722 00c8 03       		.uleb128 0x3
 723 00c9 0E       		.uleb128 0xe
 724 00ca 3A       		.uleb128 0x3a
 725 00cb 0B       		.uleb128 0xb
 726 00cc 3B       		.uleb128 0x3b
 727 00cd 0B       		.uleb128 0xb
 728 00ce 11       		.uleb128 0x11
 729 00cf 01       		.uleb128 0x1
 730 00d0 12       		.uleb128 0x12
 731 00d1 06       		.uleb128 0x6
 732 00d2 40       		.uleb128 0x40
 733 00d3 18       		.uleb128 0x18
 734 00d4 9742     		.uleb128 0x2117
 735 00d6 19       		.uleb128 0x19
 736 00d7 00       		.byte	0
 737 00d8 00       		.byte	0
 738 00d9 10       		.uleb128 0x10
 739 00da 34       		.uleb128 0x34
 740 00db 00       		.byte	0
 741 00dc 03       		.uleb128 0x3
 742 00dd 0E       		.uleb128 0xe
 743 00de 3A       		.uleb128 0x3a
 744 00df 0B       		.uleb128 0xb
 745 00e0 3B       		.uleb128 0x3b
 746 00e1 05       		.uleb128 0x5
 747 00e2 49       		.uleb128 0x49
 748 00e3 13       		.uleb128 0x13
 749 00e4 3F       		.uleb128 0x3f
 750 00e5 19       		.uleb128 0x19
 751 00e6 3C       		.uleb128 0x3c
 752 00e7 19       		.uleb128 0x19
 753 00e8 00       		.byte	0
ARM GAS  C:\Users\oscar\AppData\Local\Temp\ccKYWHOk.s 			page 15


 754 00e9 00       		.byte	0
 755 00ea 11       		.uleb128 0x11
 756 00eb 34       		.uleb128 0x34
 757 00ec 00       		.byte	0
 758 00ed 03       		.uleb128 0x3
 759 00ee 0E       		.uleb128 0xe
 760 00ef 3A       		.uleb128 0x3a
 761 00f0 0B       		.uleb128 0xb
 762 00f1 3B       		.uleb128 0x3b
 763 00f2 0B       		.uleb128 0xb
 764 00f3 49       		.uleb128 0x49
 765 00f4 13       		.uleb128 0x13
 766 00f5 3F       		.uleb128 0x3f
 767 00f6 19       		.uleb128 0x19
 768 00f7 02       		.uleb128 0x2
 769 00f8 18       		.uleb128 0x18
 770 00f9 00       		.byte	0
 771 00fa 00       		.byte	0
 772 00fb 12       		.uleb128 0x12
 773 00fc 01       		.uleb128 0x1
 774 00fd 01       		.byte	0x1
 775 00fe 49       		.uleb128 0x49
 776 00ff 13       		.uleb128 0x13
 777 0100 01       		.uleb128 0x1
 778 0101 13       		.uleb128 0x13
 779 0102 00       		.byte	0
 780 0103 00       		.byte	0
 781 0104 13       		.uleb128 0x13
 782 0105 21       		.uleb128 0x21
 783 0106 00       		.byte	0
 784 0107 49       		.uleb128 0x49
 785 0108 13       		.uleb128 0x13
 786 0109 2F       		.uleb128 0x2f
 787 010a 0B       		.uleb128 0xb
 788 010b 00       		.byte	0
 789 010c 00       		.byte	0
 790 010d 14       		.uleb128 0x14
 791 010e 21       		.uleb128 0x21
 792 010f 00       		.byte	0
 793 0110 49       		.uleb128 0x49
 794 0111 13       		.uleb128 0x13
 795 0112 2F       		.uleb128 0x2f
 796 0113 05       		.uleb128 0x5
 797 0114 00       		.byte	0
 798 0115 00       		.byte	0
 799 0116 15       		.uleb128 0x15
 800 0117 34       		.uleb128 0x34
 801 0118 00       		.byte	0
 802 0119 03       		.uleb128 0x3
 803 011a 0E       		.uleb128 0xe
 804 011b 3A       		.uleb128 0x3a
 805 011c 0B       		.uleb128 0xb
 806 011d 3B       		.uleb128 0x3b
 807 011e 0B       		.uleb128 0xb
 808 011f 49       		.uleb128 0x49
 809 0120 13       		.uleb128 0x13
 810 0121 3F       		.uleb128 0x3f
ARM GAS  C:\Users\oscar\AppData\Local\Temp\ccKYWHOk.s 			page 16


 811 0122 19       		.uleb128 0x19
 812 0123 3C       		.uleb128 0x3c
 813 0124 19       		.uleb128 0x19
 814 0125 00       		.byte	0
 815 0126 00       		.byte	0
 816 0127 16       		.uleb128 0x16
 817 0128 2E       		.uleb128 0x2e
 818 0129 00       		.byte	0
 819 012a 3F       		.uleb128 0x3f
 820 012b 19       		.uleb128 0x19
 821 012c 3C       		.uleb128 0x3c
 822 012d 19       		.uleb128 0x19
 823 012e 6E       		.uleb128 0x6e
 824 012f 0E       		.uleb128 0xe
 825 0130 03       		.uleb128 0x3
 826 0131 0E       		.uleb128 0xe
 827 0132 3A       		.uleb128 0x3a
 828 0133 0B       		.uleb128 0xb
 829 0134 3B       		.uleb128 0x3b
 830 0135 0B       		.uleb128 0xb
 831 0136 00       		.byte	0
 832 0137 00       		.byte	0
 833 0138 00       		.byte	0
 834              		.section	.debug_aranges,"",%progbits
 835 0000 34000000 		.4byte	0x34
 836 0004 0200     		.2byte	0x2
 837 0006 00000000 		.4byte	.Ldebug_info0
 838 000a 04       		.byte	0x4
 839 000b 00       		.byte	0
 840 000c 0000     		.2byte	0
 841 000e 0000     		.2byte	0
 842 0010 00000000 		.4byte	.LFB65
 843 0014 14000000 		.4byte	.LFE65-.LFB65
 844 0018 00000000 		.4byte	.LFB63
 845 001c 54000000 		.4byte	.LFE63-.LFB63
 846 0020 00000000 		.4byte	.LFB64
 847 0024 10000000 		.4byte	.LFE64-.LFB64
 848 0028 00000000 		.4byte	.LFB66
 849 002c 0C000000 		.4byte	.LFE66-.LFB66
 850 0030 00000000 		.4byte	0
 851 0034 00000000 		.4byte	0
 852              		.section	.debug_ranges,"",%progbits
 853              	.Ldebug_ranges0:
 854 0000 00000000 		.4byte	.LFB65
 855 0004 14000000 		.4byte	.LFE65
 856 0008 00000000 		.4byte	.LFB63
 857 000c 54000000 		.4byte	.LFE63
 858 0010 00000000 		.4byte	.LFB64
 859 0014 10000000 		.4byte	.LFE64
 860 0018 00000000 		.4byte	.LFB66
 861 001c 0C000000 		.4byte	.LFE66
 862 0020 00000000 		.4byte	0
 863 0024 00000000 		.4byte	0
 864              		.section	.debug_line,"",%progbits
 865              	.Ldebug_line0:
 866 0000 F5010000 		.section	.debug_str,"MS",%progbits,1
 866      0200AA01 
ARM GAS  C:\Users\oscar\AppData\Local\Temp\ccKYWHOk.s 			page 17


 866      00000201 
 866      FB0E0D00 
 866      01010101 
 867              	.LASF21:
 868 0000 74727565 		.ascii	"true\000"
 868      00
 869              	.LASF37:
 870 0005 6973725F 		.ascii	"isr_DMA_StartEx\000"
 870      444D415F 
 870      53746172 
 870      74457800 
 871              	.LASF31:
 872 0015 444D415F 		.ascii	"DMA_ADC_DmaInitialize\000"
 872      4144435F 
 872      446D6149 
 872      6E697469 
 872      616C697A 
 873              	.LASF27:
 874 002b 444D415F 		.ascii	"DMA_ADC_TD\000"
 874      4144435F 
 874      544400
 875              	.LASF9:
 876 0036 5F5F696E 		.ascii	"__int32_t\000"
 876      7433325F 
 876      7400
 877              	.LASF34:
 878 0040 4379446D 		.ascii	"CyDmaTdSetAddress\000"
 878      61546453 
 878      65744164 
 878      64726573 
 878      7300
 879              	.LASF35:
 880 0052 4379446D 		.ascii	"CyDmaChSetInitialTd\000"
 880      61436853 
 880      6574496E 
 880      69746961 
 880      6C546400 
 881              	.LASF40:
 882 0066 443A5C53 		.ascii	"D:\\Semester\\SecondSemester\\SDHD\\thirdpart\\Soft"
 882      656D6573 
 882      7465725C 
 882      5365636F 
 882      6E645365 
 883 0094 77617265 		.ascii	"wareSDHD.cywrk.Archive01\\SoftwareSDHD\\OAguilar_76"
 883      53444844 
 883      2E637977 
 883      726B2E41 
 883      72636869 
 884 00c5 36343638 		.ascii	"6468_SoftwareDevelopmentAssignment.cydsn\000"
 884      5F536F66 
 884      74776172 
 884      65446576 
 884      656C6F70 
 885              	.LASF22:
 886 00ee 626F6F6C 		.ascii	"bool_t\000"
 886      5F7400
 887              	.LASF20:
ARM GAS  C:\Users\oscar\AppData\Local\Temp\ccKYWHOk.s 			page 18


 888 00f5 66616C73 		.ascii	"false\000"
 888      6500
 889              	.LASF32:
 890 00fb 4379446D 		.ascii	"CyDmaTdAllocate\000"
 890      61546441 
 890      6C6C6F63 
 890      61746500 
 891              	.LASF14:
 892 010b 666C6F61 		.ascii	"float\000"
 892      7400
 893              	.LASF1:
 894 0111 756E7369 		.ascii	"unsigned char\000"
 894      676E6564 
 894      20636861 
 894      7200
 895              	.LASF38:
 896 011f 474E5520 		.ascii	"GNU C11 5.4.1 20160609 (release) [ARM/embedded-5-br"
 896      43313120 
 896      352E342E 
 896      31203230 
 896      31363036 
 897 0152 616E6368 		.ascii	"anch revision 237715] -mcpu=cortex-m3 -mthumb -g -O"
 897      20726576 
 897      6973696F 
 897      6E203233 
 897      37373135 
 898 0185 67202D66 		.ascii	"g -ffunction-sections -ffat-lto-objects\000"
 898      66756E63 
 898      74696F6E 
 898      2D736563 
 898      74696F6E 
 899              	.LASF17:
 900 01ad 72656738 		.ascii	"reg8\000"
 900      00
 901              	.LASF33:
 902 01b2 4379446D 		.ascii	"CyDmaTdSetConfiguration\000"
 902      61546453 
 902      6574436F 
 902      6E666967 
 902      75726174 
 903              	.LASF5:
 904 01ca 6C6F6E67 		.ascii	"long unsigned int\000"
 904      20756E73 
 904      69676E65 
 904      6420696E 
 904      7400
 905              	.LASF3:
 906 01dc 73686F72 		.ascii	"short unsigned int\000"
 906      7420756E 
 906      7369676E 
 906      65642069 
 906      6E7400
 907              	.LASF25:
 908 01ef 49544D5F 		.ascii	"ITM_RxBuffer\000"
 908      52784275 
 908      66666572 
 908      00
ARM GAS  C:\Users\oscar\AppData\Local\Temp\ccKYWHOk.s 			page 19


 909              	.LASF41:
 910 01fc 4953525F 		.ascii	"ISR_DMA\000"
 910      444D4100 
 911              	.LASF15:
 912 0204 646F7562 		.ascii	"double\000"
 912      6C6500
 913              	.LASF23:
 914 020b 444D415F 		.ascii	"DMA_Config\000"
 914      436F6E66 
 914      696700
 915              	.LASF36:
 916 0216 4379446D 		.ascii	"CyDmaChEnable\000"
 916      61436845 
 916      6E61626C 
 916      6500
 917              	.LASF12:
 918 0224 75696E74 		.ascii	"uint16\000"
 918      313600
 919              	.LASF13:
 920 022b 75696E74 		.ascii	"uint32\000"
 920      333200
 921              	.LASF42:
 922 0232 444D4169 		.ascii	"DMAisrFlagClear\000"
 922      7372466C 
 922      6167436C 
 922      65617200 
 923              	.LASF8:
 924 0242 756E7369 		.ascii	"unsigned int\000"
 924      676E6564 
 924      20696E74 
 924      00
 925              	.LASF7:
 926 024f 6C6F6E67 		.ascii	"long long unsigned int\000"
 926      206C6F6E 
 926      6720756E 
 926      7369676E 
 926      65642069 
 927              	.LASF30:
 928 0266 6973725F 		.ascii	"isr_DMA_ClearPending\000"
 928      444D415F 
 928      436C6561 
 928      7250656E 
 928      64696E67 
 929              	.LASF10:
 930 027b 696E7433 		.ascii	"int32_t\000"
 930      325F7400 
 931              	.LASF19:
 932 0283 73697A65 		.ascii	"sizetype\000"
 932      74797065 
 932      00
 933              	.LASF6:
 934 028c 6C6F6E67 		.ascii	"long long int\000"
 934      206C6F6E 
 934      6720696E 
 934      7400
 935              	.LASF16:
 936 029a 63686172 		.ascii	"char\000"
ARM GAS  C:\Users\oscar\AppData\Local\Temp\ccKYWHOk.s 			page 20


 936      00
 937              	.LASF28:
 938 029f 444D4141 		.ascii	"DMAArray\000"
 938      72726179 
 938      00
 939              	.LASF26:
 940 02a8 444D415F 		.ascii	"DMA_ADC_Chan\000"
 940      4144435F 
 940      4368616E 
 940      00
 941              	.LASF39:
 942 02b5 736F7572 		.ascii	"source\\bsw\\DMA.c\000"
 942      63655C62 
 942      73775C44 
 942      4D412E63 
 942      00
 943              	.LASF2:
 944 02c6 73686F72 		.ascii	"short int\000"
 944      7420696E 
 944      7400
 945              	.LASF11:
 946 02d0 75696E74 		.ascii	"uint8\000"
 946      3800
 947              	.LASF4:
 948 02d6 6C6F6E67 		.ascii	"long int\000"
 948      20696E74 
 948      00
 949              	.LASF18:
 950 02df 6C6F6E67 		.ascii	"long double\000"
 950      20646F75 
 950      626C6500 
 951              	.LASF0:
 952 02eb 7369676E 		.ascii	"signed char\000"
 952      65642063 
 952      68617200 
 953              	.LASF29:
 954 02f7 444D415F 		.ascii	"DMA_isr_Flag\000"
 954      6973725F 
 954      466C6167 
 954      00
 955              	.LASF24:
 956 0304 444D415F 		.ascii	"DMA_ISR_Init\000"
 956      4953525F 
 956      496E6974 
 956      00
 957              		.ident	"GCC: (GNU Tools for ARM Embedded Processors) 5.4.1 20160609 (release) [ARM/embedded-5-bran
