ARM GAS  C:\Users\oscar\AppData\Local\Temp\cco7DRS5.s 			page 1


   1              		.syntax unified
   2              		.cpu cortex-m3
   3              		.fpu softvfp
   4              		.eabi_attribute 20, 1
   5              		.eabi_attribute 21, 1
   6              		.eabi_attribute 23, 3
   7              		.eabi_attribute 24, 1
   8              		.eabi_attribute 25, 1
   9              		.eabi_attribute 26, 1
  10              		.eabi_attribute 30, 1
  11              		.eabi_attribute 34, 1
  12              		.eabi_attribute 18, 4
  13              		.thumb
  14              		.syntax unified
  15              		.file	"FSM.c"
  16              		.text
  17              	.Ltext0:
  18              		.cfi_sections	.debug_frame
  19              		.section	.text.runFSM,"ax",%progbits
  20              		.align	2
  21              		.global	runFSM
  22              		.thumb
  23              		.thumb_func
  24              		.type	runFSM, %function
  25              	runFSM:
  26              	.LFB63:
  27              		.file 1 "source\\asw\\FSM.c"
   1:source\asw/FSM.c **** #include "FSM.h" 
   2:source\asw/FSM.c **** 
   3:source\asw/FSM.c **** 
   4:source\asw/FSM.c **** void runFSM(State_t * currentState)
   5:source\asw/FSM.c **** {
  28              		.loc 1 5 0
  29              		.cfi_startproc
  30              		@ args = 0, pretend = 0, frame = 0
  31              		@ frame_needed = 0, uses_anonymous_args = 0
  32              	.LVL0:
  33 0000 38B5     		push	{r3, r4, r5, lr}
  34              		.cfi_def_cfa_offset 16
  35              		.cfi_offset 3, -16
  36              		.cfi_offset 4, -12
  37              		.cfi_offset 5, -8
  38              		.cfi_offset 14, -4
  39 0002 0446     		mov	r4, r0
   6:source\asw/FSM.c ****     static uint16 sendCount=0;
   7:source\asw/FSM.c ****     static uint16 transferCount=0;
   8:source\asw/FSM.c ****     switch(*currentState)
  40              		.loc 1 8 0
  41 0004 0378     		ldrb	r3, [r0]	@ zero_extendqisi2
  42 0006 012B     		cmp	r3, #1
  43 0008 18D0     		beq	.L3
  44 000a 13B1     		cbz	r3, .L4
  45 000c 022B     		cmp	r3, #2
  46 000e 39D0     		beq	.L5
  47 0010 38BD     		pop	{r3, r4, r5, pc}
  48              	.L4:
   9:source\asw/FSM.c ****     {
ARM GAS  C:\Users\oscar\AppData\Local\Temp\cco7DRS5.s 			page 2


  10:source\asw/FSM.c ****         case isIDLE:
  11:source\asw/FSM.c ****         //wait for button state
  12:source\asw/FSM.c ****         if(buttonFlag)
  49              		.loc 1 12 0
  50 0012 3D4B     		ldr	r3, .L11
  51 0014 1B78     		ldrb	r3, [r3]	@ zero_extendqisi2
  52 0016 13F0FF0F 		tst	r3, #255
  53 001a 03D0     		beq	.L6
  13:source\asw/FSM.c ****         {
  14:source\asw/FSM.c ****             buttonFlagClear(); 
  54              		.loc 1 14 0
  55 001c FFF7FEFF 		bl	buttonFlagClear
  56              	.LVL1:
  15:source\asw/FSM.c ****             *currentState=isMEASURING;
  57              		.loc 1 15 0
  58 0020 0123     		movs	r3, #1
  59 0022 2370     		strb	r3, [r4]
  60              	.L6:
  16:source\asw/FSM.c ****             //ADC_DelSig_1_StartConvert();
  17:source\asw/FSM.c ****             
  18:source\asw/FSM.c ****         }
  19:source\asw/FSM.c ****         LED_red_Write(LED_Off);
  61              		.loc 1 19 0
  62 0024 0020     		movs	r0, #0
  63 0026 FFF7FEFF 		bl	LED_red_Write
  64              	.LVL2:
  20:source\asw/FSM.c ****         LED_yellow_Write(LED_On);
  65              		.loc 1 20 0
  66 002a 0120     		movs	r0, #1
  67 002c FFF7FEFF 		bl	LED_yellow_Write
  68              	.LVL3:
  21:source\asw/FSM.c ****         LED_green_Write(LED_Off);
  69              		.loc 1 21 0
  70 0030 0020     		movs	r0, #0
  71 0032 FFF7FEFF 		bl	LED_green_Write
  72              	.LVL4:
  22:source\asw/FSM.c ****         UART_1_ClearTxBuffer();
  73              		.loc 1 22 0
  74 0036 FFF7FEFF 		bl	UART_1_ClearTxBuffer
  75              	.LVL5:
  23:source\asw/FSM.c ****         break;
  76              		.loc 1 23 0
  77 003a 38BD     		pop	{r3, r4, r5, pc}
  78              	.LVL6:
  79              	.L3:
  24:source\asw/FSM.c ****         
  25:source\asw/FSM.c ****         case isMEASURING: 
  26:source\asw/FSM.c ****         //measuring state
  27:source\asw/FSM.c ****         LED_red_Write(LED_Off);
  80              		.loc 1 27 0
  81 003c 0020     		movs	r0, #0
  82              	.LVL7:
  83 003e FFF7FEFF 		bl	LED_red_Write
  84              	.LVL8:
  28:source\asw/FSM.c ****         LED_yellow_Write(LED_Off);
  85              		.loc 1 28 0
  86 0042 0020     		movs	r0, #0
ARM GAS  C:\Users\oscar\AppData\Local\Temp\cco7DRS5.s 			page 3


  87 0044 FFF7FEFF 		bl	LED_yellow_Write
  88              	.LVL9:
  29:source\asw/FSM.c ****         LED_Toggle(LED_GREEN);//Signal the users for problem if toggle does not look fast; combinin
  89              		.loc 1 29 0
  90 0048 0020     		movs	r0, #0
  91 004a FFF7FEFF 		bl	LED_Toggle
  92              	.LVL10:
  30:source\asw/FSM.c ****         if (UARTRX_s_Flag) //would avoid unnecessary recording of data; commented out as it goes ag
  93              		.loc 1 30 0
  94 004e 2F4B     		ldr	r3, .L11+4
  95 0050 1B78     		ldrb	r3, [r3]	@ zero_extendqisi2
  96 0052 13F0FF0F 		tst	r3, #255
  97 0056 04D0     		beq	.L7
  31:source\asw/FSM.c ****         {
  32:source\asw/FSM.c ****         CyDmaChEnable(DMA_ADC_Chan, 1); //No need to disable.... it is configured to disable after 
  98              		.loc 1 32 0
  99 0058 0121     		movs	r1, #1
 100 005a 2D4B     		ldr	r3, .L11+8
 101 005c 1878     		ldrb	r0, [r3]	@ zero_extendqisi2
 102 005e FFF7FEFF 		bl	CyDmaChEnable
 103              	.LVL11:
 104              	.L7:
  33:source\asw/FSM.c ****         //ADC_DelSig_1_IsEndConversion(ADC_DelSig_1_WAIT_FOR_RESULT);
  34:source\asw/FSM.c ****         }
  35:source\asw/FSM.c ****         if(DMA_isr_Flag && UARTRX_s_Flag)
 105              		.loc 1 35 0
 106 0062 2C4B     		ldr	r3, .L11+12
 107 0064 1B78     		ldrb	r3, [r3]	@ zero_extendqisi2
 108 0066 13F0FF0F 		tst	r3, #255
 109 006a 4BD0     		beq	.L1
 110              		.loc 1 35 0 is_stmt 0 discriminator 1
 111 006c 274B     		ldr	r3, .L11+4
 112 006e 1B78     		ldrb	r3, [r3]	@ zero_extendqisi2
 113 0070 13F0FF0F 		tst	r3, #255
 114 0074 46D0     		beq	.L1
  36:source\asw/FSM.c ****         {
  37:source\asw/FSM.c ****            // ADC_DelSig_1_StopConvert();
  38:source\asw/FSM.c ****             UARTRXsFlagClear();
 115              		.loc 1 38 0 is_stmt 1
 116 0076 FFF7FEFF 		bl	UARTRXsFlagClear
 117              	.LVL12:
  39:source\asw/FSM.c ****             DMAisrFlagClear();
 118              		.loc 1 39 0
 119 007a FFF7FEFF 		bl	DMAisrFlagClear
 120              	.LVL13:
  40:source\asw/FSM.c ****             *currentState=isSENDING;
 121              		.loc 1 40 0
 122 007e 0223     		movs	r3, #2
 123 0080 2370     		strb	r3, [r4]
 124 0082 38BD     		pop	{r3, r4, r5, pc}
 125              	.LVL14:
 126              	.L5:
  41:source\asw/FSM.c ****         }
  42:source\asw/FSM.c ****         break; 
  43:source\asw/FSM.c ****         
  44:source\asw/FSM.c ****         case isSENDING:
  45:source\asw/FSM.c ****         //sending state
ARM GAS  C:\Users\oscar\AppData\Local\Temp\cco7DRS5.s 			page 4


  46:source\asw/FSM.c ****         LED_Toggle(LED_RED); //Problem if toggle does not look fast
 127              		.loc 1 46 0
 128 0084 0220     		movs	r0, #2
 129              	.LVL15:
 130 0086 FFF7FEFF 		bl	LED_Toggle
 131              	.LVL16:
  47:source\asw/FSM.c ****         LED_yellow_Write(LED_Off);
 132              		.loc 1 47 0
 133 008a 0020     		movs	r0, #0
 134 008c FFF7FEFF 		bl	LED_yellow_Write
 135              	.LVL17:
  48:source\asw/FSM.c ****         LED_green_Write(LED_Off);
 136              		.loc 1 48 0
 137 0090 0020     		movs	r0, #0
 138 0092 FFF7FEFF 		bl	LED_green_Write
 139              	.LVL18:
  49:source\asw/FSM.c ****         if(sendCount<DMA_ARRAY_LENGTH)
 140              		.loc 1 49 0
 141 0096 204B     		ldr	r3, .L11+16
 142 0098 1B88     		ldrh	r3, [r3]
 143 009a B3F5806F 		cmp	r3, #1024
 144 009e 0FD2     		bcs	.L8
  50:source\asw/FSM.c ****         {
  51:source\asw/FSM.c ****             UART_1_PutChar((uint8)(DMAArray[sendCount])); 
 145              		.loc 1 51 0
 146 00a0 1E4D     		ldr	r5, .L11+20
 147 00a2 15F81300 		ldrb	r0, [r5, r3, lsl #1]	@ zero_extendqisi2
 148 00a6 FFF7FEFF 		bl	UART_1_PutChar
 149              	.LVL19:
  52:source\asw/FSM.c ****             UART_1_PutChar((uint8)(DMAArray[sendCount]>>8));           
 150              		.loc 1 52 0
 151 00aa 1B4C     		ldr	r4, .L11+16
 152              	.LVL20:
 153 00ac 2388     		ldrh	r3, [r4]
 154 00ae 35F81300 		ldrh	r0, [r5, r3, lsl #1]
 155 00b2 000A     		lsrs	r0, r0, #8
 156 00b4 FFF7FEFF 		bl	UART_1_PutChar
 157              	.LVL21:
  53:source\asw/FSM.c ****             
  54:source\asw/FSM.c ****             sendCount++;
 158              		.loc 1 54 0
 159 00b8 2388     		ldrh	r3, [r4]
 160 00ba 0133     		adds	r3, r3, #1
 161 00bc 2380     		strh	r3, [r4]	@ movhi
 162 00be 38BD     		pop	{r3, r4, r5, pc}
 163              	.LVL22:
 164              	.L8:
  55:source\asw/FSM.c ****         }
  56:source\asw/FSM.c ****         else if(UARTRX_o_Flag)
 165              		.loc 1 56 0
 166 00c0 174B     		ldr	r3, .L11+24
 167 00c2 1B78     		ldrb	r3, [r3]	@ zero_extendqisi2
 168 00c4 13F0FF0F 		tst	r3, #255
 169 00c8 0CD0     		beq	.L9
  57:source\asw/FSM.c ****         {
  58:source\asw/FSM.c ****             sendCount=0; 
 170              		.loc 1 58 0
ARM GAS  C:\Users\oscar\AppData\Local\Temp\cco7DRS5.s 			page 5


 171 00ca 134D     		ldr	r5, .L11+16
 172 00cc 0023     		movs	r3, #0
 173 00ce 2B80     		strh	r3, [r5]	@ movhi
  59:source\asw/FSM.c ****             UARTRXoFlagClear();
 174              		.loc 1 59 0
 175 00d0 FFF7FEFF 		bl	UARTRXoFlagClear
 176              	.LVL23:
  60:source\asw/FSM.c ****             if(transferCount< TOTAL_NUMBER_OF_TRANSFERS)
 177              		.loc 1 60 0
 178 00d4 6B88     		ldrh	r3, [r5, #2]
 179 00d6 042B     		cmp	r3, #4
 180 00d8 14D8     		bhi	.L1
  61:source\asw/FSM.c ****             {
  62:source\asw/FSM.c ****                 transferCount++;
 181              		.loc 1 62 0
 182 00da 0133     		adds	r3, r3, #1
 183 00dc 6B80     		strh	r3, [r5, #2]	@ movhi
  63:source\asw/FSM.c ****                // ADC_DelSig_1_StartConvert();
  64:source\asw/FSM.c ****                 *currentState=isMEASURING;  
 184              		.loc 1 64 0
 185 00de 0123     		movs	r3, #1
 186 00e0 2370     		strb	r3, [r4]
 187 00e2 38BD     		pop	{r3, r4, r5, pc}
 188              	.LVL24:
 189              	.L9:
  65:source\asw/FSM.c ****             }
  66:source\asw/FSM.c ****         }
  67:source\asw/FSM.c ****         else if (!UARTRX_o_Flag && transferCount>= TOTAL_NUMBER_OF_TRANSFERS) //this guard makes up
 190              		.loc 1 67 0
 191 00e4 0E4B     		ldr	r3, .L11+24
 192 00e6 1B78     		ldrb	r3, [r3]	@ zero_extendqisi2
 193 00e8 13F0FF0F 		tst	r3, #255
 194 00ec 0AD1     		bne	.L1
 195              		.loc 1 67 0 is_stmt 0 discriminator 1
 196 00ee 0A4B     		ldr	r3, .L11+16
 197 00f0 5B88     		ldrh	r3, [r3, #2]
 198 00f2 042B     		cmp	r3, #4
 199 00f4 06D9     		bls	.L1
  68:source\asw/FSM.c ****         {
  69:source\asw/FSM.c ****                 sendCount=0; 
 200              		.loc 1 69 0 is_stmt 1
 201 00f6 084B     		ldr	r3, .L11+16
 202 00f8 0025     		movs	r5, #0
 203 00fa 1D80     		strh	r5, [r3]	@ movhi
  70:source\asw/FSM.c ****                 transferCount=0;
 204              		.loc 1 70 0
 205 00fc 5D80     		strh	r5, [r3, #2]	@ movhi
  71:source\asw/FSM.c ****                 buttonFlagClear();  // clear button to ignore any button pushing prior to returning
 206              		.loc 1 71 0
 207 00fe FFF7FEFF 		bl	buttonFlagClear
 208              	.LVL25:
  72:source\asw/FSM.c ****                 *currentState=isIDLE;
 209              		.loc 1 72 0
 210 0102 2570     		strb	r5, [r4]
 211              	.L1:
 212 0104 38BD     		pop	{r3, r4, r5, pc}
 213              	.LVL26:
ARM GAS  C:\Users\oscar\AppData\Local\Temp\cco7DRS5.s 			page 6


 214              	.L12:
 215 0106 00BF     		.align	2
 216              	.L11:
 217 0108 00000000 		.word	buttonFlag
 218 010c 00000000 		.word	UARTRX_s_Flag
 219 0110 00000000 		.word	DMA_ADC_Chan
 220 0114 00000000 		.word	DMA_isr_Flag
 221 0118 00000000 		.word	.LANCHOR0
 222 011c 00000000 		.word	DMAArray
 223 0120 00000000 		.word	UARTRX_o_Flag
 224              		.cfi_endproc
 225              	.LFE63:
 226              		.size	runFSM, .-runFSM
 227              		.comm	DMA_ADC_TD,1,4
 228              		.comm	DMA_ADC_Chan,1,1
 229              		.bss
 230              		.align	1
 231              		.set	.LANCHOR0,. + 0
 232              		.type	sendCount.6120, %object
 233              		.size	sendCount.6120, 2
 234              	sendCount.6120:
 235 0000 0000     		.space	2
 236              		.type	transferCount.6121, %object
 237              		.size	transferCount.6121, 2
 238              	transferCount.6121:
 239 0002 0000     		.space	2
 240              		.text
 241              	.Letext0:
 242              		.file 2 "c:\\program files (x86)\\cypress\\psoc creator\\4.2\\psoc creator\\import\\gnu\\arm\\5.4.
 243              		.file 3 "c:\\program files (x86)\\cypress\\psoc creator\\4.2\\psoc creator\\import\\gnu\\arm\\5.4.
 244              		.file 4 "Generated_Source\\PSoC5/cytypes.h"
 245              		.file 5 ".\\source\\bsw/LEDS.h"
 246              		.file 6 ".\\source\\asw/cyapicallbacks.h"
 247              		.file 7 "source\\asw\\FSM.h"
 248              		.file 8 "Generated_Source\\PSoC5/core_cm3.h"
 249              		.file 9 ".\\source\\bsw/Button.h"
 250              		.file 10 ".\\source\\bsw/DMA.h"
 251              		.file 11 ".\\source\\bsw/UART.h"
 252              		.file 12 "Generated_Source\\PSoC5/LED_red.h"
 253              		.file 13 "Generated_Source\\PSoC5/LED_yellow.h"
 254              		.file 14 "Generated_Source\\PSoC5/LED_green.h"
 255              		.file 15 "Generated_Source\\PSoC5/UART_1.h"
 256              		.file 16 "Generated_Source\\PSoC5/CYDMAC.H"
 257              		.section	.debug_info,"",%progbits
 258              	.Ldebug_info0:
 259 0000 9B030000 		.4byte	0x39b
 260 0004 0400     		.2byte	0x4
 261 0006 00000000 		.4byte	.Ldebug_abbrev0
 262 000a 04       		.byte	0x4
 263 000b 01       		.uleb128 0x1
 264 000c 3B020000 		.4byte	.LASF51
 265 0010 0C       		.byte	0xc
 266 0011 38010000 		.4byte	.LASF52
 267 0015 68000000 		.4byte	.LASF53
 268 0019 00000000 		.4byte	.Ldebug_ranges0+0
 269 001d 00000000 		.4byte	0
 270 0021 00000000 		.4byte	.Ldebug_line0
ARM GAS  C:\Users\oscar\AppData\Local\Temp\cco7DRS5.s 			page 7


 271 0025 02       		.uleb128 0x2
 272 0026 01       		.byte	0x1
 273 0027 06       		.byte	0x6
 274 0028 5C030000 		.4byte	.LASF0
 275 002c 02       		.uleb128 0x2
 276 002d 01       		.byte	0x1
 277 002e 08       		.byte	0x8
 278 002f 2A010000 		.4byte	.LASF1
 279 0033 02       		.uleb128 0x2
 280 0034 02       		.byte	0x2
 281 0035 05       		.byte	0x5
 282 0036 14030000 		.4byte	.LASF2
 283 003a 02       		.uleb128 0x2
 284 003b 02       		.byte	0x2
 285 003c 07       		.byte	0x7
 286 003d 5B010000 		.4byte	.LASF3
 287 0041 03       		.uleb128 0x3
 288 0042 34000000 		.4byte	.LASF9
 289 0046 02       		.byte	0x2
 290 0047 3F       		.byte	0x3f
 291 0048 4C000000 		.4byte	0x4c
 292 004c 02       		.uleb128 0x2
 293 004d 04       		.byte	0x4
 294 004e 05       		.byte	0x5
 295 004f 33030000 		.4byte	.LASF4
 296 0053 02       		.uleb128 0x2
 297 0054 04       		.byte	0x4
 298 0055 07       		.byte	0x7
 299 0056 49010000 		.4byte	.LASF5
 300 005a 02       		.uleb128 0x2
 301 005b 08       		.byte	0x8
 302 005c 05       		.byte	0x5
 303 005d E0020000 		.4byte	.LASF6
 304 0061 02       		.uleb128 0x2
 305 0062 08       		.byte	0x8
 306 0063 07       		.byte	0x7
 307 0064 02020000 		.4byte	.LASF7
 308 0068 04       		.uleb128 0x4
 309 0069 04       		.byte	0x4
 310 006a 05       		.byte	0x5
 311 006b 696E7400 		.ascii	"int\000"
 312 006f 02       		.uleb128 0x2
 313 0070 04       		.byte	0x4
 314 0071 07       		.byte	0x7
 315 0072 E2010000 		.4byte	.LASF8
 316 0076 03       		.uleb128 0x3
 317 0077 08010000 		.4byte	.LASF10
 318 007b 03       		.byte	0x3
 319 007c 2C       		.byte	0x2c
 320 007d 41000000 		.4byte	0x41
 321 0081 05       		.uleb128 0x5
 322 0082 16010000 		.4byte	.LASF11
 323 0086 04       		.byte	0x4
 324 0087 E401     		.2byte	0x1e4
 325 0089 2C000000 		.4byte	0x2c
 326 008d 05       		.uleb128 0x5
 327 008e AB010000 		.4byte	.LASF12
ARM GAS  C:\Users\oscar\AppData\Local\Temp\cco7DRS5.s 			page 8


 328 0092 04       		.byte	0x4
 329 0093 E501     		.2byte	0x1e5
 330 0095 3A000000 		.4byte	0x3a
 331 0099 02       		.uleb128 0x2
 332 009a 04       		.byte	0x4
 333 009b 04       		.byte	0x4
 334 009c 10010000 		.4byte	.LASF13
 335 00a0 02       		.uleb128 0x2
 336 00a1 08       		.byte	0x8
 337 00a2 04       		.byte	0x4
 338 00a3 68030000 		.4byte	.LASF14
 339 00a7 02       		.uleb128 0x2
 340 00a8 01       		.byte	0x1
 341 00a9 08       		.byte	0x8
 342 00aa EE020000 		.4byte	.LASF15
 343 00ae 02       		.uleb128 0x2
 344 00af 08       		.byte	0x8
 345 00b0 04       		.byte	0x4
 346 00b1 46030000 		.4byte	.LASF16
 347 00b5 02       		.uleb128 0x2
 348 00b6 04       		.byte	0x4
 349 00b7 07       		.byte	0x7
 350 00b8 D0020000 		.4byte	.LASF17
 351 00bc 06       		.uleb128 0x6
 352 00bd 01       		.byte	0x1
 353 00be 2C000000 		.4byte	0x2c
 354 00c2 05       		.byte	0x5
 355 00c3 0C       		.byte	0xc
 356 00c4 DB000000 		.4byte	0xdb
 357 00c8 07       		.uleb128 0x7
 358 00c9 52030000 		.4byte	.LASF18
 359 00cd 00       		.byte	0
 360 00ce 07       		.uleb128 0x7
 361 00cf FC020000 		.4byte	.LASF19
 362 00d3 01       		.byte	0x1
 363 00d4 07       		.uleb128 0x7
 364 00d5 7C030000 		.4byte	.LASF20
 365 00d9 02       		.byte	0x2
 366 00da 00       		.byte	0
 367 00db 06       		.uleb128 0x6
 368 00dc 01       		.byte	0x1
 369 00dd 2C000000 		.4byte	0x2c
 370 00e1 05       		.byte	0x5
 371 00e2 18       		.byte	0x18
 372 00e3 F4000000 		.4byte	0xf4
 373 00e7 07       		.uleb128 0x7
 374 00e8 EF010000 		.4byte	.LASF21
 375 00ec 00       		.byte	0
 376 00ed 07       		.uleb128 0x7
 377 00ee D9020000 		.4byte	.LASF22
 378 00f2 01       		.byte	0x1
 379 00f3 00       		.byte	0
 380 00f4 06       		.uleb128 0x6
 381 00f5 01       		.byte	0x1
 382 00f6 2C000000 		.4byte	0x2c
 383 00fa 06       		.byte	0x6
 384 00fb 15       		.byte	0x15
ARM GAS  C:\Users\oscar\AppData\Local\Temp\cco7DRS5.s 			page 9


 385 00fc 0D010000 		.4byte	0x10d
 386 0100 07       		.uleb128 0x7
 387 0101 02010000 		.4byte	.LASF23
 388 0105 00       		.byte	0
 389 0106 07       		.uleb128 0x7
 390 0107 00000000 		.4byte	.LASF24
 391 010b 01       		.byte	0x1
 392 010c 00       		.byte	0
 393 010d 03       		.uleb128 0x3
 394 010e F0000000 		.4byte	.LASF25
 395 0112 06       		.byte	0x6
 396 0113 18       		.byte	0x18
 397 0114 F4000000 		.4byte	0xf4
 398 0118 06       		.uleb128 0x6
 399 0119 01       		.byte	0x1
 400 011a 2C000000 		.4byte	0x2c
 401 011e 07       		.byte	0x7
 402 011f 11       		.byte	0x11
 403 0120 37010000 		.4byte	0x137
 404 0124 07       		.uleb128 0x7
 405 0125 22000000 		.4byte	.LASF26
 406 0129 00       		.byte	0
 407 012a 07       		.uleb128 0x7
 408 012b 84030000 		.4byte	.LASF27
 409 012f 01       		.byte	0x1
 410 0130 07       		.uleb128 0x7
 411 0131 6E010000 		.4byte	.LASF28
 412 0135 02       		.byte	0x2
 413 0136 00       		.byte	0
 414 0137 03       		.uleb128 0x3
 415 0138 85010000 		.4byte	.LASF29
 416 013c 07       		.byte	0x7
 417 013d 16       		.byte	0x16
 418 013e 18010000 		.4byte	0x118
 419 0142 08       		.uleb128 0x8
 420 0143 C9020000 		.4byte	.LASF54
 421 0147 01       		.byte	0x1
 422 0148 04       		.byte	0x4
 423 0149 00000000 		.4byte	.LFB63
 424 014d 24010000 		.4byte	.LFE63-.LFB63
 425 0151 01       		.uleb128 0x1
 426 0152 9C       		.byte	0x9c
 427 0153 8F020000 		.4byte	0x28f
 428 0157 09       		.uleb128 0x9
 429 0158 15000000 		.4byte	.LASF55
 430 015c 01       		.byte	0x1
 431 015d 04       		.byte	0x4
 432 015e 8F020000 		.4byte	0x28f
 433 0162 00000000 		.4byte	.LLST0
 434 0166 0A       		.uleb128 0xa
 435 0167 3C030000 		.4byte	.LASF30
 436 016b 01       		.byte	0x1
 437 016c 06       		.byte	0x6
 438 016d 8D000000 		.4byte	0x8d
 439 0171 05       		.uleb128 0x5
 440 0172 03       		.byte	0x3
 441 0173 00000000 		.4byte	sendCount.6120
ARM GAS  C:\Users\oscar\AppData\Local\Temp\cco7DRS5.s 			page 10


 442 0177 0A       		.uleb128 0xa
 443 0178 4C000000 		.4byte	.LASF31
 444 017c 01       		.byte	0x1
 445 017d 07       		.byte	0x7
 446 017e 8D000000 		.4byte	0x8d
 447 0182 05       		.uleb128 0x5
 448 0183 03       		.byte	0x3
 449 0184 02000000 		.4byte	transferCount.6121
 450 0188 0B       		.uleb128 0xb
 451 0189 20000000 		.4byte	.LVL1
 452 018d 25030000 		.4byte	0x325
 453 0191 0C       		.uleb128 0xc
 454 0192 2A000000 		.4byte	.LVL2
 455 0196 30030000 		.4byte	0x330
 456 019a A4010000 		.4byte	0x1a4
 457 019e 0D       		.uleb128 0xd
 458 019f 01       		.uleb128 0x1
 459 01a0 50       		.byte	0x50
 460 01a1 01       		.uleb128 0x1
 461 01a2 30       		.byte	0x30
 462 01a3 00       		.byte	0
 463 01a4 0C       		.uleb128 0xc
 464 01a5 30000000 		.4byte	.LVL3
 465 01a9 3B030000 		.4byte	0x33b
 466 01ad B7010000 		.4byte	0x1b7
 467 01b1 0D       		.uleb128 0xd
 468 01b2 01       		.uleb128 0x1
 469 01b3 50       		.byte	0x50
 470 01b4 01       		.uleb128 0x1
 471 01b5 31       		.byte	0x31
 472 01b6 00       		.byte	0
 473 01b7 0C       		.uleb128 0xc
 474 01b8 36000000 		.4byte	.LVL4
 475 01bc 46030000 		.4byte	0x346
 476 01c0 CA010000 		.4byte	0x1ca
 477 01c4 0D       		.uleb128 0xd
 478 01c5 01       		.uleb128 0x1
 479 01c6 50       		.byte	0x50
 480 01c7 01       		.uleb128 0x1
 481 01c8 30       		.byte	0x30
 482 01c9 00       		.byte	0
 483 01ca 0B       		.uleb128 0xb
 484 01cb 3A000000 		.4byte	.LVL5
 485 01cf 51030000 		.4byte	0x351
 486 01d3 0C       		.uleb128 0xc
 487 01d4 42000000 		.4byte	.LVL8
 488 01d8 30030000 		.4byte	0x330
 489 01dc E6010000 		.4byte	0x1e6
 490 01e0 0D       		.uleb128 0xd
 491 01e1 01       		.uleb128 0x1
 492 01e2 50       		.byte	0x50
 493 01e3 01       		.uleb128 0x1
 494 01e4 30       		.byte	0x30
 495 01e5 00       		.byte	0
 496 01e6 0C       		.uleb128 0xc
 497 01e7 48000000 		.4byte	.LVL9
 498 01eb 3B030000 		.4byte	0x33b
ARM GAS  C:\Users\oscar\AppData\Local\Temp\cco7DRS5.s 			page 11


 499 01ef F9010000 		.4byte	0x1f9
 500 01f3 0D       		.uleb128 0xd
 501 01f4 01       		.uleb128 0x1
 502 01f5 50       		.byte	0x50
 503 01f6 01       		.uleb128 0x1
 504 01f7 30       		.byte	0x30
 505 01f8 00       		.byte	0
 506 01f9 0C       		.uleb128 0xc
 507 01fa 4E000000 		.4byte	.LVL10
 508 01fe 5C030000 		.4byte	0x35c
 509 0202 0C020000 		.4byte	0x20c
 510 0206 0D       		.uleb128 0xd
 511 0207 01       		.uleb128 0x1
 512 0208 50       		.byte	0x50
 513 0209 01       		.uleb128 0x1
 514 020a 30       		.byte	0x30
 515 020b 00       		.byte	0
 516 020c 0C       		.uleb128 0xc
 517 020d 62000000 		.4byte	.LVL11
 518 0211 67030000 		.4byte	0x367
 519 0215 1F020000 		.4byte	0x21f
 520 0219 0D       		.uleb128 0xd
 521 021a 01       		.uleb128 0x1
 522 021b 51       		.byte	0x51
 523 021c 01       		.uleb128 0x1
 524 021d 31       		.byte	0x31
 525 021e 00       		.byte	0
 526 021f 0B       		.uleb128 0xb
 527 0220 7A000000 		.4byte	.LVL12
 528 0224 72030000 		.4byte	0x372
 529 0228 0B       		.uleb128 0xb
 530 0229 7E000000 		.4byte	.LVL13
 531 022d 7D030000 		.4byte	0x37d
 532 0231 0C       		.uleb128 0xc
 533 0232 8A000000 		.4byte	.LVL16
 534 0236 5C030000 		.4byte	0x35c
 535 023a 44020000 		.4byte	0x244
 536 023e 0D       		.uleb128 0xd
 537 023f 01       		.uleb128 0x1
 538 0240 50       		.byte	0x50
 539 0241 01       		.uleb128 0x1
 540 0242 32       		.byte	0x32
 541 0243 00       		.byte	0
 542 0244 0C       		.uleb128 0xc
 543 0245 90000000 		.4byte	.LVL17
 544 0249 3B030000 		.4byte	0x33b
 545 024d 57020000 		.4byte	0x257
 546 0251 0D       		.uleb128 0xd
 547 0252 01       		.uleb128 0x1
 548 0253 50       		.byte	0x50
 549 0254 01       		.uleb128 0x1
 550 0255 30       		.byte	0x30
 551 0256 00       		.byte	0
 552 0257 0C       		.uleb128 0xc
 553 0258 96000000 		.4byte	.LVL18
 554 025c 46030000 		.4byte	0x346
 555 0260 6A020000 		.4byte	0x26a
ARM GAS  C:\Users\oscar\AppData\Local\Temp\cco7DRS5.s 			page 12


 556 0264 0D       		.uleb128 0xd
 557 0265 01       		.uleb128 0x1
 558 0266 50       		.byte	0x50
 559 0267 01       		.uleb128 0x1
 560 0268 30       		.byte	0x30
 561 0269 00       		.byte	0
 562 026a 0B       		.uleb128 0xb
 563 026b AA000000 		.4byte	.LVL19
 564 026f 88030000 		.4byte	0x388
 565 0273 0B       		.uleb128 0xb
 566 0274 B8000000 		.4byte	.LVL21
 567 0278 88030000 		.4byte	0x388
 568 027c 0B       		.uleb128 0xb
 569 027d D4000000 		.4byte	.LVL23
 570 0281 93030000 		.4byte	0x393
 571 0285 0B       		.uleb128 0xb
 572 0286 02010000 		.4byte	.LVL25
 573 028a 25030000 		.4byte	0x325
 574 028e 00       		.byte	0
 575 028f 0E       		.uleb128 0xe
 576 0290 04       		.byte	0x4
 577 0291 37010000 		.4byte	0x137
 578 0295 0F       		.uleb128 0xf
 579 0296 78010000 		.4byte	.LASF32
 580 029a 08       		.byte	0x8
 581 029b 1207     		.2byte	0x712
 582 029d A1020000 		.4byte	0x2a1
 583 02a1 10       		.uleb128 0x10
 584 02a2 76000000 		.4byte	0x76
 585 02a6 11       		.uleb128 0x11
 586 02a7 F7010000 		.4byte	.LASF33
 587 02ab 09       		.byte	0x9
 588 02ac 0C       		.byte	0xc
 589 02ad B1020000 		.4byte	0x2b1
 590 02b1 10       		.uleb128 0x10
 591 02b2 0D010000 		.4byte	0x10d
 592 02b6 12       		.uleb128 0x12
 593 02b7 07030000 		.4byte	.LASF34
 594 02bb 0A       		.byte	0xa
 595 02bc 13       		.byte	0x13
 596 02bd 81000000 		.4byte	0x81
 597 02c1 05       		.uleb128 0x5
 598 02c2 03       		.byte	0x3
 599 02c3 00000000 		.4byte	DMA_ADC_Chan
 600 02c7 13       		.uleb128 0x13
 601 02c8 81000000 		.4byte	0x81
 602 02cc D7020000 		.4byte	0x2d7
 603 02d0 14       		.uleb128 0x14
 604 02d1 B5000000 		.4byte	0xb5
 605 02d5 00       		.byte	0
 606 02d6 00       		.byte	0
 607 02d7 12       		.uleb128 0x12
 608 02d8 29000000 		.4byte	.LASF35
 609 02dc 0A       		.byte	0xa
 610 02dd 14       		.byte	0x14
 611 02de C7020000 		.4byte	0x2c7
 612 02e2 05       		.uleb128 0x5
ARM GAS  C:\Users\oscar\AppData\Local\Temp\cco7DRS5.s 			page 13


 613 02e3 03       		.byte	0x3
 614 02e4 00000000 		.4byte	DMA_ADC_TD
 615 02e8 13       		.uleb128 0x13
 616 02e9 8D000000 		.4byte	0x8d
 617 02ed F9020000 		.4byte	0x2f9
 618 02f1 15       		.uleb128 0x15
 619 02f2 B5000000 		.4byte	0xb5
 620 02f6 FF03     		.2byte	0x3ff
 621 02f8 00       		.byte	0
 622 02f9 11       		.uleb128 0x11
 623 02fa F3020000 		.4byte	.LASF36
 624 02fe 0A       		.byte	0xa
 625 02ff 15       		.byte	0x15
 626 0300 E8020000 		.4byte	0x2e8
 627 0304 11       		.uleb128 0x11
 628 0305 6F030000 		.4byte	.LASF37
 629 0309 0A       		.byte	0xa
 630 030a 1C       		.byte	0x1c
 631 030b B1020000 		.4byte	0x2b1
 632 030f 11       		.uleb128 0x11
 633 0310 1C010000 		.4byte	.LASF38
 634 0314 0B       		.byte	0xb
 635 0315 0C       		.byte	0xc
 636 0316 B1020000 		.4byte	0x2b1
 637 031a 11       		.uleb128 0x11
 638 031b 3E000000 		.4byte	.LASF39
 639 031f 0B       		.byte	0xb
 640 0320 14       		.byte	0x14
 641 0321 B1020000 		.4byte	0x2b1
 642 0325 16       		.uleb128 0x16
 643 0326 8D010000 		.4byte	.LASF40
 644 032a 8D010000 		.4byte	.LASF40
 645 032e 09       		.byte	0x9
 646 032f 20       		.byte	0x20
 647 0330 16       		.uleb128 0x16
 648 0331 5A000000 		.4byte	.LASF41
 649 0335 5A000000 		.4byte	.LASF41
 650 0339 0C       		.byte	0xc
 651 033a 26       		.byte	0x26
 652 033b 16       		.uleb128 0x16
 653 033c 2A020000 		.4byte	.LASF42
 654 0340 2A020000 		.4byte	.LASF42
 655 0344 0D       		.byte	0xd
 656 0345 26       		.byte	0x26
 657 0346 16       		.uleb128 0x16
 658 0347 05000000 		.4byte	.LASF43
 659 034b 05000000 		.4byte	.LASF43
 660 034f 0E       		.byte	0xe
 661 0350 26       		.byte	0x26
 662 0351 16       		.uleb128 0x16
 663 0352 1E030000 		.4byte	.LASF44
 664 0356 1E030000 		.4byte	.LASF44
 665 035a 0F       		.byte	0xf
 666 035b 8F       		.byte	0x8f
 667 035c 16       		.uleb128 0x16
 668 035d F7000000 		.4byte	.LASF45
 669 0361 F7000000 		.4byte	.LASF45
ARM GAS  C:\Users\oscar\AppData\Local\Temp\cco7DRS5.s 			page 14


 670 0365 05       		.byte	0x5
 671 0366 22       		.byte	0x22
 672 0367 16       		.uleb128 0x16
 673 0368 9D010000 		.4byte	.LASF46
 674 036c 9D010000 		.4byte	.LASF46
 675 0370 10       		.byte	0x10
 676 0371 29       		.byte	0x29
 677 0372 16       		.uleb128 0x16
 678 0373 B2010000 		.4byte	.LASF47
 679 0377 B2010000 		.4byte	.LASF47
 680 037b 0B       		.byte	0xb
 681 037c 2A       		.byte	0x2a
 682 037d 16       		.uleb128 0x16
 683 037e C3010000 		.4byte	.LASF48
 684 0382 C3010000 		.4byte	.LASF48
 685 0386 0A       		.byte	0xa
 686 0387 36       		.byte	0x36
 687 0388 16       		.uleb128 0x16
 688 0389 D3010000 		.4byte	.LASF49
 689 038d D3010000 		.4byte	.LASF49
 690 0391 0F       		.byte	0xf
 691 0392 8A       		.byte	0x8a
 692 0393 16       		.uleb128 0x16
 693 0394 19020000 		.4byte	.LASF50
 694 0398 19020000 		.4byte	.LASF50
 695 039c 0B       		.byte	0xb
 696 039d 31       		.byte	0x31
 697 039e 00       		.byte	0
 698              		.section	.debug_abbrev,"",%progbits
 699              	.Ldebug_abbrev0:
 700 0000 01       		.uleb128 0x1
 701 0001 11       		.uleb128 0x11
 702 0002 01       		.byte	0x1
 703 0003 25       		.uleb128 0x25
 704 0004 0E       		.uleb128 0xe
 705 0005 13       		.uleb128 0x13
 706 0006 0B       		.uleb128 0xb
 707 0007 03       		.uleb128 0x3
 708 0008 0E       		.uleb128 0xe
 709 0009 1B       		.uleb128 0x1b
 710 000a 0E       		.uleb128 0xe
 711 000b 55       		.uleb128 0x55
 712 000c 17       		.uleb128 0x17
 713 000d 11       		.uleb128 0x11
 714 000e 01       		.uleb128 0x1
 715 000f 10       		.uleb128 0x10
 716 0010 17       		.uleb128 0x17
 717 0011 00       		.byte	0
 718 0012 00       		.byte	0
 719 0013 02       		.uleb128 0x2
 720 0014 24       		.uleb128 0x24
 721 0015 00       		.byte	0
 722 0016 0B       		.uleb128 0xb
 723 0017 0B       		.uleb128 0xb
 724 0018 3E       		.uleb128 0x3e
 725 0019 0B       		.uleb128 0xb
 726 001a 03       		.uleb128 0x3
ARM GAS  C:\Users\oscar\AppData\Local\Temp\cco7DRS5.s 			page 15


 727 001b 0E       		.uleb128 0xe
 728 001c 00       		.byte	0
 729 001d 00       		.byte	0
 730 001e 03       		.uleb128 0x3
 731 001f 16       		.uleb128 0x16
 732 0020 00       		.byte	0
 733 0021 03       		.uleb128 0x3
 734 0022 0E       		.uleb128 0xe
 735 0023 3A       		.uleb128 0x3a
 736 0024 0B       		.uleb128 0xb
 737 0025 3B       		.uleb128 0x3b
 738 0026 0B       		.uleb128 0xb
 739 0027 49       		.uleb128 0x49
 740 0028 13       		.uleb128 0x13
 741 0029 00       		.byte	0
 742 002a 00       		.byte	0
 743 002b 04       		.uleb128 0x4
 744 002c 24       		.uleb128 0x24
 745 002d 00       		.byte	0
 746 002e 0B       		.uleb128 0xb
 747 002f 0B       		.uleb128 0xb
 748 0030 3E       		.uleb128 0x3e
 749 0031 0B       		.uleb128 0xb
 750 0032 03       		.uleb128 0x3
 751 0033 08       		.uleb128 0x8
 752 0034 00       		.byte	0
 753 0035 00       		.byte	0
 754 0036 05       		.uleb128 0x5
 755 0037 16       		.uleb128 0x16
 756 0038 00       		.byte	0
 757 0039 03       		.uleb128 0x3
 758 003a 0E       		.uleb128 0xe
 759 003b 3A       		.uleb128 0x3a
 760 003c 0B       		.uleb128 0xb
 761 003d 3B       		.uleb128 0x3b
 762 003e 05       		.uleb128 0x5
 763 003f 49       		.uleb128 0x49
 764 0040 13       		.uleb128 0x13
 765 0041 00       		.byte	0
 766 0042 00       		.byte	0
 767 0043 06       		.uleb128 0x6
 768 0044 04       		.uleb128 0x4
 769 0045 01       		.byte	0x1
 770 0046 0B       		.uleb128 0xb
 771 0047 0B       		.uleb128 0xb
 772 0048 49       		.uleb128 0x49
 773 0049 13       		.uleb128 0x13
 774 004a 3A       		.uleb128 0x3a
 775 004b 0B       		.uleb128 0xb
 776 004c 3B       		.uleb128 0x3b
 777 004d 0B       		.uleb128 0xb
 778 004e 01       		.uleb128 0x1
 779 004f 13       		.uleb128 0x13
 780 0050 00       		.byte	0
 781 0051 00       		.byte	0
 782 0052 07       		.uleb128 0x7
 783 0053 28       		.uleb128 0x28
ARM GAS  C:\Users\oscar\AppData\Local\Temp\cco7DRS5.s 			page 16


 784 0054 00       		.byte	0
 785 0055 03       		.uleb128 0x3
 786 0056 0E       		.uleb128 0xe
 787 0057 1C       		.uleb128 0x1c
 788 0058 0B       		.uleb128 0xb
 789 0059 00       		.byte	0
 790 005a 00       		.byte	0
 791 005b 08       		.uleb128 0x8
 792 005c 2E       		.uleb128 0x2e
 793 005d 01       		.byte	0x1
 794 005e 3F       		.uleb128 0x3f
 795 005f 19       		.uleb128 0x19
 796 0060 03       		.uleb128 0x3
 797 0061 0E       		.uleb128 0xe
 798 0062 3A       		.uleb128 0x3a
 799 0063 0B       		.uleb128 0xb
 800 0064 3B       		.uleb128 0x3b
 801 0065 0B       		.uleb128 0xb
 802 0066 27       		.uleb128 0x27
 803 0067 19       		.uleb128 0x19
 804 0068 11       		.uleb128 0x11
 805 0069 01       		.uleb128 0x1
 806 006a 12       		.uleb128 0x12
 807 006b 06       		.uleb128 0x6
 808 006c 40       		.uleb128 0x40
 809 006d 18       		.uleb128 0x18
 810 006e 9742     		.uleb128 0x2117
 811 0070 19       		.uleb128 0x19
 812 0071 01       		.uleb128 0x1
 813 0072 13       		.uleb128 0x13
 814 0073 00       		.byte	0
 815 0074 00       		.byte	0
 816 0075 09       		.uleb128 0x9
 817 0076 05       		.uleb128 0x5
 818 0077 00       		.byte	0
 819 0078 03       		.uleb128 0x3
 820 0079 0E       		.uleb128 0xe
 821 007a 3A       		.uleb128 0x3a
 822 007b 0B       		.uleb128 0xb
 823 007c 3B       		.uleb128 0x3b
 824 007d 0B       		.uleb128 0xb
 825 007e 49       		.uleb128 0x49
 826 007f 13       		.uleb128 0x13
 827 0080 02       		.uleb128 0x2
 828 0081 17       		.uleb128 0x17
 829 0082 00       		.byte	0
 830 0083 00       		.byte	0
 831 0084 0A       		.uleb128 0xa
 832 0085 34       		.uleb128 0x34
 833 0086 00       		.byte	0
 834 0087 03       		.uleb128 0x3
 835 0088 0E       		.uleb128 0xe
 836 0089 3A       		.uleb128 0x3a
 837 008a 0B       		.uleb128 0xb
 838 008b 3B       		.uleb128 0x3b
 839 008c 0B       		.uleb128 0xb
 840 008d 49       		.uleb128 0x49
ARM GAS  C:\Users\oscar\AppData\Local\Temp\cco7DRS5.s 			page 17


 841 008e 13       		.uleb128 0x13
 842 008f 02       		.uleb128 0x2
 843 0090 18       		.uleb128 0x18
 844 0091 00       		.byte	0
 845 0092 00       		.byte	0
 846 0093 0B       		.uleb128 0xb
 847 0094 898201   		.uleb128 0x4109
 848 0097 00       		.byte	0
 849 0098 11       		.uleb128 0x11
 850 0099 01       		.uleb128 0x1
 851 009a 31       		.uleb128 0x31
 852 009b 13       		.uleb128 0x13
 853 009c 00       		.byte	0
 854 009d 00       		.byte	0
 855 009e 0C       		.uleb128 0xc
 856 009f 898201   		.uleb128 0x4109
 857 00a2 01       		.byte	0x1
 858 00a3 11       		.uleb128 0x11
 859 00a4 01       		.uleb128 0x1
 860 00a5 31       		.uleb128 0x31
 861 00a6 13       		.uleb128 0x13
 862 00a7 01       		.uleb128 0x1
 863 00a8 13       		.uleb128 0x13
 864 00a9 00       		.byte	0
 865 00aa 00       		.byte	0
 866 00ab 0D       		.uleb128 0xd
 867 00ac 8A8201   		.uleb128 0x410a
 868 00af 00       		.byte	0
 869 00b0 02       		.uleb128 0x2
 870 00b1 18       		.uleb128 0x18
 871 00b2 9142     		.uleb128 0x2111
 872 00b4 18       		.uleb128 0x18
 873 00b5 00       		.byte	0
 874 00b6 00       		.byte	0
 875 00b7 0E       		.uleb128 0xe
 876 00b8 0F       		.uleb128 0xf
 877 00b9 00       		.byte	0
 878 00ba 0B       		.uleb128 0xb
 879 00bb 0B       		.uleb128 0xb
 880 00bc 49       		.uleb128 0x49
 881 00bd 13       		.uleb128 0x13
 882 00be 00       		.byte	0
 883 00bf 00       		.byte	0
 884 00c0 0F       		.uleb128 0xf
 885 00c1 34       		.uleb128 0x34
 886 00c2 00       		.byte	0
 887 00c3 03       		.uleb128 0x3
 888 00c4 0E       		.uleb128 0xe
 889 00c5 3A       		.uleb128 0x3a
 890 00c6 0B       		.uleb128 0xb
 891 00c7 3B       		.uleb128 0x3b
 892 00c8 05       		.uleb128 0x5
 893 00c9 49       		.uleb128 0x49
 894 00ca 13       		.uleb128 0x13
 895 00cb 3F       		.uleb128 0x3f
 896 00cc 19       		.uleb128 0x19
 897 00cd 3C       		.uleb128 0x3c
ARM GAS  C:\Users\oscar\AppData\Local\Temp\cco7DRS5.s 			page 18


 898 00ce 19       		.uleb128 0x19
 899 00cf 00       		.byte	0
 900 00d0 00       		.byte	0
 901 00d1 10       		.uleb128 0x10
 902 00d2 35       		.uleb128 0x35
 903 00d3 00       		.byte	0
 904 00d4 49       		.uleb128 0x49
 905 00d5 13       		.uleb128 0x13
 906 00d6 00       		.byte	0
 907 00d7 00       		.byte	0
 908 00d8 11       		.uleb128 0x11
 909 00d9 34       		.uleb128 0x34
 910 00da 00       		.byte	0
 911 00db 03       		.uleb128 0x3
 912 00dc 0E       		.uleb128 0xe
 913 00dd 3A       		.uleb128 0x3a
 914 00de 0B       		.uleb128 0xb
 915 00df 3B       		.uleb128 0x3b
 916 00e0 0B       		.uleb128 0xb
 917 00e1 49       		.uleb128 0x49
 918 00e2 13       		.uleb128 0x13
 919 00e3 3F       		.uleb128 0x3f
 920 00e4 19       		.uleb128 0x19
 921 00e5 3C       		.uleb128 0x3c
 922 00e6 19       		.uleb128 0x19
 923 00e7 00       		.byte	0
 924 00e8 00       		.byte	0
 925 00e9 12       		.uleb128 0x12
 926 00ea 34       		.uleb128 0x34
 927 00eb 00       		.byte	0
 928 00ec 03       		.uleb128 0x3
 929 00ed 0E       		.uleb128 0xe
 930 00ee 3A       		.uleb128 0x3a
 931 00ef 0B       		.uleb128 0xb
 932 00f0 3B       		.uleb128 0x3b
 933 00f1 0B       		.uleb128 0xb
 934 00f2 49       		.uleb128 0x49
 935 00f3 13       		.uleb128 0x13
 936 00f4 3F       		.uleb128 0x3f
 937 00f5 19       		.uleb128 0x19
 938 00f6 02       		.uleb128 0x2
 939 00f7 18       		.uleb128 0x18
 940 00f8 00       		.byte	0
 941 00f9 00       		.byte	0
 942 00fa 13       		.uleb128 0x13
 943 00fb 01       		.uleb128 0x1
 944 00fc 01       		.byte	0x1
 945 00fd 49       		.uleb128 0x49
 946 00fe 13       		.uleb128 0x13
 947 00ff 01       		.uleb128 0x1
 948 0100 13       		.uleb128 0x13
 949 0101 00       		.byte	0
 950 0102 00       		.byte	0
 951 0103 14       		.uleb128 0x14
 952 0104 21       		.uleb128 0x21
 953 0105 00       		.byte	0
 954 0106 49       		.uleb128 0x49
ARM GAS  C:\Users\oscar\AppData\Local\Temp\cco7DRS5.s 			page 19


 955 0107 13       		.uleb128 0x13
 956 0108 2F       		.uleb128 0x2f
 957 0109 0B       		.uleb128 0xb
 958 010a 00       		.byte	0
 959 010b 00       		.byte	0
 960 010c 15       		.uleb128 0x15
 961 010d 21       		.uleb128 0x21
 962 010e 00       		.byte	0
 963 010f 49       		.uleb128 0x49
 964 0110 13       		.uleb128 0x13
 965 0111 2F       		.uleb128 0x2f
 966 0112 05       		.uleb128 0x5
 967 0113 00       		.byte	0
 968 0114 00       		.byte	0
 969 0115 16       		.uleb128 0x16
 970 0116 2E       		.uleb128 0x2e
 971 0117 00       		.byte	0
 972 0118 3F       		.uleb128 0x3f
 973 0119 19       		.uleb128 0x19
 974 011a 3C       		.uleb128 0x3c
 975 011b 19       		.uleb128 0x19
 976 011c 6E       		.uleb128 0x6e
 977 011d 0E       		.uleb128 0xe
 978 011e 03       		.uleb128 0x3
 979 011f 0E       		.uleb128 0xe
 980 0120 3A       		.uleb128 0x3a
 981 0121 0B       		.uleb128 0xb
 982 0122 3B       		.uleb128 0x3b
 983 0123 0B       		.uleb128 0xb
 984 0124 00       		.byte	0
 985 0125 00       		.byte	0
 986 0126 00       		.byte	0
 987              		.section	.debug_loc,"",%progbits
 988              	.Ldebug_loc0:
 989              	.LLST0:
 990 0000 00000000 		.4byte	.LVL0
 991 0004 1F000000 		.4byte	.LVL1-1
 992 0008 0100     		.2byte	0x1
 993 000a 50       		.byte	0x50
 994 000b 1F000000 		.4byte	.LVL1-1
 995 000f 3C000000 		.4byte	.LVL6
 996 0013 0100     		.2byte	0x1
 997 0015 54       		.byte	0x54
 998 0016 3C000000 		.4byte	.LVL6
 999 001a 3E000000 		.4byte	.LVL7
 1000 001e 0100     		.2byte	0x1
 1001 0020 50       		.byte	0x50
 1002 0021 3E000000 		.4byte	.LVL7
 1003 0025 84000000 		.4byte	.LVL14
 1004 0029 0100     		.2byte	0x1
 1005 002b 54       		.byte	0x54
 1006 002c 84000000 		.4byte	.LVL14
 1007 0030 86000000 		.4byte	.LVL15
 1008 0034 0100     		.2byte	0x1
 1009 0036 50       		.byte	0x50
 1010 0037 86000000 		.4byte	.LVL15
 1011 003b AC000000 		.4byte	.LVL20
ARM GAS  C:\Users\oscar\AppData\Local\Temp\cco7DRS5.s 			page 20


 1012 003f 0100     		.2byte	0x1
 1013 0041 54       		.byte	0x54
 1014 0042 AC000000 		.4byte	.LVL20
 1015 0046 C0000000 		.4byte	.LVL22
 1016 004a 0400     		.2byte	0x4
 1017 004c F3       		.byte	0xf3
 1018 004d 01       		.uleb128 0x1
 1019 004e 50       		.byte	0x50
 1020 004f 9F       		.byte	0x9f
 1021 0050 C0000000 		.4byte	.LVL22
 1022 0054 06010000 		.4byte	.LVL26
 1023 0058 0100     		.2byte	0x1
 1024 005a 54       		.byte	0x54
 1025 005b 06010000 		.4byte	.LVL26
 1026 005f 24010000 		.4byte	.LFE63
 1027 0063 0400     		.2byte	0x4
 1028 0065 F3       		.byte	0xf3
 1029 0066 01       		.uleb128 0x1
 1030 0067 50       		.byte	0x50
 1031 0068 9F       		.byte	0x9f
 1032 0069 00000000 		.4byte	0
 1033 006d 00000000 		.4byte	0
 1034              		.section	.debug_aranges,"",%progbits
 1035 0000 1C000000 		.4byte	0x1c
 1036 0004 0200     		.2byte	0x2
 1037 0006 00000000 		.4byte	.Ldebug_info0
 1038 000a 04       		.byte	0x4
 1039 000b 00       		.byte	0
 1040 000c 0000     		.2byte	0
 1041 000e 0000     		.2byte	0
 1042 0010 00000000 		.4byte	.LFB63
 1043 0014 24010000 		.4byte	.LFE63-.LFB63
 1044 0018 00000000 		.4byte	0
 1045 001c 00000000 		.4byte	0
 1046              		.section	.debug_ranges,"",%progbits
 1047              	.Ldebug_ranges0:
 1048 0000 00000000 		.4byte	.LFB63
 1049 0004 24010000 		.4byte	.LFE63
 1050 0008 00000000 		.4byte	0
 1051 000c 00000000 		.4byte	0
 1052              		.section	.debug_line,"",%progbits
 1053              	.Ldebug_line0:
 1054 0000 3E020000 		.section	.debug_str,"MS",%progbits,1
 1054      0200FA01 
 1054      00000201 
 1054      FB0E0D00 
 1054      01010101 
 1055              	.LASF24:
 1056 0000 74727565 		.ascii	"true\000"
 1056      00
 1057              	.LASF43:
 1058 0005 4C45445F 		.ascii	"LED_green_Write\000"
 1058      67726565 
 1058      6E5F5772 
 1058      69746500 
 1059              	.LASF55:
 1060 0015 63757272 		.ascii	"currentState\000"
ARM GAS  C:\Users\oscar\AppData\Local\Temp\cco7DRS5.s 			page 21


 1060      656E7453 
 1060      74617465 
 1060      00
 1061              	.LASF26:
 1062 0022 69734944 		.ascii	"isIDLE\000"
 1062      4C4500
 1063              	.LASF35:
 1064 0029 444D415F 		.ascii	"DMA_ADC_TD\000"
 1064      4144435F 
 1064      544400
 1065              	.LASF9:
 1066 0034 5F5F696E 		.ascii	"__int32_t\000"
 1066      7433325F 
 1066      7400
 1067              	.LASF39:
 1068 003e 55415254 		.ascii	"UARTRX_o_Flag\000"
 1068      52585F6F 
 1068      5F466C61 
 1068      6700
 1069              	.LASF31:
 1070 004c 7472616E 		.ascii	"transferCount\000"
 1070      73666572 
 1070      436F756E 
 1070      7400
 1071              	.LASF41:
 1072 005a 4C45445F 		.ascii	"LED_red_Write\000"
 1072      7265645F 
 1072      57726974 
 1072      6500
 1073              	.LASF53:
 1074 0068 443A5C53 		.ascii	"D:\\Semester\\SecondSemester\\SDHD\\thirdpart\\Soft"
 1074      656D6573 
 1074      7465725C 
 1074      5365636F 
 1074      6E645365 
 1075 0096 77617265 		.ascii	"wareSDHD.cywrk.Archive01\\SoftwareSDHD\\OAguilar_76"
 1075      53444844 
 1075      2E637977 
 1075      726B2E41 
 1075      72636869 
 1076 00c7 36343638 		.ascii	"6468_SoftwareDevelopmentAssignment.cydsn\000"
 1076      5F536F66 
 1076      74776172 
 1076      65446576 
 1076      656C6F70 
 1077              	.LASF25:
 1078 00f0 626F6F6C 		.ascii	"bool_t\000"
 1078      5F7400
 1079              	.LASF45:
 1080 00f7 4C45445F 		.ascii	"LED_Toggle\000"
 1080      546F6767 
 1080      6C6500
 1081              	.LASF23:
 1082 0102 66616C73 		.ascii	"false\000"
 1082      6500
 1083              	.LASF10:
 1084 0108 696E7433 		.ascii	"int32_t\000"
ARM GAS  C:\Users\oscar\AppData\Local\Temp\cco7DRS5.s 			page 22


 1084      325F7400 
 1085              	.LASF13:
 1086 0110 666C6F61 		.ascii	"float\000"
 1086      7400
 1087              	.LASF11:
 1088 0116 75696E74 		.ascii	"uint8\000"
 1088      3800
 1089              	.LASF38:
 1090 011c 55415254 		.ascii	"UARTRX_s_Flag\000"
 1090      52585F73 
 1090      5F466C61 
 1090      6700
 1091              	.LASF1:
 1092 012a 756E7369 		.ascii	"unsigned char\000"
 1092      676E6564 
 1092      20636861 
 1092      7200
 1093              	.LASF52:
 1094 0138 736F7572 		.ascii	"source\\asw\\FSM.c\000"
 1094      63655C61 
 1094      73775C46 
 1094      534D2E63 
 1094      00
 1095              	.LASF5:
 1096 0149 6C6F6E67 		.ascii	"long unsigned int\000"
 1096      20756E73 
 1096      69676E65 
 1096      6420696E 
 1096      7400
 1097              	.LASF3:
 1098 015b 73686F72 		.ascii	"short unsigned int\000"
 1098      7420756E 
 1098      7369676E 
 1098      65642069 
 1098      6E7400
 1099              	.LASF28:
 1100 016e 69735345 		.ascii	"isSENDING\000"
 1100      4E44494E 
 1100      4700
 1101              	.LASF32:
 1102 0178 49544D5F 		.ascii	"ITM_RxBuffer\000"
 1102      52784275 
 1102      66666572 
 1102      00
 1103              	.LASF29:
 1104 0185 53746174 		.ascii	"State_t\000"
 1104      655F7400 
 1105              	.LASF40:
 1106 018d 62757474 		.ascii	"buttonFlagClear\000"
 1106      6F6E466C 
 1106      6167436C 
 1106      65617200 
 1107              	.LASF46:
 1108 019d 4379446D 		.ascii	"CyDmaChEnable\000"
 1108      61436845 
 1108      6E61626C 
 1108      6500
ARM GAS  C:\Users\oscar\AppData\Local\Temp\cco7DRS5.s 			page 23


 1109              	.LASF12:
 1110 01ab 75696E74 		.ascii	"uint16\000"
 1110      313600
 1111              	.LASF47:
 1112 01b2 55415254 		.ascii	"UARTRXsFlagClear\000"
 1112      52587346 
 1112      6C616743 
 1112      6C656172 
 1112      00
 1113              	.LASF48:
 1114 01c3 444D4169 		.ascii	"DMAisrFlagClear\000"
 1114      7372466C 
 1114      6167436C 
 1114      65617200 
 1115              	.LASF49:
 1116 01d3 55415254 		.ascii	"UART_1_PutChar\000"
 1116      5F315F50 
 1116      75744368 
 1116      617200
 1117              	.LASF8:
 1118 01e2 756E7369 		.ascii	"unsigned int\000"
 1118      676E6564 
 1118      20696E74 
 1118      00
 1119              	.LASF21:
 1120 01ef 4C45445F 		.ascii	"LED_Off\000"
 1120      4F666600 
 1121              	.LASF33:
 1122 01f7 62757474 		.ascii	"buttonFlag\000"
 1122      6F6E466C 
 1122      616700
 1123              	.LASF7:
 1124 0202 6C6F6E67 		.ascii	"long long unsigned int\000"
 1124      206C6F6E 
 1124      6720756E 
 1124      7369676E 
 1124      65642069 
 1125              	.LASF50:
 1126 0219 55415254 		.ascii	"UARTRXoFlagClear\000"
 1126      52586F46 
 1126      6C616743 
 1126      6C656172 
 1126      00
 1127              	.LASF42:
 1128 022a 4C45445F 		.ascii	"LED_yellow_Write\000"
 1128      79656C6C 
 1128      6F775F57 
 1128      72697465 
 1128      00
 1129              	.LASF51:
 1130 023b 474E5520 		.ascii	"GNU C11 5.4.1 20160609 (release) [ARM/embedded-5-br"
 1130      43313120 
 1130      352E342E 
 1130      31203230 
 1130      31363036 
 1131 026e 616E6368 		.ascii	"anch revision 237715] -mcpu=cortex-m3 -mthumb -g -O"
 1131      20726576 
ARM GAS  C:\Users\oscar\AppData\Local\Temp\cco7DRS5.s 			page 24


 1131      6973696F 
 1131      6E203233 
 1131      37373135 
 1132 02a1 67202D66 		.ascii	"g -ffunction-sections -ffat-lto-objects\000"
 1132      66756E63 
 1132      74696F6E 
 1132      2D736563 
 1132      74696F6E 
 1133              	.LASF54:
 1134 02c9 72756E46 		.ascii	"runFSM\000"
 1134      534D00
 1135              	.LASF17:
 1136 02d0 73697A65 		.ascii	"sizetype\000"
 1136      74797065 
 1136      00
 1137              	.LASF22:
 1138 02d9 4C45445F 		.ascii	"LED_On\000"
 1138      4F6E00
 1139              	.LASF6:
 1140 02e0 6C6F6E67 		.ascii	"long long int\000"
 1140      206C6F6E 
 1140      6720696E 
 1140      7400
 1141              	.LASF15:
 1142 02ee 63686172 		.ascii	"char\000"
 1142      00
 1143              	.LASF36:
 1144 02f3 444D4141 		.ascii	"DMAArray\000"
 1144      72726179 
 1144      00
 1145              	.LASF19:
 1146 02fc 4C45445F 		.ascii	"LED_YELLOW\000"
 1146      59454C4C 
 1146      4F5700
 1147              	.LASF34:
 1148 0307 444D415F 		.ascii	"DMA_ADC_Chan\000"
 1148      4144435F 
 1148      4368616E 
 1148      00
 1149              	.LASF2:
 1150 0314 73686F72 		.ascii	"short int\000"
 1150      7420696E 
 1150      7400
 1151              	.LASF44:
 1152 031e 55415254 		.ascii	"UART_1_ClearTxBuffer\000"
 1152      5F315F43 
 1152      6C656172 
 1152      54784275 
 1152      66666572 
 1153              	.LASF4:
 1154 0333 6C6F6E67 		.ascii	"long int\000"
 1154      20696E74 
 1154      00
 1155              	.LASF30:
 1156 033c 73656E64 		.ascii	"sendCount\000"
 1156      436F756E 
 1156      7400
ARM GAS  C:\Users\oscar\AppData\Local\Temp\cco7DRS5.s 			page 25


 1157              	.LASF16:
 1158 0346 6C6F6E67 		.ascii	"long double\000"
 1158      20646F75 
 1158      626C6500 
 1159              	.LASF18:
 1160 0352 4C45445F 		.ascii	"LED_GREEN\000"
 1160      47524545 
 1160      4E00
 1161              	.LASF0:
 1162 035c 7369676E 		.ascii	"signed char\000"
 1162      65642063 
 1162      68617200 
 1163              	.LASF14:
 1164 0368 646F7562 		.ascii	"double\000"
 1164      6C6500
 1165              	.LASF37:
 1166 036f 444D415F 		.ascii	"DMA_isr_Flag\000"
 1166      6973725F 
 1166      466C6167 
 1166      00
 1167              	.LASF20:
 1168 037c 4C45445F 		.ascii	"LED_RED\000"
 1168      52454400 
 1169              	.LASF27:
 1170 0384 69734D45 		.ascii	"isMEASURING\000"
 1170      41535552 
 1170      494E4700 
 1171              		.ident	"GCC: (GNU Tools for ARM Embedded Processors) 5.4.1 20160609 (release) [ARM/embedded-5-bran
