ARM GAS  C:\Users\oscar\AppData\Local\Temp\cc1WpZ0s.s 			page 1


   1              		.syntax unified
   2              		.cpu cortex-m3
   3              		.fpu softvfp
   4              		.eabi_attribute 20, 1
   5              		.eabi_attribute 21, 1
   6              		.eabi_attribute 23, 3
   7              		.eabi_attribute 24, 1
   8              		.eabi_attribute 25, 1
   9              		.eabi_attribute 26, 1
  10              		.eabi_attribute 30, 1
  11              		.eabi_attribute 34, 1
  12              		.eabi_attribute 18, 4
  13              		.thumb
  14              		.syntax unified
  15              		.file	"LEDS.c"
  16              		.text
  17              	.Ltext0:
  18              		.cfi_sections	.debug_frame
  19              		.section	.text.LED_Toggle,"ax",%progbits
  20              		.align	2
  21              		.global	LED_Toggle
  22              		.thumb
  23              		.thumb_func
  24              		.type	LED_Toggle, %function
  25              	LED_Toggle:
  26              	.LFB63:
  27              		.file 1 "source\\bsw\\LEDS.c"
   1:source\bsw/LEDS.c **** #include "LEDS.h"
   2:source\bsw/LEDS.c **** 
   3:source\bsw/LEDS.c **** void LED_Toggle(LED_t LED)
   4:source\bsw/LEDS.c **** {
  28              		.loc 1 4 0
  29              		.cfi_startproc
  30              		@ args = 0, pretend = 0, frame = 0
  31              		@ frame_needed = 0, uses_anonymous_args = 0
  32              	.LVL0:
  33 0000 08B5     		push	{r3, lr}
  34              		.cfi_def_cfa_offset 8
  35              		.cfi_offset 3, -8
  36              		.cfi_offset 14, -4
   5:source\bsw/LEDS.c ****     switch(LED)
  37              		.loc 1 5 0
  38 0002 0128     		cmp	r0, #1
  39 0004 11D0     		beq	.L3
  40 0006 10B1     		cbz	r0, .L4
  41 0008 0228     		cmp	r0, #2
  42 000a 1CD0     		beq	.L5
  43 000c 08BD     		pop	{r3, pc}
  44              	.L4:
   6:source\bsw/LEDS.c ****     {
   7:source\bsw/LEDS.c ****         case(LED_GREEN): 
   8:source\bsw/LEDS.c ****         LED_green_Write((LED_green_Read()+1)%2);
  45              		.loc 1 8 0
  46 000e FFF7FEFF 		bl	LED_green_Read
  47              	.LVL1:
  48 0012 0130     		adds	r0, r0, #1
  49 0014 134B     		ldr	r3, .L10
ARM GAS  C:\Users\oscar\AppData\Local\Temp\cc1WpZ0s.s 			page 2


  50 0016 1840     		ands	r0, r0, r3
  51 0018 03D5     		bpl	.L6
  52 001a 0138     		subs	r0, r0, #1
  53 001c 60F00100 		orn	r0, r0, #1
  54 0020 0130     		adds	r0, r0, #1
  55              	.L6:
  56 0022 C0B2     		uxtb	r0, r0
  57 0024 FFF7FEFF 		bl	LED_green_Write
  58              	.LVL2:
   9:source\bsw/LEDS.c ****         break; 
  59              		.loc 1 9 0
  60 0028 08BD     		pop	{r3, pc}
  61              	.LVL3:
  62              	.L3:
  10:source\bsw/LEDS.c ****         case(LED_YELLOW): 
  11:source\bsw/LEDS.c ****         LED_yellow_Write((LED_yellow_Read()+1)%2);
  63              		.loc 1 11 0
  64 002a FFF7FEFF 		bl	LED_yellow_Read
  65              	.LVL4:
  66 002e 0130     		adds	r0, r0, #1
  67 0030 0C4B     		ldr	r3, .L10
  68 0032 1840     		ands	r0, r0, r3
  69 0034 03D5     		bpl	.L7
  70 0036 0138     		subs	r0, r0, #1
  71 0038 60F00100 		orn	r0, r0, #1
  72 003c 0130     		adds	r0, r0, #1
  73              	.L7:
  74 003e C0B2     		uxtb	r0, r0
  75 0040 FFF7FEFF 		bl	LED_yellow_Write
  76              	.LVL5:
  12:source\bsw/LEDS.c ****         break; 
  77              		.loc 1 12 0
  78 0044 08BD     		pop	{r3, pc}
  79              	.LVL6:
  80              	.L5:
  13:source\bsw/LEDS.c ****         case(LED_RED): 
  14:source\bsw/LEDS.c ****         LED_red_Write((LED_red_Read()+1)%2);
  81              		.loc 1 14 0
  82 0046 FFF7FEFF 		bl	LED_red_Read
  83              	.LVL7:
  84 004a 0130     		adds	r0, r0, #1
  85 004c 054B     		ldr	r3, .L10
  86 004e 1840     		ands	r0, r0, r3
  87 0050 03D5     		bpl	.L8
  88 0052 0138     		subs	r0, r0, #1
  89 0054 60F00100 		orn	r0, r0, #1
  90 0058 0130     		adds	r0, r0, #1
  91              	.L8:
  92 005a C0B2     		uxtb	r0, r0
  93 005c FFF7FEFF 		bl	LED_red_Write
  94              	.LVL8:
  95 0060 08BD     		pop	{r3, pc}
  96              	.L11:
  97 0062 00BF     		.align	2
  98              	.L10:
  99 0064 01000080 		.word	-2147483647
 100              		.cfi_endproc
ARM GAS  C:\Users\oscar\AppData\Local\Temp\cc1WpZ0s.s 			page 3


 101              	.LFE63:
 102              		.size	LED_Toggle, .-LED_Toggle
 103              		.section	.text.LED_INIT,"ax",%progbits
 104              		.align	2
 105              		.global	LED_INIT
 106              		.thumb
 107              		.thumb_func
 108              		.type	LED_INIT, %function
 109              	LED_INIT:
 110              	.LFB64:
  15:source\bsw/LEDS.c ****         break;
  16:source\bsw/LEDS.c ****     }
  17:source\bsw/LEDS.c ****     
  18:source\bsw/LEDS.c ****     
  19:source\bsw/LEDS.c **** }
  20:source\bsw/LEDS.c **** void LED_INIT()
  21:source\bsw/LEDS.c **** {
 111              		.loc 1 21 0
 112              		.cfi_startproc
 113              		@ args = 0, pretend = 0, frame = 0
 114              		@ frame_needed = 0, uses_anonymous_args = 0
 115 0000 08B5     		push	{r3, lr}
 116              		.cfi_def_cfa_offset 8
 117              		.cfi_offset 3, -8
 118              		.cfi_offset 14, -4
  22:source\bsw/LEDS.c ****     LED_green_Write(0); 
 119              		.loc 1 22 0
 120 0002 0020     		movs	r0, #0
 121 0004 FFF7FEFF 		bl	LED_green_Write
 122              	.LVL9:
  23:source\bsw/LEDS.c ****     LED_yellow_Write(0);
 123              		.loc 1 23 0
 124 0008 0020     		movs	r0, #0
 125 000a FFF7FEFF 		bl	LED_yellow_Write
 126              	.LVL10:
  24:source\bsw/LEDS.c ****     LED_red_Write(0);
 127              		.loc 1 24 0
 128 000e 0020     		movs	r0, #0
 129 0010 FFF7FEFF 		bl	LED_red_Write
 130              	.LVL11:
 131 0014 08BD     		pop	{r3, pc}
 132              		.cfi_endproc
 133              	.LFE64:
 134              		.size	LED_INIT, .-LED_INIT
 135 0016 00BF     		.text
 136              	.Letext0:
 137              		.file 2 "c:\\program files (x86)\\cypress\\psoc creator\\4.2\\psoc creator\\import\\gnu\\arm\\5.4.
 138              		.file 3 "c:\\program files (x86)\\cypress\\psoc creator\\4.2\\psoc creator\\import\\gnu\\arm\\5.4.
 139              		.file 4 "source\\bsw\\LEDS.h"
 140              		.file 5 "Generated_Source\\PSoC5/LED_green.h"
 141              		.file 6 "Generated_Source\\PSoC5/LED_yellow.h"
 142              		.file 7 "Generated_Source\\PSoC5/LED_red.h"
 143              		.file 8 "Generated_Source\\PSoC5/core_cm3.h"
 144              		.section	.debug_info,"",%progbits
 145              	.Ldebug_info0:
 146 0000 C4010000 		.4byte	0x1c4
 147 0004 0400     		.2byte	0x4
ARM GAS  C:\Users\oscar\AppData\Local\Temp\cc1WpZ0s.s 			page 4


 148 0006 00000000 		.4byte	.Ldebug_abbrev0
 149 000a 04       		.byte	0x4
 150 000b 01       		.uleb128 0x1
 151 000c EC000000 		.4byte	.LASF26
 152 0010 0C       		.byte	0xc
 153 0011 C6000000 		.4byte	.LASF27
 154 0015 33000000 		.4byte	.LASF28
 155 0019 00000000 		.4byte	.Ldebug_ranges0+0
 156 001d 00000000 		.4byte	0
 157 0021 00000000 		.4byte	.Ldebug_line0
 158 0025 02       		.uleb128 0x2
 159 0026 01       		.byte	0x1
 160 0027 06       		.byte	0x6
 161 0028 70020000 		.4byte	.LASF0
 162 002c 02       		.uleb128 0x2
 163 002d 01       		.byte	0x1
 164 002e 08       		.byte	0x8
 165 002f DE000000 		.4byte	.LASF1
 166 0033 02       		.uleb128 0x2
 167 0034 02       		.byte	0x2
 168 0035 05       		.byte	0x5
 169 0036 37020000 		.4byte	.LASF2
 170 003a 02       		.uleb128 0x2
 171 003b 02       		.byte	0x2
 172 003c 07       		.byte	0x7
 173 003d 8C010000 		.4byte	.LASF3
 174 0041 03       		.uleb128 0x3
 175 0042 1B000000 		.4byte	.LASF9
 176 0046 02       		.byte	0x2
 177 0047 3F       		.byte	0x3f
 178 0048 4C000000 		.4byte	0x4c
 179 004c 02       		.uleb128 0x2
 180 004d 04       		.byte	0x4
 181 004e 05       		.byte	0x5
 182 004f 51020000 		.4byte	.LASF4
 183 0053 02       		.uleb128 0x2
 184 0054 04       		.byte	0x4
 185 0055 07       		.byte	0x7
 186 0056 7A010000 		.4byte	.LASF5
 187 005a 02       		.uleb128 0x2
 188 005b 08       		.byte	0x8
 189 005c 05       		.byte	0x5
 190 005d 1B020000 		.4byte	.LASF6
 191 0061 02       		.uleb128 0x2
 192 0062 08       		.byte	0x8
 193 0063 07       		.byte	0x7
 194 0064 DC010000 		.4byte	.LASF7
 195 0068 04       		.uleb128 0x4
 196 0069 04       		.byte	0x4
 197 006a 05       		.byte	0x5
 198 006b 696E7400 		.ascii	"int\000"
 199 006f 02       		.uleb128 0x2
 200 0070 04       		.byte	0x4
 201 0071 07       		.byte	0x7
 202 0072 CF010000 		.4byte	.LASF8
 203 0076 03       		.uleb128 0x3
 204 0077 0A020000 		.4byte	.LASF10
ARM GAS  C:\Users\oscar\AppData\Local\Temp\cc1WpZ0s.s 			page 5


 205 007b 03       		.byte	0x3
 206 007c 2C       		.byte	0x2c
 207 007d 41000000 		.4byte	0x41
 208 0081 02       		.uleb128 0x2
 209 0082 04       		.byte	0x4
 210 0083 04       		.byte	0x4
 211 0084 D8000000 		.4byte	.LASF11
 212 0088 02       		.uleb128 0x2
 213 0089 08       		.byte	0x8
 214 008a 04       		.byte	0x4
 215 008b AC010000 		.4byte	.LASF12
 216 008f 02       		.uleb128 0x2
 217 0090 01       		.byte	0x1
 218 0091 08       		.byte	0x8
 219 0092 32020000 		.4byte	.LASF13
 220 0096 02       		.uleb128 0x2
 221 0097 08       		.byte	0x8
 222 0098 04       		.byte	0x4
 223 0099 5A020000 		.4byte	.LASF14
 224 009d 02       		.uleb128 0x2
 225 009e 04       		.byte	0x4
 226 009f 07       		.byte	0x7
 227 00a0 12020000 		.4byte	.LASF15
 228 00a4 05       		.uleb128 0x5
 229 00a5 01       		.byte	0x1
 230 00a6 2C000000 		.4byte	0x2c
 231 00aa 04       		.byte	0x4
 232 00ab 0C       		.byte	0xc
 233 00ac C3000000 		.4byte	0xc3
 234 00b0 06       		.uleb128 0x6
 235 00b1 66020000 		.4byte	.LASF16
 236 00b5 00       		.byte	0
 237 00b6 06       		.uleb128 0x6
 238 00b7 10000000 		.4byte	.LASF17
 239 00bb 01       		.byte	0x1
 240 00bc 06       		.uleb128 0x6
 241 00bd 7C020000 		.4byte	.LASF18
 242 00c1 02       		.byte	0x2
 243 00c2 00       		.byte	0
 244 00c3 03       		.uleb128 0x3
 245 00c4 04020000 		.4byte	.LASF19
 246 00c8 04       		.byte	0x4
 247 00c9 10       		.byte	0x10
 248 00ca A4000000 		.4byte	0xa4
 249 00ce 07       		.uleb128 0x7
 250 00cf BB000000 		.4byte	.LASF29
 251 00d3 01       		.byte	0x1
 252 00d4 03       		.byte	0x3
 253 00d5 00000000 		.4byte	.LFB63
 254 00d9 68000000 		.4byte	.LFE63-.LFB63
 255 00dd 01       		.uleb128 0x1
 256 00de 9C       		.byte	0x9c
 257 00df 29010000 		.4byte	0x129
 258 00e3 08       		.uleb128 0x8
 259 00e4 4C454400 		.ascii	"LED\000"
 260 00e8 01       		.byte	0x1
 261 00e9 03       		.byte	0x3
ARM GAS  C:\Users\oscar\AppData\Local\Temp\cc1WpZ0s.s 			page 6


 262 00ea C3000000 		.4byte	0xc3
 263 00ee 00000000 		.4byte	.LLST0
 264 00f2 09       		.uleb128 0x9
 265 00f3 12000000 		.4byte	.LVL1
 266 00f7 85010000 		.4byte	0x185
 267 00fb 09       		.uleb128 0x9
 268 00fc 28000000 		.4byte	.LVL2
 269 0100 90010000 		.4byte	0x190
 270 0104 09       		.uleb128 0x9
 271 0105 2E000000 		.4byte	.LVL4
 272 0109 9B010000 		.4byte	0x19b
 273 010d 09       		.uleb128 0x9
 274 010e 44000000 		.4byte	.LVL5
 275 0112 A6010000 		.4byte	0x1a6
 276 0116 09       		.uleb128 0x9
 277 0117 4A000000 		.4byte	.LVL7
 278 011b B1010000 		.4byte	0x1b1
 279 011f 09       		.uleb128 0x9
 280 0120 60000000 		.4byte	.LVL8
 281 0124 BC010000 		.4byte	0x1bc
 282 0128 00       		.byte	0
 283 0129 0A       		.uleb128 0xa
 284 012a 29020000 		.4byte	.LASF30
 285 012e 01       		.byte	0x1
 286 012f 14       		.byte	0x14
 287 0130 00000000 		.4byte	.LFB64
 288 0134 16000000 		.4byte	.LFE64-.LFB64
 289 0138 01       		.uleb128 0x1
 290 0139 9C       		.byte	0x9c
 291 013a 74010000 		.4byte	0x174
 292 013e 0B       		.uleb128 0xb
 293 013f 08000000 		.4byte	.LVL9
 294 0143 90010000 		.4byte	0x190
 295 0147 51010000 		.4byte	0x151
 296 014b 0C       		.uleb128 0xc
 297 014c 01       		.uleb128 0x1
 298 014d 50       		.byte	0x50
 299 014e 01       		.uleb128 0x1
 300 014f 30       		.byte	0x30
 301 0150 00       		.byte	0
 302 0151 0B       		.uleb128 0xb
 303 0152 0E000000 		.4byte	.LVL10
 304 0156 A6010000 		.4byte	0x1a6
 305 015a 64010000 		.4byte	0x164
 306 015e 0C       		.uleb128 0xc
 307 015f 01       		.uleb128 0x1
 308 0160 50       		.byte	0x50
 309 0161 01       		.uleb128 0x1
 310 0162 30       		.byte	0x30
 311 0163 00       		.byte	0
 312 0164 0D       		.uleb128 0xd
 313 0165 14000000 		.4byte	.LVL11
 314 0169 BC010000 		.4byte	0x1bc
 315 016d 0C       		.uleb128 0xc
 316 016e 01       		.uleb128 0x1
 317 016f 50       		.byte	0x50
 318 0170 01       		.uleb128 0x1
ARM GAS  C:\Users\oscar\AppData\Local\Temp\cc1WpZ0s.s 			page 7


 319 0171 30       		.byte	0x30
 320 0172 00       		.byte	0
 321 0173 00       		.byte	0
 322 0174 0E       		.uleb128 0xe
 323 0175 9F010000 		.4byte	.LASF31
 324 0179 08       		.byte	0x8
 325 017a 1207     		.2byte	0x712
 326 017c 80010000 		.4byte	0x180
 327 0180 0F       		.uleb128 0xf
 328 0181 76000000 		.4byte	0x76
 329 0185 10       		.uleb128 0x10
 330 0186 B3010000 		.4byte	.LASF20
 331 018a B3010000 		.4byte	.LASF20
 332 018e 05       		.byte	0x5
 333 018f 29       		.byte	0x29
 334 0190 10       		.uleb128 0x10
 335 0191 00000000 		.4byte	.LASF21
 336 0195 00000000 		.4byte	.LASF21
 337 0199 05       		.byte	0x5
 338 019a 26       		.byte	0x26
 339 019b 10       		.uleb128 0x10
 340 019c 41020000 		.4byte	.LASF22
 341 01a0 41020000 		.4byte	.LASF22
 342 01a4 06       		.byte	0x6
 343 01a5 29       		.byte	0x29
 344 01a6 10       		.uleb128 0x10
 345 01a7 F3010000 		.4byte	.LASF23
 346 01ab F3010000 		.4byte	.LASF23
 347 01af 06       		.byte	0x6
 348 01b0 26       		.byte	0x26
 349 01b1 10       		.uleb128 0x10
 350 01b2 C2010000 		.4byte	.LASF24
 351 01b6 C2010000 		.4byte	.LASF24
 352 01ba 07       		.byte	0x7
 353 01bb 29       		.byte	0x29
 354 01bc 10       		.uleb128 0x10
 355 01bd 25000000 		.4byte	.LASF25
 356 01c1 25000000 		.4byte	.LASF25
 357 01c5 07       		.byte	0x7
 358 01c6 26       		.byte	0x26
 359 01c7 00       		.byte	0
 360              		.section	.debug_abbrev,"",%progbits
 361              	.Ldebug_abbrev0:
 362 0000 01       		.uleb128 0x1
 363 0001 11       		.uleb128 0x11
 364 0002 01       		.byte	0x1
 365 0003 25       		.uleb128 0x25
 366 0004 0E       		.uleb128 0xe
 367 0005 13       		.uleb128 0x13
 368 0006 0B       		.uleb128 0xb
 369 0007 03       		.uleb128 0x3
 370 0008 0E       		.uleb128 0xe
 371 0009 1B       		.uleb128 0x1b
 372 000a 0E       		.uleb128 0xe
 373 000b 55       		.uleb128 0x55
 374 000c 17       		.uleb128 0x17
 375 000d 11       		.uleb128 0x11
ARM GAS  C:\Users\oscar\AppData\Local\Temp\cc1WpZ0s.s 			page 8


 376 000e 01       		.uleb128 0x1
 377 000f 10       		.uleb128 0x10
 378 0010 17       		.uleb128 0x17
 379 0011 00       		.byte	0
 380 0012 00       		.byte	0
 381 0013 02       		.uleb128 0x2
 382 0014 24       		.uleb128 0x24
 383 0015 00       		.byte	0
 384 0016 0B       		.uleb128 0xb
 385 0017 0B       		.uleb128 0xb
 386 0018 3E       		.uleb128 0x3e
 387 0019 0B       		.uleb128 0xb
 388 001a 03       		.uleb128 0x3
 389 001b 0E       		.uleb128 0xe
 390 001c 00       		.byte	0
 391 001d 00       		.byte	0
 392 001e 03       		.uleb128 0x3
 393 001f 16       		.uleb128 0x16
 394 0020 00       		.byte	0
 395 0021 03       		.uleb128 0x3
 396 0022 0E       		.uleb128 0xe
 397 0023 3A       		.uleb128 0x3a
 398 0024 0B       		.uleb128 0xb
 399 0025 3B       		.uleb128 0x3b
 400 0026 0B       		.uleb128 0xb
 401 0027 49       		.uleb128 0x49
 402 0028 13       		.uleb128 0x13
 403 0029 00       		.byte	0
 404 002a 00       		.byte	0
 405 002b 04       		.uleb128 0x4
 406 002c 24       		.uleb128 0x24
 407 002d 00       		.byte	0
 408 002e 0B       		.uleb128 0xb
 409 002f 0B       		.uleb128 0xb
 410 0030 3E       		.uleb128 0x3e
 411 0031 0B       		.uleb128 0xb
 412 0032 03       		.uleb128 0x3
 413 0033 08       		.uleb128 0x8
 414 0034 00       		.byte	0
 415 0035 00       		.byte	0
 416 0036 05       		.uleb128 0x5
 417 0037 04       		.uleb128 0x4
 418 0038 01       		.byte	0x1
 419 0039 0B       		.uleb128 0xb
 420 003a 0B       		.uleb128 0xb
 421 003b 49       		.uleb128 0x49
 422 003c 13       		.uleb128 0x13
 423 003d 3A       		.uleb128 0x3a
 424 003e 0B       		.uleb128 0xb
 425 003f 3B       		.uleb128 0x3b
 426 0040 0B       		.uleb128 0xb
 427 0041 01       		.uleb128 0x1
 428 0042 13       		.uleb128 0x13
 429 0043 00       		.byte	0
 430 0044 00       		.byte	0
 431 0045 06       		.uleb128 0x6
 432 0046 28       		.uleb128 0x28
ARM GAS  C:\Users\oscar\AppData\Local\Temp\cc1WpZ0s.s 			page 9


 433 0047 00       		.byte	0
 434 0048 03       		.uleb128 0x3
 435 0049 0E       		.uleb128 0xe
 436 004a 1C       		.uleb128 0x1c
 437 004b 0B       		.uleb128 0xb
 438 004c 00       		.byte	0
 439 004d 00       		.byte	0
 440 004e 07       		.uleb128 0x7
 441 004f 2E       		.uleb128 0x2e
 442 0050 01       		.byte	0x1
 443 0051 3F       		.uleb128 0x3f
 444 0052 19       		.uleb128 0x19
 445 0053 03       		.uleb128 0x3
 446 0054 0E       		.uleb128 0xe
 447 0055 3A       		.uleb128 0x3a
 448 0056 0B       		.uleb128 0xb
 449 0057 3B       		.uleb128 0x3b
 450 0058 0B       		.uleb128 0xb
 451 0059 27       		.uleb128 0x27
 452 005a 19       		.uleb128 0x19
 453 005b 11       		.uleb128 0x11
 454 005c 01       		.uleb128 0x1
 455 005d 12       		.uleb128 0x12
 456 005e 06       		.uleb128 0x6
 457 005f 40       		.uleb128 0x40
 458 0060 18       		.uleb128 0x18
 459 0061 9742     		.uleb128 0x2117
 460 0063 19       		.uleb128 0x19
 461 0064 01       		.uleb128 0x1
 462 0065 13       		.uleb128 0x13
 463 0066 00       		.byte	0
 464 0067 00       		.byte	0
 465 0068 08       		.uleb128 0x8
 466 0069 05       		.uleb128 0x5
 467 006a 00       		.byte	0
 468 006b 03       		.uleb128 0x3
 469 006c 08       		.uleb128 0x8
 470 006d 3A       		.uleb128 0x3a
 471 006e 0B       		.uleb128 0xb
 472 006f 3B       		.uleb128 0x3b
 473 0070 0B       		.uleb128 0xb
 474 0071 49       		.uleb128 0x49
 475 0072 13       		.uleb128 0x13
 476 0073 02       		.uleb128 0x2
 477 0074 17       		.uleb128 0x17
 478 0075 00       		.byte	0
 479 0076 00       		.byte	0
 480 0077 09       		.uleb128 0x9
 481 0078 898201   		.uleb128 0x4109
 482 007b 00       		.byte	0
 483 007c 11       		.uleb128 0x11
 484 007d 01       		.uleb128 0x1
 485 007e 31       		.uleb128 0x31
 486 007f 13       		.uleb128 0x13
 487 0080 00       		.byte	0
 488 0081 00       		.byte	0
 489 0082 0A       		.uleb128 0xa
ARM GAS  C:\Users\oscar\AppData\Local\Temp\cc1WpZ0s.s 			page 10


 490 0083 2E       		.uleb128 0x2e
 491 0084 01       		.byte	0x1
 492 0085 3F       		.uleb128 0x3f
 493 0086 19       		.uleb128 0x19
 494 0087 03       		.uleb128 0x3
 495 0088 0E       		.uleb128 0xe
 496 0089 3A       		.uleb128 0x3a
 497 008a 0B       		.uleb128 0xb
 498 008b 3B       		.uleb128 0x3b
 499 008c 0B       		.uleb128 0xb
 500 008d 11       		.uleb128 0x11
 501 008e 01       		.uleb128 0x1
 502 008f 12       		.uleb128 0x12
 503 0090 06       		.uleb128 0x6
 504 0091 40       		.uleb128 0x40
 505 0092 18       		.uleb128 0x18
 506 0093 9742     		.uleb128 0x2117
 507 0095 19       		.uleb128 0x19
 508 0096 01       		.uleb128 0x1
 509 0097 13       		.uleb128 0x13
 510 0098 00       		.byte	0
 511 0099 00       		.byte	0
 512 009a 0B       		.uleb128 0xb
 513 009b 898201   		.uleb128 0x4109
 514 009e 01       		.byte	0x1
 515 009f 11       		.uleb128 0x11
 516 00a0 01       		.uleb128 0x1
 517 00a1 31       		.uleb128 0x31
 518 00a2 13       		.uleb128 0x13
 519 00a3 01       		.uleb128 0x1
 520 00a4 13       		.uleb128 0x13
 521 00a5 00       		.byte	0
 522 00a6 00       		.byte	0
 523 00a7 0C       		.uleb128 0xc
 524 00a8 8A8201   		.uleb128 0x410a
 525 00ab 00       		.byte	0
 526 00ac 02       		.uleb128 0x2
 527 00ad 18       		.uleb128 0x18
 528 00ae 9142     		.uleb128 0x2111
 529 00b0 18       		.uleb128 0x18
 530 00b1 00       		.byte	0
 531 00b2 00       		.byte	0
 532 00b3 0D       		.uleb128 0xd
 533 00b4 898201   		.uleb128 0x4109
 534 00b7 01       		.byte	0x1
 535 00b8 11       		.uleb128 0x11
 536 00b9 01       		.uleb128 0x1
 537 00ba 31       		.uleb128 0x31
 538 00bb 13       		.uleb128 0x13
 539 00bc 00       		.byte	0
 540 00bd 00       		.byte	0
 541 00be 0E       		.uleb128 0xe
 542 00bf 34       		.uleb128 0x34
 543 00c0 00       		.byte	0
 544 00c1 03       		.uleb128 0x3
 545 00c2 0E       		.uleb128 0xe
 546 00c3 3A       		.uleb128 0x3a
ARM GAS  C:\Users\oscar\AppData\Local\Temp\cc1WpZ0s.s 			page 11


 547 00c4 0B       		.uleb128 0xb
 548 00c5 3B       		.uleb128 0x3b
 549 00c6 05       		.uleb128 0x5
 550 00c7 49       		.uleb128 0x49
 551 00c8 13       		.uleb128 0x13
 552 00c9 3F       		.uleb128 0x3f
 553 00ca 19       		.uleb128 0x19
 554 00cb 3C       		.uleb128 0x3c
 555 00cc 19       		.uleb128 0x19
 556 00cd 00       		.byte	0
 557 00ce 00       		.byte	0
 558 00cf 0F       		.uleb128 0xf
 559 00d0 35       		.uleb128 0x35
 560 00d1 00       		.byte	0
 561 00d2 49       		.uleb128 0x49
 562 00d3 13       		.uleb128 0x13
 563 00d4 00       		.byte	0
 564 00d5 00       		.byte	0
 565 00d6 10       		.uleb128 0x10
 566 00d7 2E       		.uleb128 0x2e
 567 00d8 00       		.byte	0
 568 00d9 3F       		.uleb128 0x3f
 569 00da 19       		.uleb128 0x19
 570 00db 3C       		.uleb128 0x3c
 571 00dc 19       		.uleb128 0x19
 572 00dd 6E       		.uleb128 0x6e
 573 00de 0E       		.uleb128 0xe
 574 00df 03       		.uleb128 0x3
 575 00e0 0E       		.uleb128 0xe
 576 00e1 3A       		.uleb128 0x3a
 577 00e2 0B       		.uleb128 0xb
 578 00e3 3B       		.uleb128 0x3b
 579 00e4 0B       		.uleb128 0xb
 580 00e5 00       		.byte	0
 581 00e6 00       		.byte	0
 582 00e7 00       		.byte	0
 583              		.section	.debug_loc,"",%progbits
 584              	.Ldebug_loc0:
 585              	.LLST0:
 586 0000 00000000 		.4byte	.LVL0
 587 0004 11000000 		.4byte	.LVL1-1
 588 0008 0100     		.2byte	0x1
 589 000a 50       		.byte	0x50
 590 000b 11000000 		.4byte	.LVL1-1
 591 000f 2A000000 		.4byte	.LVL3
 592 0013 0400     		.2byte	0x4
 593 0015 F3       		.byte	0xf3
 594 0016 01       		.uleb128 0x1
 595 0017 50       		.byte	0x50
 596 0018 9F       		.byte	0x9f
 597 0019 2A000000 		.4byte	.LVL3
 598 001d 2D000000 		.4byte	.LVL4-1
 599 0021 0100     		.2byte	0x1
 600 0023 50       		.byte	0x50
 601 0024 2D000000 		.4byte	.LVL4-1
 602 0028 46000000 		.4byte	.LVL6
 603 002c 0400     		.2byte	0x4
ARM GAS  C:\Users\oscar\AppData\Local\Temp\cc1WpZ0s.s 			page 12


 604 002e F3       		.byte	0xf3
 605 002f 01       		.uleb128 0x1
 606 0030 50       		.byte	0x50
 607 0031 9F       		.byte	0x9f
 608 0032 46000000 		.4byte	.LVL6
 609 0036 49000000 		.4byte	.LVL7-1
 610 003a 0100     		.2byte	0x1
 611 003c 50       		.byte	0x50
 612 003d 49000000 		.4byte	.LVL7-1
 613 0041 68000000 		.4byte	.LFE63
 614 0045 0400     		.2byte	0x4
 615 0047 F3       		.byte	0xf3
 616 0048 01       		.uleb128 0x1
 617 0049 50       		.byte	0x50
 618 004a 9F       		.byte	0x9f
 619 004b 00000000 		.4byte	0
 620 004f 00000000 		.4byte	0
 621              		.section	.debug_aranges,"",%progbits
 622 0000 24000000 		.4byte	0x24
 623 0004 0200     		.2byte	0x2
 624 0006 00000000 		.4byte	.Ldebug_info0
 625 000a 04       		.byte	0x4
 626 000b 00       		.byte	0
 627 000c 0000     		.2byte	0
 628 000e 0000     		.2byte	0
 629 0010 00000000 		.4byte	.LFB63
 630 0014 68000000 		.4byte	.LFE63-.LFB63
 631 0018 00000000 		.4byte	.LFB64
 632 001c 16000000 		.4byte	.LFE64-.LFB64
 633 0020 00000000 		.4byte	0
 634 0024 00000000 		.4byte	0
 635              		.section	.debug_ranges,"",%progbits
 636              	.Ldebug_ranges0:
 637 0000 00000000 		.4byte	.LFB63
 638 0004 68000000 		.4byte	.LFE63
 639 0008 00000000 		.4byte	.LFB64
 640 000c 16000000 		.4byte	.LFE64
 641 0010 00000000 		.4byte	0
 642 0014 00000000 		.4byte	0
 643              		.section	.debug_line,"",%progbits
 644              	.Ldebug_line0:
 645 0000 AA010000 		.section	.debug_str,"MS",%progbits,1
 645      02008001 
 645      00000201 
 645      FB0E0D00 
 645      01010101 
 646              	.LASF21:
 647 0000 4C45445F 		.ascii	"LED_green_Write\000"
 647      67726565 
 647      6E5F5772 
 647      69746500 
 648              	.LASF17:
 649 0010 4C45445F 		.ascii	"LED_YELLOW\000"
 649      59454C4C 
 649      4F5700
 650              	.LASF9:
 651 001b 5F5F696E 		.ascii	"__int32_t\000"
ARM GAS  C:\Users\oscar\AppData\Local\Temp\cc1WpZ0s.s 			page 13


 651      7433325F 
 651      7400
 652              	.LASF25:
 653 0025 4C45445F 		.ascii	"LED_red_Write\000"
 653      7265645F 
 653      57726974 
 653      6500
 654              	.LASF28:
 655 0033 443A5C53 		.ascii	"D:\\Semester\\SecondSemester\\SDHD\\thirdpart\\Soft"
 655      656D6573 
 655      7465725C 
 655      5365636F 
 655      6E645365 
 656 0061 77617265 		.ascii	"wareSDHD.cywrk.Archive01\\SoftwareSDHD\\OAguilar_76"
 656      53444844 
 656      2E637977 
 656      726B2E41 
 656      72636869 
 657 0092 36343638 		.ascii	"6468_SoftwareDevelopmentAssignment.cydsn\000"
 657      5F536F66 
 657      74776172 
 657      65446576 
 657      656C6F70 
 658              	.LASF29:
 659 00bb 4C45445F 		.ascii	"LED_Toggle\000"
 659      546F6767 
 659      6C6500
 660              	.LASF27:
 661 00c6 736F7572 		.ascii	"source\\bsw\\LEDS.c\000"
 661      63655C62 
 661      73775C4C 
 661      4544532E 
 661      6300
 662              	.LASF11:
 663 00d8 666C6F61 		.ascii	"float\000"
 663      7400
 664              	.LASF1:
 665 00de 756E7369 		.ascii	"unsigned char\000"
 665      676E6564 
 665      20636861 
 665      7200
 666              	.LASF26:
 667 00ec 474E5520 		.ascii	"GNU C11 5.4.1 20160609 (release) [ARM/embedded-5-br"
 667      43313120 
 667      352E342E 
 667      31203230 
 667      31363036 
 668 011f 616E6368 		.ascii	"anch revision 237715] -mcpu=cortex-m3 -mthumb -g -O"
 668      20726576 
 668      6973696F 
 668      6E203233 
 668      37373135 
 669 0152 67202D66 		.ascii	"g -ffunction-sections -ffat-lto-objects\000"
 669      66756E63 
 669      74696F6E 
 669      2D736563 
 669      74696F6E 
ARM GAS  C:\Users\oscar\AppData\Local\Temp\cc1WpZ0s.s 			page 14


 670              	.LASF5:
 671 017a 6C6F6E67 		.ascii	"long unsigned int\000"
 671      20756E73 
 671      69676E65 
 671      6420696E 
 671      7400
 672              	.LASF3:
 673 018c 73686F72 		.ascii	"short unsigned int\000"
 673      7420756E 
 673      7369676E 
 673      65642069 
 673      6E7400
 674              	.LASF31:
 675 019f 49544D5F 		.ascii	"ITM_RxBuffer\000"
 675      52784275 
 675      66666572 
 675      00
 676              	.LASF12:
 677 01ac 646F7562 		.ascii	"double\000"
 677      6C6500
 678              	.LASF20:
 679 01b3 4C45445F 		.ascii	"LED_green_Read\000"
 679      67726565 
 679      6E5F5265 
 679      616400
 680              	.LASF24:
 681 01c2 4C45445F 		.ascii	"LED_red_Read\000"
 681      7265645F 
 681      52656164 
 681      00
 682              	.LASF8:
 683 01cf 756E7369 		.ascii	"unsigned int\000"
 683      676E6564 
 683      20696E74 
 683      00
 684              	.LASF7:
 685 01dc 6C6F6E67 		.ascii	"long long unsigned int\000"
 685      206C6F6E 
 685      6720756E 
 685      7369676E 
 685      65642069 
 686              	.LASF23:
 687 01f3 4C45445F 		.ascii	"LED_yellow_Write\000"
 687      79656C6C 
 687      6F775F57 
 687      72697465 
 687      00
 688              	.LASF19:
 689 0204 4C45445F 		.ascii	"LED_t\000"
 689      7400
 690              	.LASF10:
 691 020a 696E7433 		.ascii	"int32_t\000"
 691      325F7400 
 692              	.LASF15:
 693 0212 73697A65 		.ascii	"sizetype\000"
 693      74797065 
 693      00
ARM GAS  C:\Users\oscar\AppData\Local\Temp\cc1WpZ0s.s 			page 15


 694              	.LASF6:
 695 021b 6C6F6E67 		.ascii	"long long int\000"
 695      206C6F6E 
 695      6720696E 
 695      7400
 696              	.LASF30:
 697 0229 4C45445F 		.ascii	"LED_INIT\000"
 697      494E4954 
 697      00
 698              	.LASF13:
 699 0232 63686172 		.ascii	"char\000"
 699      00
 700              	.LASF2:
 701 0237 73686F72 		.ascii	"short int\000"
 701      7420696E 
 701      7400
 702              	.LASF22:
 703 0241 4C45445F 		.ascii	"LED_yellow_Read\000"
 703      79656C6C 
 703      6F775F52 
 703      65616400 
 704              	.LASF4:
 705 0251 6C6F6E67 		.ascii	"long int\000"
 705      20696E74 
 705      00
 706              	.LASF14:
 707 025a 6C6F6E67 		.ascii	"long double\000"
 707      20646F75 
 707      626C6500 
 708              	.LASF16:
 709 0266 4C45445F 		.ascii	"LED_GREEN\000"
 709      47524545 
 709      4E00
 710              	.LASF0:
 711 0270 7369676E 		.ascii	"signed char\000"
 711      65642063 
 711      68617200 
 712              	.LASF18:
 713 027c 4C45445F 		.ascii	"LED_RED\000"
 713      52454400 
 714              		.ident	"GCC: (GNU Tools for ARM Embedded Processors) 5.4.1 20160609 (release) [ARM/embedded-5-bran
