ARM GAS  C:\Users\oscar\AppData\Local\Temp\cc4gYu0A.s 			page 1


   1              		.syntax unified
   2              		.cpu cortex-m3
   3              		.fpu softvfp
   4              		.eabi_attribute 20, 1
   5              		.eabi_attribute 21, 1
   6              		.eabi_attribute 23, 3
   7              		.eabi_attribute 24, 1
   8              		.eabi_attribute 25, 1
   9              		.eabi_attribute 26, 1
  10              		.eabi_attribute 30, 1
  11              		.eabi_attribute 34, 1
  12              		.eabi_attribute 18, 4
  13              		.thumb
  14              		.syntax unified
  15              		.file	"main.c"
  16              		.text
  17              	.Ltext0:
  18              		.cfi_sections	.debug_frame
  19              		.section	.text.main,"ax",%progbits
  20              		.align	2
  21              		.global	main
  22              		.thumb
  23              		.thumb_func
  24              		.type	main, %function
  25              	main:
  26              	.LFB63:
  27              		.file 1 "source\\asw\\main.c"
   1:source\asw/main.c **** /* ========================================
   2:source\asw/main.c ****  *
   3:source\asw/main.c ****  * Copyright Oscar Aguilar Aguila Isaías 766468,
   4:source\asw/main.c ****  *  06.1.2020
   5:source\asw/main.c ****  * All Rights Reserved
   6:source\asw/main.c ****  * UNPUBLISHED, LICENSED SOFTWARE.
   7:source\asw/main.c ****  *
   8:source\asw/main.c ****  *
   9:source\asw/main.c ****  * ========================================
  10:source\asw/main.c **** */
  11:source\asw/main.c **** #include "project.h"
  12:source\asw/main.c **** #include "DMA.h"
  13:source\asw/main.c **** #include "Button.h" 
  14:source\asw/main.c **** #include "FSM.h"
  15:source\asw/main.c **** #include "UART.h"
  16:source\asw/main.c **** #include "LEDS.h"
  17:source\asw/main.c **** 
  18:source\asw/main.c **** uint16 DMAArray[DMA_ARRAY_LENGTH] = {0}; 
  19:source\asw/main.c **** 
  20:source\asw/main.c **** volatile bool_t buttonFlag=false; //Declared as volatile as flag willS change in an interrupt
  21:source\asw/main.c **** volatile bool_t UARTRX_s_Flag=false;
  22:source\asw/main.c **** volatile bool_t UARTRX_o_Flag=false;
  23:source\asw/main.c **** volatile bool_t DMA_isr_Flag=false;
  24:source\asw/main.c **** 
  25:source\asw/main.c **** int main(void)
  26:source\asw/main.c **** {
  28              		.loc 1 26 0
  29              		.cfi_startproc
  30              		@ args = 0, pretend = 0, frame = 8
  31              		@ frame_needed = 0, uses_anonymous_args = 0
ARM GAS  C:\Users\oscar\AppData\Local\Temp\cc4gYu0A.s 			page 2


  32 0000 00B5     		push	{lr}
  33              		.cfi_def_cfa_offset 4
  34              		.cfi_offset 14, -4
  35 0002 83B0     		sub	sp, sp, #12
  36              		.cfi_def_cfa_offset 16
  27:source\asw/main.c ****     CyGlobalIntEnable; /* Enable global interrupts. */
  37              		.loc 1 27 0
  38              		.syntax unified
  39              	@ 27 "source\asw\main.c" 1
  40 0004 62B6     		CPSIE   i
  41              	@ 0 "" 2
  28:source\asw/main.c **** 
  29:source\asw/main.c ****     /*  */
  30:source\asw/main.c ****     
  31:source\asw/main.c ****     /* Initialize al Drivers and DMA */
  32:source\asw/main.c ****     DMA_Config(); //Parting from Wizard
  42              		.loc 1 32 0
  43              		.thumb
  44              		.syntax unified
  45 0006 FFF7FEFF 		bl	DMA_Config
  46              	.LVL0:
  33:source\asw/main.c ****     UART_1_Start(); 
  47              		.loc 1 33 0
  48 000a FFF7FEFF 		bl	UART_1_Start
  49              	.LVL1:
  34:source\asw/main.c ****     ADC_DelSig_1_Start();
  50              		.loc 1 34 0
  51 000e FFF7FEFF 		bl	ADC_DelSig_1_Start
  52              	.LVL2:
  35:source\asw/main.c ****     WaveDAC8_1_Start(); 
  53              		.loc 1 35 0
  54 0012 FFF7FEFF 		bl	WaveDAC8_1_Start
  55              	.LVL3:
  36:source\asw/main.c ****     Button_Init(); //Interrupt start
  56              		.loc 1 36 0
  57 0016 FFF7FEFF 		bl	Button_Init
  58              	.LVL4:
  37:source\asw/main.c ****     DMA_ISR_Init(); //Interrupt start
  59              		.loc 1 37 0
  60 001a FFF7FEFF 		bl	DMA_ISR_Init
  61              	.LVL5:
  38:source\asw/main.c ****     UARTRX_ISR_Init();//Interrupt start
  62              		.loc 1 38 0
  63 001e FFF7FEFF 		bl	UARTRX_ISR_Init
  64              	.LVL6:
  39:source\asw/main.c ****     LED_INIT();
  65              		.loc 1 39 0
  66 0022 FFF7FEFF 		bl	LED_INIT
  67              	.LVL7:
  40:source\asw/main.c ****     State_t state=isIDLE;
  68              		.loc 1 40 0
  69 0026 0023     		movs	r3, #0
  70 0028 8DF80730 		strb	r3, [sp, #7]
  41:source\asw/main.c ****     ADC_DelSig_1_StartConvert();
  71              		.loc 1 41 0
  72 002c FFF7FEFF 		bl	ADC_DelSig_1_StartConvert
  73              	.LVL8:
ARM GAS  C:\Users\oscar\AppData\Local\Temp\cc4gYu0A.s 			page 3


  74              	.L2:
  42:source\asw/main.c ****     
  43:source\asw/main.c ****     for(;;)
  44:source\asw/main.c ****     {
  45:source\asw/main.c ****         runFSM(&state);
  75              		.loc 1 45 0 discriminator 1
  76 0030 0DF10700 		add	r0, sp, #7
  77 0034 FFF7FEFF 		bl	runFSM
  78              	.LVL9:
  79 0038 FAE7     		b	.L2
  80              		.cfi_endproc
  81              	.LFE63:
  82              		.size	main, .-main
  83              		.global	DMA_isr_Flag
  84              		.global	UARTRX_o_Flag
  85              		.global	UARTRX_s_Flag
  86              		.global	buttonFlag
  87              		.global	DMAArray
  88              		.comm	DMA_ADC_TD,1,4
  89              		.comm	DMA_ADC_Chan,1,1
  90 003a 00BF     		.bss
  91              		.align	2
  92              		.type	DMA_isr_Flag, %object
  93              		.size	DMA_isr_Flag, 1
  94              	DMA_isr_Flag:
  95 0000 00       		.space	1
  96              		.type	UARTRX_o_Flag, %object
  97              		.size	UARTRX_o_Flag, 1
  98              	UARTRX_o_Flag:
  99 0001 00       		.space	1
 100              		.type	UARTRX_s_Flag, %object
 101              		.size	UARTRX_s_Flag, 1
 102              	UARTRX_s_Flag:
 103 0002 00       		.space	1
 104              		.type	buttonFlag, %object
 105              		.size	buttonFlag, 1
 106              	buttonFlag:
 107 0003 00       		.space	1
 108              		.type	DMAArray, %object
 109              		.size	DMAArray, 2048
 110              	DMAArray:
 111 0004 00000000 		.space	2048
 111      00000000 
 111      00000000 
 111      00000000 
 111      00000000 
 112              		.text
 113              	.Letext0:
 114              		.file 2 "c:\\program files (x86)\\cypress\\psoc creator\\4.2\\psoc creator\\import\\gnu\\arm\\5.4.
 115              		.file 3 "c:\\program files (x86)\\cypress\\psoc creator\\4.2\\psoc creator\\import\\gnu\\arm\\5.4.
 116              		.file 4 "Generated_Source\\PSoC5/cytypes.h"
 117              		.file 5 ".\\source\\asw/cyapicallbacks.h"
 118              		.file 6 "source\\asw\\FSM.h"
 119              		.file 7 "Generated_Source\\PSoC5/core_cm3.h"
 120              		.file 8 ".\\source\\bsw/DMA.h"
 121              		.file 9 "Generated_Source\\PSoC5/UART_1.h"
 122              		.file 10 "Generated_Source\\PSoC5/ADC_DelSig_1.h"
ARM GAS  C:\Users\oscar\AppData\Local\Temp\cc4gYu0A.s 			page 4


 123              		.file 11 "Generated_Source\\PSoC5/WaveDAC8_1.h"
 124              		.file 12 ".\\source\\bsw/Button.h"
 125              		.file 13 ".\\source\\bsw/UART.h"
 126              		.file 14 ".\\source\\bsw/LEDS.h"
 127              		.section	.debug_info,"",%progbits
 128              	.Ldebug_info0:
 129 0000 AC020000 		.4byte	0x2ac
 130 0004 0400     		.2byte	0x4
 131 0006 00000000 		.4byte	.Ldebug_abbrev0
 132 000a 04       		.byte	0x4
 133 000b 01       		.uleb128 0x1
 134 000c 20010000 		.4byte	.LASF43
 135 0010 0C       		.byte	0xc
 136 0011 80020000 		.4byte	.LASF44
 137 0015 4D000000 		.4byte	.LASF45
 138 0019 00000000 		.4byte	.Ldebug_ranges0+0
 139 001d 00000000 		.4byte	0
 140 0021 00000000 		.4byte	.Ldebug_line0
 141 0025 02       		.uleb128 0x2
 142 0026 01       		.byte	0x1
 143 0027 06       		.byte	0x6
 144 0028 EC020000 		.4byte	.LASF0
 145 002c 02       		.uleb128 0x2
 146 002d 01       		.byte	0x1
 147 002e 08       		.byte	0x8
 148 002f EA010000 		.4byte	.LASF1
 149 0033 02       		.uleb128 0x2
 150 0034 02       		.byte	0x2
 151 0035 05       		.byte	0x5
 152 0036 AD020000 		.4byte	.LASF2
 153 003a 02       		.uleb128 0x2
 154 003b 02       		.byte	0x2
 155 003c 07       		.byte	0x7
 156 003d C0010000 		.4byte	.LASF3
 157 0041 03       		.uleb128 0x3
 158 0042 24000000 		.4byte	.LASF9
 159 0046 02       		.byte	0x2
 160 0047 3F       		.byte	0x3f
 161 0048 4C000000 		.4byte	0x4c
 162 004c 02       		.uleb128 0x2
 163 004d 04       		.byte	0x4
 164 004e 05       		.byte	0x5
 165 004f BD020000 		.4byte	.LASF4
 166 0053 02       		.uleb128 0x2
 167 0054 04       		.byte	0x4
 168 0055 07       		.byte	0x7
 169 0056 AE010000 		.4byte	.LASF5
 170 005a 02       		.uleb128 0x2
 171 005b 08       		.byte	0x8
 172 005c 05       		.byte	0x5
 173 005d 69020000 		.4byte	.LASF6
 174 0061 02       		.uleb128 0x2
 175 0062 08       		.byte	0x8
 176 0063 07       		.byte	0x7
 177 0064 42020000 		.4byte	.LASF7
 178 0068 04       		.uleb128 0x4
 179 0069 04       		.byte	0x4
ARM GAS  C:\Users\oscar\AppData\Local\Temp\cc4gYu0A.s 			page 5


 180 006a 05       		.byte	0x5
 181 006b 696E7400 		.ascii	"int\000"
 182 006f 02       		.uleb128 0x2
 183 0070 04       		.byte	0x4
 184 0071 07       		.byte	0x7
 185 0072 2A020000 		.4byte	.LASF8
 186 0076 03       		.uleb128 0x3
 187 0077 E2000000 		.4byte	.LASF10
 188 007b 03       		.byte	0x3
 189 007c 2C       		.byte	0x2c
 190 007d 41000000 		.4byte	0x41
 191 0081 05       		.uleb128 0x5
 192 0082 B7020000 		.4byte	.LASF11
 193 0086 04       		.byte	0x4
 194 0087 E401     		.2byte	0x1e4
 195 0089 2C000000 		.4byte	0x2c
 196 008d 05       		.uleb128 0x5
 197 008e 10020000 		.4byte	.LASF12
 198 0092 04       		.byte	0x4
 199 0093 E501     		.2byte	0x1e5
 200 0095 3A000000 		.4byte	0x3a
 201 0099 02       		.uleb128 0x2
 202 009a 04       		.byte	0x4
 203 009b 04       		.byte	0x4
 204 009c FC000000 		.4byte	.LASF13
 205 00a0 02       		.uleb128 0x2
 206 00a1 08       		.byte	0x8
 207 00a2 04       		.byte	0x4
 208 00a3 F8020000 		.4byte	.LASF14
 209 00a7 02       		.uleb128 0x2
 210 00a8 01       		.byte	0x1
 211 00a9 08       		.byte	0x8
 212 00aa 92020000 		.4byte	.LASF15
 213 00ae 02       		.uleb128 0x2
 214 00af 08       		.byte	0x8
 215 00b0 04       		.byte	0x4
 216 00b1 E0020000 		.4byte	.LASF16
 217 00b5 02       		.uleb128 0x2
 218 00b6 04       		.byte	0x4
 219 00b7 07       		.byte	0x7
 220 00b8 60020000 		.4byte	.LASF17
 221 00bc 06       		.uleb128 0x6
 222 00bd 01       		.byte	0x1
 223 00be 2C000000 		.4byte	0x2c
 224 00c2 05       		.byte	0x5
 225 00c3 15       		.byte	0x15
 226 00c4 D5000000 		.4byte	0xd5
 227 00c8 07       		.uleb128 0x7
 228 00c9 DC000000 		.4byte	.LASF18
 229 00cd 00       		.byte	0
 230 00ce 07       		.uleb128 0x7
 231 00cf 00000000 		.4byte	.LASF19
 232 00d3 01       		.byte	0x1
 233 00d4 00       		.byte	0
 234 00d5 03       		.uleb128 0x3
 235 00d6 D5000000 		.4byte	.LASF20
 236 00da 05       		.byte	0x5
ARM GAS  C:\Users\oscar\AppData\Local\Temp\cc4gYu0A.s 			page 6


 237 00db 18       		.byte	0x18
 238 00dc BC000000 		.4byte	0xbc
 239 00e0 06       		.uleb128 0x6
 240 00e1 01       		.byte	0x1
 241 00e2 2C000000 		.4byte	0x2c
 242 00e6 06       		.byte	0x6
 243 00e7 11       		.byte	0x11
 244 00e8 FF000000 		.4byte	0xff
 245 00ec 07       		.uleb128 0x7
 246 00ed 12000000 		.4byte	.LASF21
 247 00f1 00       		.byte	0
 248 00f2 07       		.uleb128 0x7
 249 00f3 19030000 		.4byte	.LASF22
 250 00f7 01       		.byte	0x1
 251 00f8 07       		.uleb128 0x7
 252 00f9 D3010000 		.4byte	.LASF23
 253 00fd 02       		.byte	0x2
 254 00fe 00       		.byte	0
 255 00ff 03       		.uleb128 0x3
 256 0100 F8010000 		.4byte	.LASF24
 257 0104 06       		.byte	0x6
 258 0105 16       		.byte	0x16
 259 0106 E0000000 		.4byte	0xe0
 260 010a 08       		.uleb128 0x8
 261 010b 0B020000 		.4byte	.LASF46
 262 010f 01       		.byte	0x1
 263 0110 19       		.byte	0x19
 264 0111 68000000 		.4byte	0x68
 265 0115 00000000 		.4byte	.LFB63
 266 0119 3A000000 		.4byte	.LFE63-.LFB63
 267 011d 01       		.uleb128 0x1
 268 011e 9C       		.byte	0x9c
 269 011f 93010000 		.4byte	0x193
 270 0123 09       		.uleb128 0x9
 271 0124 EA000000 		.4byte	.LASF47
 272 0128 01       		.byte	0x1
 273 0129 28       		.byte	0x28
 274 012a FF000000 		.4byte	0xff
 275 012e 02       		.uleb128 0x2
 276 012f 91       		.byte	0x91
 277 0130 77       		.sleb128 -9
 278 0131 0A       		.uleb128 0xa
 279 0132 0A000000 		.4byte	.LVL0
 280 0136 41020000 		.4byte	0x241
 281 013a 0A       		.uleb128 0xa
 282 013b 0E000000 		.4byte	.LVL1
 283 013f 4C020000 		.4byte	0x24c
 284 0143 0A       		.uleb128 0xa
 285 0144 12000000 		.4byte	.LVL2
 286 0148 57020000 		.4byte	0x257
 287 014c 0A       		.uleb128 0xa
 288 014d 16000000 		.4byte	.LVL3
 289 0151 62020000 		.4byte	0x262
 290 0155 0A       		.uleb128 0xa
 291 0156 1A000000 		.4byte	.LVL4
 292 015a 6D020000 		.4byte	0x26d
 293 015e 0A       		.uleb128 0xa
ARM GAS  C:\Users\oscar\AppData\Local\Temp\cc4gYu0A.s 			page 7


 294 015f 1E000000 		.4byte	.LVL5
 295 0163 78020000 		.4byte	0x278
 296 0167 0A       		.uleb128 0xa
 297 0168 22000000 		.4byte	.LVL6
 298 016c 83020000 		.4byte	0x283
 299 0170 0A       		.uleb128 0xa
 300 0171 26000000 		.4byte	.LVL7
 301 0175 8E020000 		.4byte	0x28e
 302 0179 0A       		.uleb128 0xa
 303 017a 30000000 		.4byte	.LVL8
 304 017e 99020000 		.4byte	0x299
 305 0182 0B       		.uleb128 0xb
 306 0183 38000000 		.4byte	.LVL9
 307 0187 A4020000 		.4byte	0x2a4
 308 018b 0C       		.uleb128 0xc
 309 018c 01       		.uleb128 0x1
 310 018d 50       		.byte	0x50
 311 018e 02       		.uleb128 0x2
 312 018f 91       		.byte	0x91
 313 0190 77       		.sleb128 -9
 314 0191 00       		.byte	0
 315 0192 00       		.byte	0
 316 0193 0D       		.uleb128 0xd
 317 0194 DD010000 		.4byte	.LASF25
 318 0198 07       		.byte	0x7
 319 0199 1207     		.2byte	0x712
 320 019b 9F010000 		.4byte	0x19f
 321 019f 0E       		.uleb128 0xe
 322 01a0 76000000 		.4byte	0x76
 323 01a4 0F       		.uleb128 0xf
 324 01a5 A0020000 		.4byte	.LASF26
 325 01a9 08       		.byte	0x8
 326 01aa 13       		.byte	0x13
 327 01ab 81000000 		.4byte	0x81
 328 01af 05       		.uleb128 0x5
 329 01b0 03       		.byte	0x3
 330 01b1 00000000 		.4byte	DMA_ADC_Chan
 331 01b5 10       		.uleb128 0x10
 332 01b6 81000000 		.4byte	0x81
 333 01ba C5010000 		.4byte	0x1c5
 334 01be 11       		.uleb128 0x11
 335 01bf B5000000 		.4byte	0xb5
 336 01c3 00       		.byte	0
 337 01c4 00       		.byte	0
 338 01c5 0F       		.uleb128 0xf
 339 01c6 19000000 		.4byte	.LASF27
 340 01ca 08       		.byte	0x8
 341 01cb 14       		.byte	0x14
 342 01cc B5010000 		.4byte	0x1b5
 343 01d0 05       		.uleb128 0x5
 344 01d1 03       		.byte	0x3
 345 01d2 00000000 		.4byte	DMA_ADC_TD
 346 01d6 10       		.uleb128 0x10
 347 01d7 8D000000 		.4byte	0x8d
 348 01db E7010000 		.4byte	0x1e7
 349 01df 12       		.uleb128 0x12
 350 01e0 B5000000 		.4byte	0xb5
ARM GAS  C:\Users\oscar\AppData\Local\Temp\cc4gYu0A.s 			page 8


 351 01e4 FF03     		.2byte	0x3ff
 352 01e6 00       		.byte	0
 353 01e7 0F       		.uleb128 0xf
 354 01e8 97020000 		.4byte	.LASF28
 355 01ec 01       		.byte	0x1
 356 01ed 12       		.byte	0x12
 357 01ee D6010000 		.4byte	0x1d6
 358 01f2 05       		.uleb128 0x5
 359 01f3 03       		.byte	0x3
 360 01f4 00000000 		.4byte	DMAArray
 361 01f8 0F       		.uleb128 0xf
 362 01f9 FF020000 		.4byte	.LASF29
 363 01fd 01       		.byte	0x1
 364 01fe 17       		.byte	0x17
 365 01ff 09020000 		.4byte	0x209
 366 0203 05       		.uleb128 0x5
 367 0204 03       		.byte	0x3
 368 0205 00000000 		.4byte	DMA_isr_Flag
 369 0209 0E       		.uleb128 0xe
 370 020a D5000000 		.4byte	0xd5
 371 020e 0F       		.uleb128 0xf
 372 020f 37020000 		.4byte	.LASF30
 373 0213 01       		.byte	0x1
 374 0214 14       		.byte	0x14
 375 0215 09020000 		.4byte	0x209
 376 0219 05       		.uleb128 0x5
 377 021a 03       		.byte	0x3
 378 021b 00000000 		.4byte	buttonFlag
 379 021f 0F       		.uleb128 0xf
 380 0220 02010000 		.4byte	.LASF31
 381 0224 01       		.byte	0x1
 382 0225 15       		.byte	0x15
 383 0226 09020000 		.4byte	0x209
 384 022a 05       		.uleb128 0x5
 385 022b 03       		.byte	0x3
 386 022c 00000000 		.4byte	UARTRX_s_Flag
 387 0230 0F       		.uleb128 0xf
 388 0231 2E000000 		.4byte	.LASF32
 389 0235 01       		.byte	0x1
 390 0236 16       		.byte	0x16
 391 0237 09020000 		.4byte	0x209
 392 023b 05       		.uleb128 0x5
 393 023c 03       		.byte	0x3
 394 023d 00000000 		.4byte	UARTRX_o_Flag
 395 0241 13       		.uleb128 0x13
 396 0242 00020000 		.4byte	.LASF33
 397 0246 00020000 		.4byte	.LASF33
 398 024a 08       		.byte	0x8
 399 024b 20       		.byte	0x20
 400 024c 13       		.uleb128 0x13
 401 024d 05000000 		.4byte	.LASF34
 402 0251 05000000 		.4byte	.LASF34
 403 0255 09       		.byte	0x9
 404 0256 54       		.byte	0x54
 405 0257 13       		.uleb128 0x13
 406 0258 17020000 		.4byte	.LASF35
 407 025c 17020000 		.4byte	.LASF35
ARM GAS  C:\Users\oscar\AppData\Local\Temp\cc4gYu0A.s 			page 9


 408 0260 0A       		.byte	0xa
 409 0261 3A       		.byte	0x3a
 410 0262 13       		.uleb128 0x13
 411 0263 3C000000 		.4byte	.LASF36
 412 0267 3C000000 		.4byte	.LASF36
 413 026b 0B       		.byte	0xb
 414 026c 67       		.byte	0x67
 415 026d 13       		.uleb128 0x13
 416 026e F0000000 		.4byte	.LASF37
 417 0272 F0000000 		.4byte	.LASF37
 418 0276 0C       		.byte	0xc
 419 0277 14       		.byte	0x14
 420 0278 13       		.uleb128 0x13
 421 0279 0C030000 		.4byte	.LASF38
 422 027d 0C030000 		.4byte	.LASF38
 423 0281 08       		.byte	0x8
 424 0282 28       		.byte	0x28
 425 0283 13       		.uleb128 0x13
 426 0284 10010000 		.4byte	.LASF39
 427 0288 10010000 		.4byte	.LASF39
 428 028c 0D       		.byte	0xd
 429 028d 1C       		.byte	0x1c
 430 028e 13       		.uleb128 0x13
 431 028f 77020000 		.4byte	.LASF40
 432 0293 77020000 		.4byte	.LASF40
 433 0297 0E       		.byte	0xe
 434 0298 29       		.byte	0x29
 435 0299 13       		.uleb128 0x13
 436 029a C6020000 		.4byte	.LASF41
 437 029e C6020000 		.4byte	.LASF41
 438 02a2 0A       		.byte	0xa
 439 02a3 3D       		.byte	0x3d
 440 02a4 13       		.uleb128 0x13
 441 02a5 59020000 		.4byte	.LASF42
 442 02a9 59020000 		.4byte	.LASF42
 443 02ad 06       		.byte	0x6
 444 02ae 26       		.byte	0x26
 445 02af 00       		.byte	0
 446              		.section	.debug_abbrev,"",%progbits
 447              	.Ldebug_abbrev0:
 448 0000 01       		.uleb128 0x1
 449 0001 11       		.uleb128 0x11
 450 0002 01       		.byte	0x1
 451 0003 25       		.uleb128 0x25
 452 0004 0E       		.uleb128 0xe
 453 0005 13       		.uleb128 0x13
 454 0006 0B       		.uleb128 0xb
 455 0007 03       		.uleb128 0x3
 456 0008 0E       		.uleb128 0xe
 457 0009 1B       		.uleb128 0x1b
 458 000a 0E       		.uleb128 0xe
 459 000b 55       		.uleb128 0x55
 460 000c 17       		.uleb128 0x17
 461 000d 11       		.uleb128 0x11
 462 000e 01       		.uleb128 0x1
 463 000f 10       		.uleb128 0x10
 464 0010 17       		.uleb128 0x17
ARM GAS  C:\Users\oscar\AppData\Local\Temp\cc4gYu0A.s 			page 10


 465 0011 00       		.byte	0
 466 0012 00       		.byte	0
 467 0013 02       		.uleb128 0x2
 468 0014 24       		.uleb128 0x24
 469 0015 00       		.byte	0
 470 0016 0B       		.uleb128 0xb
 471 0017 0B       		.uleb128 0xb
 472 0018 3E       		.uleb128 0x3e
 473 0019 0B       		.uleb128 0xb
 474 001a 03       		.uleb128 0x3
 475 001b 0E       		.uleb128 0xe
 476 001c 00       		.byte	0
 477 001d 00       		.byte	0
 478 001e 03       		.uleb128 0x3
 479 001f 16       		.uleb128 0x16
 480 0020 00       		.byte	0
 481 0021 03       		.uleb128 0x3
 482 0022 0E       		.uleb128 0xe
 483 0023 3A       		.uleb128 0x3a
 484 0024 0B       		.uleb128 0xb
 485 0025 3B       		.uleb128 0x3b
 486 0026 0B       		.uleb128 0xb
 487 0027 49       		.uleb128 0x49
 488 0028 13       		.uleb128 0x13
 489 0029 00       		.byte	0
 490 002a 00       		.byte	0
 491 002b 04       		.uleb128 0x4
 492 002c 24       		.uleb128 0x24
 493 002d 00       		.byte	0
 494 002e 0B       		.uleb128 0xb
 495 002f 0B       		.uleb128 0xb
 496 0030 3E       		.uleb128 0x3e
 497 0031 0B       		.uleb128 0xb
 498 0032 03       		.uleb128 0x3
 499 0033 08       		.uleb128 0x8
 500 0034 00       		.byte	0
 501 0035 00       		.byte	0
 502 0036 05       		.uleb128 0x5
 503 0037 16       		.uleb128 0x16
 504 0038 00       		.byte	0
 505 0039 03       		.uleb128 0x3
 506 003a 0E       		.uleb128 0xe
 507 003b 3A       		.uleb128 0x3a
 508 003c 0B       		.uleb128 0xb
 509 003d 3B       		.uleb128 0x3b
 510 003e 05       		.uleb128 0x5
 511 003f 49       		.uleb128 0x49
 512 0040 13       		.uleb128 0x13
 513 0041 00       		.byte	0
 514 0042 00       		.byte	0
 515 0043 06       		.uleb128 0x6
 516 0044 04       		.uleb128 0x4
 517 0045 01       		.byte	0x1
 518 0046 0B       		.uleb128 0xb
 519 0047 0B       		.uleb128 0xb
 520 0048 49       		.uleb128 0x49
 521 0049 13       		.uleb128 0x13
ARM GAS  C:\Users\oscar\AppData\Local\Temp\cc4gYu0A.s 			page 11


 522 004a 3A       		.uleb128 0x3a
 523 004b 0B       		.uleb128 0xb
 524 004c 3B       		.uleb128 0x3b
 525 004d 0B       		.uleb128 0xb
 526 004e 01       		.uleb128 0x1
 527 004f 13       		.uleb128 0x13
 528 0050 00       		.byte	0
 529 0051 00       		.byte	0
 530 0052 07       		.uleb128 0x7
 531 0053 28       		.uleb128 0x28
 532 0054 00       		.byte	0
 533 0055 03       		.uleb128 0x3
 534 0056 0E       		.uleb128 0xe
 535 0057 1C       		.uleb128 0x1c
 536 0058 0B       		.uleb128 0xb
 537 0059 00       		.byte	0
 538 005a 00       		.byte	0
 539 005b 08       		.uleb128 0x8
 540 005c 2E       		.uleb128 0x2e
 541 005d 01       		.byte	0x1
 542 005e 3F       		.uleb128 0x3f
 543 005f 19       		.uleb128 0x19
 544 0060 03       		.uleb128 0x3
 545 0061 0E       		.uleb128 0xe
 546 0062 3A       		.uleb128 0x3a
 547 0063 0B       		.uleb128 0xb
 548 0064 3B       		.uleb128 0x3b
 549 0065 0B       		.uleb128 0xb
 550 0066 27       		.uleb128 0x27
 551 0067 19       		.uleb128 0x19
 552 0068 49       		.uleb128 0x49
 553 0069 13       		.uleb128 0x13
 554 006a 8701     		.uleb128 0x87
 555 006c 19       		.uleb128 0x19
 556 006d 11       		.uleb128 0x11
 557 006e 01       		.uleb128 0x1
 558 006f 12       		.uleb128 0x12
 559 0070 06       		.uleb128 0x6
 560 0071 40       		.uleb128 0x40
 561 0072 18       		.uleb128 0x18
 562 0073 9742     		.uleb128 0x2117
 563 0075 19       		.uleb128 0x19
 564 0076 01       		.uleb128 0x1
 565 0077 13       		.uleb128 0x13
 566 0078 00       		.byte	0
 567 0079 00       		.byte	0
 568 007a 09       		.uleb128 0x9
 569 007b 34       		.uleb128 0x34
 570 007c 00       		.byte	0
 571 007d 03       		.uleb128 0x3
 572 007e 0E       		.uleb128 0xe
 573 007f 3A       		.uleb128 0x3a
 574 0080 0B       		.uleb128 0xb
 575 0081 3B       		.uleb128 0x3b
 576 0082 0B       		.uleb128 0xb
 577 0083 49       		.uleb128 0x49
 578 0084 13       		.uleb128 0x13
ARM GAS  C:\Users\oscar\AppData\Local\Temp\cc4gYu0A.s 			page 12


 579 0085 02       		.uleb128 0x2
 580 0086 18       		.uleb128 0x18
 581 0087 00       		.byte	0
 582 0088 00       		.byte	0
 583 0089 0A       		.uleb128 0xa
 584 008a 898201   		.uleb128 0x4109
 585 008d 00       		.byte	0
 586 008e 11       		.uleb128 0x11
 587 008f 01       		.uleb128 0x1
 588 0090 31       		.uleb128 0x31
 589 0091 13       		.uleb128 0x13
 590 0092 00       		.byte	0
 591 0093 00       		.byte	0
 592 0094 0B       		.uleb128 0xb
 593 0095 898201   		.uleb128 0x4109
 594 0098 01       		.byte	0x1
 595 0099 11       		.uleb128 0x11
 596 009a 01       		.uleb128 0x1
 597 009b 31       		.uleb128 0x31
 598 009c 13       		.uleb128 0x13
 599 009d 00       		.byte	0
 600 009e 00       		.byte	0
 601 009f 0C       		.uleb128 0xc
 602 00a0 8A8201   		.uleb128 0x410a
 603 00a3 00       		.byte	0
 604 00a4 02       		.uleb128 0x2
 605 00a5 18       		.uleb128 0x18
 606 00a6 9142     		.uleb128 0x2111
 607 00a8 18       		.uleb128 0x18
 608 00a9 00       		.byte	0
 609 00aa 00       		.byte	0
 610 00ab 0D       		.uleb128 0xd
 611 00ac 34       		.uleb128 0x34
 612 00ad 00       		.byte	0
 613 00ae 03       		.uleb128 0x3
 614 00af 0E       		.uleb128 0xe
 615 00b0 3A       		.uleb128 0x3a
 616 00b1 0B       		.uleb128 0xb
 617 00b2 3B       		.uleb128 0x3b
 618 00b3 05       		.uleb128 0x5
 619 00b4 49       		.uleb128 0x49
 620 00b5 13       		.uleb128 0x13
 621 00b6 3F       		.uleb128 0x3f
 622 00b7 19       		.uleb128 0x19
 623 00b8 3C       		.uleb128 0x3c
 624 00b9 19       		.uleb128 0x19
 625 00ba 00       		.byte	0
 626 00bb 00       		.byte	0
 627 00bc 0E       		.uleb128 0xe
 628 00bd 35       		.uleb128 0x35
 629 00be 00       		.byte	0
 630 00bf 49       		.uleb128 0x49
 631 00c0 13       		.uleb128 0x13
 632 00c1 00       		.byte	0
 633 00c2 00       		.byte	0
 634 00c3 0F       		.uleb128 0xf
 635 00c4 34       		.uleb128 0x34
ARM GAS  C:\Users\oscar\AppData\Local\Temp\cc4gYu0A.s 			page 13


 636 00c5 00       		.byte	0
 637 00c6 03       		.uleb128 0x3
 638 00c7 0E       		.uleb128 0xe
 639 00c8 3A       		.uleb128 0x3a
 640 00c9 0B       		.uleb128 0xb
 641 00ca 3B       		.uleb128 0x3b
 642 00cb 0B       		.uleb128 0xb
 643 00cc 49       		.uleb128 0x49
 644 00cd 13       		.uleb128 0x13
 645 00ce 3F       		.uleb128 0x3f
 646 00cf 19       		.uleb128 0x19
 647 00d0 02       		.uleb128 0x2
 648 00d1 18       		.uleb128 0x18
 649 00d2 00       		.byte	0
 650 00d3 00       		.byte	0
 651 00d4 10       		.uleb128 0x10
 652 00d5 01       		.uleb128 0x1
 653 00d6 01       		.byte	0x1
 654 00d7 49       		.uleb128 0x49
 655 00d8 13       		.uleb128 0x13
 656 00d9 01       		.uleb128 0x1
 657 00da 13       		.uleb128 0x13
 658 00db 00       		.byte	0
 659 00dc 00       		.byte	0
 660 00dd 11       		.uleb128 0x11
 661 00de 21       		.uleb128 0x21
 662 00df 00       		.byte	0
 663 00e0 49       		.uleb128 0x49
 664 00e1 13       		.uleb128 0x13
 665 00e2 2F       		.uleb128 0x2f
 666 00e3 0B       		.uleb128 0xb
 667 00e4 00       		.byte	0
 668 00e5 00       		.byte	0
 669 00e6 12       		.uleb128 0x12
 670 00e7 21       		.uleb128 0x21
 671 00e8 00       		.byte	0
 672 00e9 49       		.uleb128 0x49
 673 00ea 13       		.uleb128 0x13
 674 00eb 2F       		.uleb128 0x2f
 675 00ec 05       		.uleb128 0x5
 676 00ed 00       		.byte	0
 677 00ee 00       		.byte	0
 678 00ef 13       		.uleb128 0x13
 679 00f0 2E       		.uleb128 0x2e
 680 00f1 00       		.byte	0
 681 00f2 3F       		.uleb128 0x3f
 682 00f3 19       		.uleb128 0x19
 683 00f4 3C       		.uleb128 0x3c
 684 00f5 19       		.uleb128 0x19
 685 00f6 6E       		.uleb128 0x6e
 686 00f7 0E       		.uleb128 0xe
 687 00f8 03       		.uleb128 0x3
 688 00f9 0E       		.uleb128 0xe
 689 00fa 3A       		.uleb128 0x3a
 690 00fb 0B       		.uleb128 0xb
 691 00fc 3B       		.uleb128 0x3b
 692 00fd 0B       		.uleb128 0xb
ARM GAS  C:\Users\oscar\AppData\Local\Temp\cc4gYu0A.s 			page 14


 693 00fe 00       		.byte	0
 694 00ff 00       		.byte	0
 695 0100 00       		.byte	0
 696              		.section	.debug_aranges,"",%progbits
 697 0000 1C000000 		.4byte	0x1c
 698 0004 0200     		.2byte	0x2
 699 0006 00000000 		.4byte	.Ldebug_info0
 700 000a 04       		.byte	0x4
 701 000b 00       		.byte	0
 702 000c 0000     		.2byte	0
 703 000e 0000     		.2byte	0
 704 0010 00000000 		.4byte	.LFB63
 705 0014 3A000000 		.4byte	.LFE63-.LFB63
 706 0018 00000000 		.4byte	0
 707 001c 00000000 		.4byte	0
 708              		.section	.debug_ranges,"",%progbits
 709              	.Ldebug_ranges0:
 710 0000 00000000 		.4byte	.LFB63
 711 0004 3A000000 		.4byte	.LFE63
 712 0008 00000000 		.4byte	0
 713 000c 00000000 		.4byte	0
 714              		.section	.debug_line,"",%progbits
 715              	.Ldebug_line0:
 716 0000 0A020000 		.section	.debug_str,"MS",%progbits,1
 716      0200E501 
 716      00000201 
 716      FB0E0D00 
 716      01010101 
 717              	.LASF19:
 718 0000 74727565 		.ascii	"true\000"
 718      00
 719              	.LASF34:
 720 0005 55415254 		.ascii	"UART_1_Start\000"
 720      5F315F53 
 720      74617274 
 720      00
 721              	.LASF21:
 722 0012 69734944 		.ascii	"isIDLE\000"
 722      4C4500
 723              	.LASF27:
 724 0019 444D415F 		.ascii	"DMA_ADC_TD\000"
 724      4144435F 
 724      544400
 725              	.LASF9:
 726 0024 5F5F696E 		.ascii	"__int32_t\000"
 726      7433325F 
 726      7400
 727              	.LASF32:
 728 002e 55415254 		.ascii	"UARTRX_o_Flag\000"
 728      52585F6F 
 728      5F466C61 
 728      6700
 729              	.LASF36:
 730 003c 57617665 		.ascii	"WaveDAC8_1_Start\000"
 730      44414338 
 730      5F315F53 
 730      74617274 
ARM GAS  C:\Users\oscar\AppData\Local\Temp\cc4gYu0A.s 			page 15


 730      00
 731              	.LASF45:
 732 004d 443A5C53 		.ascii	"D:\\Semester\\SecondSemester\\SDHD\\thirdpart\\Soft"
 732      656D6573 
 732      7465725C 
 732      5365636F 
 732      6E645365 
 733 007b 77617265 		.ascii	"wareSDHD.cywrk.Archive01\\SoftwareSDHD\\OAguilar_76"
 733      53444844 
 733      2E637977 
 733      726B2E41 
 733      72636869 
 734 00ac 36343638 		.ascii	"6468_SoftwareDevelopmentAssignment.cydsn\000"
 734      5F536F66 
 734      74776172 
 734      65446576 
 734      656C6F70 
 735              	.LASF20:
 736 00d5 626F6F6C 		.ascii	"bool_t\000"
 736      5F7400
 737              	.LASF18:
 738 00dc 66616C73 		.ascii	"false\000"
 738      6500
 739              	.LASF10:
 740 00e2 696E7433 		.ascii	"int32_t\000"
 740      325F7400 
 741              	.LASF47:
 742 00ea 73746174 		.ascii	"state\000"
 742      6500
 743              	.LASF37:
 744 00f0 42757474 		.ascii	"Button_Init\000"
 744      6F6E5F49 
 744      6E697400 
 745              	.LASF13:
 746 00fc 666C6F61 		.ascii	"float\000"
 746      7400
 747              	.LASF31:
 748 0102 55415254 		.ascii	"UARTRX_s_Flag\000"
 748      52585F73 
 748      5F466C61 
 748      6700
 749              	.LASF39:
 750 0110 55415254 		.ascii	"UARTRX_ISR_Init\000"
 750      52585F49 
 750      53525F49 
 750      6E697400 
 751              	.LASF43:
 752 0120 474E5520 		.ascii	"GNU C11 5.4.1 20160609 (release) [ARM/embedded-5-br"
 752      43313120 
 752      352E342E 
 752      31203230 
 752      31363036 
 753 0153 616E6368 		.ascii	"anch revision 237715] -mcpu=cortex-m3 -mthumb -g -O"
 753      20726576 
 753      6973696F 
 753      6E203233 
 753      37373135 
ARM GAS  C:\Users\oscar\AppData\Local\Temp\cc4gYu0A.s 			page 16


 754 0186 67202D66 		.ascii	"g -ffunction-sections -ffat-lto-objects\000"
 754      66756E63 
 754      74696F6E 
 754      2D736563 
 754      74696F6E 
 755              	.LASF5:
 756 01ae 6C6F6E67 		.ascii	"long unsigned int\000"
 756      20756E73 
 756      69676E65 
 756      6420696E 
 756      7400
 757              	.LASF3:
 758 01c0 73686F72 		.ascii	"short unsigned int\000"
 758      7420756E 
 758      7369676E 
 758      65642069 
 758      6E7400
 759              	.LASF23:
 760 01d3 69735345 		.ascii	"isSENDING\000"
 760      4E44494E 
 760      4700
 761              	.LASF25:
 762 01dd 49544D5F 		.ascii	"ITM_RxBuffer\000"
 762      52784275 
 762      66666572 
 762      00
 763              	.LASF1:
 764 01ea 756E7369 		.ascii	"unsigned char\000"
 764      676E6564 
 764      20636861 
 764      7200
 765              	.LASF24:
 766 01f8 53746174 		.ascii	"State_t\000"
 766      655F7400 
 767              	.LASF33:
 768 0200 444D415F 		.ascii	"DMA_Config\000"
 768      436F6E66 
 768      696700
 769              	.LASF46:
 770 020b 6D61696E 		.ascii	"main\000"
 770      00
 771              	.LASF12:
 772 0210 75696E74 		.ascii	"uint16\000"
 772      313600
 773              	.LASF35:
 774 0217 4144435F 		.ascii	"ADC_DelSig_1_Start\000"
 774      44656C53 
 774      69675F31 
 774      5F537461 
 774      727400
 775              	.LASF8:
 776 022a 756E7369 		.ascii	"unsigned int\000"
 776      676E6564 
 776      20696E74 
 776      00
 777              	.LASF30:
 778 0237 62757474 		.ascii	"buttonFlag\000"
ARM GAS  C:\Users\oscar\AppData\Local\Temp\cc4gYu0A.s 			page 17


 778      6F6E466C 
 778      616700
 779              	.LASF7:
 780 0242 6C6F6E67 		.ascii	"long long unsigned int\000"
 780      206C6F6E 
 780      6720756E 
 780      7369676E 
 780      65642069 
 781              	.LASF42:
 782 0259 72756E46 		.ascii	"runFSM\000"
 782      534D00
 783              	.LASF17:
 784 0260 73697A65 		.ascii	"sizetype\000"
 784      74797065 
 784      00
 785              	.LASF6:
 786 0269 6C6F6E67 		.ascii	"long long int\000"
 786      206C6F6E 
 786      6720696E 
 786      7400
 787              	.LASF40:
 788 0277 4C45445F 		.ascii	"LED_INIT\000"
 788      494E4954 
 788      00
 789              	.LASF44:
 790 0280 736F7572 		.ascii	"source\\asw\\main.c\000"
 790      63655C61 
 790      73775C6D 
 790      61696E2E 
 790      6300
 791              	.LASF15:
 792 0292 63686172 		.ascii	"char\000"
 792      00
 793              	.LASF28:
 794 0297 444D4141 		.ascii	"DMAArray\000"
 794      72726179 
 794      00
 795              	.LASF26:
 796 02a0 444D415F 		.ascii	"DMA_ADC_Chan\000"
 796      4144435F 
 796      4368616E 
 796      00
 797              	.LASF2:
 798 02ad 73686F72 		.ascii	"short int\000"
 798      7420696E 
 798      7400
 799              	.LASF11:
 800 02b7 75696E74 		.ascii	"uint8\000"
 800      3800
 801              	.LASF4:
 802 02bd 6C6F6E67 		.ascii	"long int\000"
 802      20696E74 
 802      00
 803              	.LASF41:
 804 02c6 4144435F 		.ascii	"ADC_DelSig_1_StartConvert\000"
 804      44656C53 
 804      69675F31 
ARM GAS  C:\Users\oscar\AppData\Local\Temp\cc4gYu0A.s 			page 18


 804      5F537461 
 804      7274436F 
 805              	.LASF16:
 806 02e0 6C6F6E67 		.ascii	"long double\000"
 806      20646F75 
 806      626C6500 
 807              	.LASF0:
 808 02ec 7369676E 		.ascii	"signed char\000"
 808      65642063 
 808      68617200 
 809              	.LASF14:
 810 02f8 646F7562 		.ascii	"double\000"
 810      6C6500
 811              	.LASF29:
 812 02ff 444D415F 		.ascii	"DMA_isr_Flag\000"
 812      6973725F 
 812      466C6167 
 812      00
 813              	.LASF38:
 814 030c 444D415F 		.ascii	"DMA_ISR_Init\000"
 814      4953525F 
 814      496E6974 
 814      00
 815              	.LASF22:
 816 0319 69734D45 		.ascii	"isMEASURING\000"
 816      41535552 
 816      494E4700 
 817              		.ident	"GCC: (GNU Tools for ARM Embedded Processors) 5.4.1 20160609 (release) [ARM/embedded-5-bran
