--------------- Build Started: 07/11/2020 20:23:44 Project: OAguilar_766468_SoftwareDevelopmentAssignment, Configuration: ARM GCC 5.4-2016-q2-update Debug ---------------
cydsfit.exe -.appdatapath "C:\Users\oscar\AppData\Local\Cypress Semiconductor\PSoC Creator\4.2" -.fdsnotice -.fdswarpdepfile=warp_dependencies.txt -.fdselabdepfile=elab_dependencies.txt -.fdsbldfile=generated_files.txt -.fdsreffile=referenced_files.txt -p D:\Semester\SecondSemester\SDHD\thirdpart\OscarAguilar_766468_BandpassTestAssignment\SoftwareSDHD.cywrk.Archive01\SoftwareSDHD\OAguilar_766468_SoftwareDevelopmentAssignment.cydsn\OAguilar_766468_SoftwareDevelopmentAssignment.cyprj -d CY8C5888AXI-LP096 -s D:\Semester\SecondSemester\SDHD\thirdpart\OscarAguilar_766468_BandpassTestAssignment\SoftwareSDHD.cywrk.Archive01\SoftwareSDHD\OAguilar_766468_SoftwareDevelopmentAssignment.cydsn\Generated_Source\PSoC5 -- -yv2 -q10 -ygs -o2 -v3 -.fftcfgtype=LE
Elaborating Design...
HDL Generation...
Synthesis...
Tech Mapping...
Analog Placement...
Info: apr.M0002: Analog signal "\ADC_DelSig_1:Net_35\" is connected to one terminal only. (App=cydsfit)
Log: apr.M0058: The analog placement iterative improvement is 65% done. (App=cydsfit)
Analog Routing...
Analog Code Generation...
Digital Placement...
Digital Routing...
Bitstream Generation...
Bitstream Verification...
Static timing analysis...
API Generation...
Dependency Generation...
Cleanup...
The compile step is up to date, no work needs to be done.
arm-none-eabi-ar.exe -rs .\CortexM3\ARM_GCC_541\Debug\OAguilar_766468_SoftwareDevelopmentAssignment.a .\CortexM3\ARM_GCC_541\Debug\cy_em_eeprom.o .\CortexM3\ARM_GCC_541\Debug\CyDmac.o .\CortexM3\ARM_GCC_541\Debug\CyFlash.o .\CortexM3\ARM_GCC_541\Debug\CyLib.o .\CortexM3\ARM_GCC_541\Debug\cyPm.o .\CortexM3\ARM_GCC_541\Debug\CySpc.o .\CortexM3\ARM_GCC_541\Debug\cyutils.o .\CortexM3\ARM_GCC_541\Debug\PushB.o .\CortexM3\ARM_GCC_541\Debug\LED_green.o .\CortexM3\ARM_GCC_541\Debug\LED_yellow.o .\CortexM3\ARM_GCC_541\Debug\LED_red.o .\CortexM3\ARM_GCC_541\Debug\isr_Button.o .\CortexM3\ARM_GCC_541\Debug\UART_1.o .\CortexM3\ARM_GCC_541\Debug\UART_1_PM.o .\CortexM3\ARM_GCC_541\Debug\UART_1_INT.o .\CortexM3\ARM_GCC_541\Debug\UART_1_BOOT.o .\CortexM3\ARM_GCC_541\Debug\ADC_DelSig_1.o .\CortexM3\ARM_GCC_541\Debug\ADC_DelSig_1_PM.o .\CortexM3\ARM_GCC_541\Debug\ADC_DelSig_1_INT.o .\CortexM3\ARM_GCC_541\Debug\ADC_IN.o .\CortexM3\ARM_GCC_541\Debug\WaveDAC8_1.o .\CortexM3\ARM_GCC_541\Debug\WaveDAC8_1_PM.o .\CortexM3\ARM_GCC_541\Debug\DAC_OUT.o .\CortexM3\ARM_GCC_541\Debug\UART_1_IntClock.o .\CortexM3\ARM_GCC_541\Debug\ADC_DelSig_1_AMux.o .\CortexM3\ARM_GCC_541\Debug\ADC_DelSig_1_Ext_CP_Clk.o .\CortexM3\ARM_GCC_541\Debug\ADC_DelSig_1_IRQ.o .\CortexM3\ARM_GCC_541\Debug\ADC_DelSig_1_theACLK.o .\CortexM3\ARM_GCC_541\Debug\WaveDAC8_1_DacClk.o .\CortexM3\ARM_GCC_541\Debug\WaveDAC8_1_Wave1_DMA_dma.o .\CortexM3\ARM_GCC_541\Debug\WaveDAC8_1_Wave2_DMA_dma.o .\CortexM3\ARM_GCC_541\Debug\WaveDAC8_1_VDAC8.o .\CortexM3\ARM_GCC_541\Debug\WaveDAC8_1_VDAC8_PM.o .\CortexM3\ARM_GCC_541\Debug\Clock_1.o .\CortexM3\ARM_GCC_541\Debug\WaveDAC8_1_BuffAmp.o .\CortexM3\ARM_GCC_541\Debug\WaveDAC8_1_BuffAmp_PM.o .\CortexM3\ARM_GCC_541\Debug\DMA_ADC_dma.o .\CortexM3\ARM_GCC_541\Debug\isr_DMA.o .\CortexM3\ARM_GCC_541\Debug\isr_UARTRX.o .\CortexM3\ARM_GCC_541\Debug\CyBootAsmGnu.o
arm-none-eabi-ar.exe: creating .\CortexM3\ARM_GCC_541\Debug\OAguilar_766468_SoftwareDevelopmentAssignment.a
arm-none-eabi-gcc.exe -Wl,--start-group -o D:\Semester\SecondSemester\SDHD\thirdpart\OscarAguilar_766468_BandpassTestAssignment\SoftwareSDHD.cywrk.Archive01\SoftwareSDHD\OAguilar_766468_SoftwareDevelopmentAssignment.cydsn\CortexM3\ARM_GCC_541\Debug\OAguilar_766468_SoftwareDevelopmentAssignment.elf .\CortexM3\ARM_GCC_541\Debug\main.o .\CortexM3\ARM_GCC_541\Debug\FSM.o .\CortexM3\ARM_GCC_541\Debug\DMA.o .\CortexM3\ARM_GCC_541\Debug\Button.o .\CortexM3\ARM_GCC_541\Debug\LEDS.o .\CortexM3\ARM_GCC_541\Debug\UART.o .\CortexM3\ARM_GCC_541\Debug\cyfitter_cfg.o .\CortexM3\ARM_GCC_541\Debug\cymetadata.o .\CortexM3\ARM_GCC_541\Debug\Cm3Start.o .\CortexM3\ARM_GCC_541\Debug\OAguilar_766468_SoftwareDevelopmentAssignment.a "C:\Program Files (x86)\Cypress\PSoC Creator\4.2\PSoC Creator\psoc\content\cycomponentlibrary\CyComponentLibrary.cylib\CortexM3\ARM_GCC_541\Debug\CyComponentLibrary.a" -mcpu=cortex-m3 -mthumb -L Generated_Source\PSoC5 -Wl,-Map,.\CortexM3\ARM_GCC_541\Debug/OAguilar_766468_SoftwareDevelopmentAssignment.map -T Generated_Source\PSoC5\cm3gcc.ld -specs=nano.specs -Wl,--gc-sections -g -ffunction-sections -Og -ffat-lto-objects -Wl,--end-group
cyelftool.exe -C D:\Semester\SecondSemester\SDHD\thirdpart\OscarAguilar_766468_BandpassTestAssignment\SoftwareSDHD.cywrk.Archive01\SoftwareSDHD\OAguilar_766468_SoftwareDevelopmentAssignment.cydsn\CortexM3\ARM_GCC_541\Debug\OAguilar_766468_SoftwareDevelopmentAssignment.elf --flash_row_size 256 --flash_size 262144 --flash_offset 0x00000000
No ELF section .cychecksum found, creating one
Application checksum calculated and stored in ELF section .cychecksum
Checksum calculated and stored in ELF section .cymeta
cyelftool.exe -S D:\Semester\SecondSemester\SDHD\thirdpart\OscarAguilar_766468_BandpassTestAssignment\SoftwareSDHD.cywrk.Archive01\SoftwareSDHD\OAguilar_766468_SoftwareDevelopmentAssignment.cydsn\CortexM3\ARM_GCC_541\Debug\OAguilar_766468_SoftwareDevelopmentAssignment.elf
Flash used: 8214 of 262144 bytes (3.1%).
SRAM used: 6673 of 65536 bytes (10.2%). Stack: 2048 bytes. Heap: 128 bytes.
--------------- Build Succeeded: 07/11/2020 20:23:55 ---------------
